{"D:\\Brashline\\brashline-social-engine-88057\\src\\components\\SEO\\BreadcrumbsJsonLd.tsx": {"path":"D:\\Brashline\\brashline-social-engine-88057\\src\\components\\SEO\\BreadcrumbsJsonLd.tsx","statementMap":{"0":{"start":{"line":16,"column":33},"end":{"line":49,"column":null}},"1":{"start":{"line":17,"column":8},"end":{"line":17,"column":null}},"2":{"start":{"line":18,"column":16},"end":{"line":18,"column":null}},"3":{"start":{"line":21,"column":26},"end":{"line":34,"column":null}},"4":{"start":{"line":28,"column":33},"end":{"line":33,"column":null}},"5":{"start":{"line":31,"column":60},"end":{"line":31,"column":null}},"6":{"start":{"line":36,"column":2},"end":{"line":36,"column":null}},"7":{"start":{"line":36,"column":26},"end":{"line":36,"column":null}},"8":{"start":{"line":38,"column":17},"end":{"line":42,"column":null}}},"fnMap":{"0":{"name":"(anonymous_0)","decl":{"start":{"line":16,"column":33},"end":{"line":16,"column":null}},"loc":{"start":{"line":16,"column":33},"end":{"line":49,"column":null}},"line":16},"1":{"name":"(anonymous_1)","decl":{"start":{"line":28,"column":17},"end":{"line":28,"column":18}},"loc":{"start":{"line":28,"column":33},"end":{"line":33,"column":null}},"line":28},"2":{"name":"(anonymous_2)","decl":{"start":{"line":31,"column":53},"end":{"line":31,"column":54}},"loc":{"start":{"line":31,"column":60},"end":{"line":31,"column":null}},"line":31}},"branchMap":{"0":{"loc":{"start":{"line":36,"column":2},"end":{"line":36,"column":null}},"type":"if","locations":[{"start":{"line":36,"column":2},"end":{"line":36,"column":null}},{"start":{},"end":{}}],"line":36}},"s":{"0":2,"1":9,"2":9,"3":9,"4":0,"5":0,"6":9,"7":9,"8":0},"f":{"0":9,"1":0,"2":0},"b":{"0":[9,0]},"meta":{"lastBranch":1,"lastFunction":3,"lastStatement":9,"seen":{"s:16:33:49:Infinity":0,"f:16:33:16:Infinity":0,"s:17:8:17:Infinity":1,"s:18:16:18:Infinity":2,"s:21:26:34:Infinity":3,"f:28:17:28:18":1,"s:28:33:33:Infinity":4,"f:31:53:31:54":2,"s:31:60:31:Infinity":5,"b:36:2:36:Infinity:undefined:undefined:undefined:undefined":0,"s:36:2:36:Infinity":6,"s:36:26:36:Infinity":7,"s:38:17:42:Infinity":8}}}
,"D:\\Brashline\\brashline-social-engine-88057\\src\\components\\SEO\\ReviewSchema.tsx": {"path":"D:\\Brashline\\brashline-social-engine-88057\\src\\components\\SEO\\ReviewSchema.tsx","statementMap":{"0":{"start":{"line":22,"column":28},"end":{"line":121,"column":null}},"1":{"start":{"line":23,"column":32},"end":{"line":23,"column":null}},"2":{"start":{"line":26,"column":35},"end":{"line":55,"column":null}},"3":{"start":{"line":57,"column":21},"end":{"line":57,"column":null}},"4":{"start":{"line":60,"column":22},"end":{"line":60,"column":null}},"5":{"start":{"line":60,"column":57},"end":{"line":60,"column":76}},"6":{"start":{"line":61,"column":20},"end":{"line":61,"column":null}},"7":{"start":{"line":64,"column":24},"end":{"line":92,"column":null}},"8":{"start":{"line":64,"column":52},"end":{"line":92,"column":null}},"9":{"start":{"line":95,"column":32},"end":{"line":106,"column":null}}},"fnMap":{"0":{"name":"(anonymous_0)","decl":{"start":{"line":22,"column":28},"end":{"line":22,"column":29}},"loc":{"start":{"line":22,"column":59},"end":{"line":121,"column":null}},"line":22},"1":{"name":"(anonymous_1)","decl":{"start":{"line":60,"column":40},"end":{"line":60,"column":41}},"loc":{"start":{"line":60,"column":57},"end":{"line":60,"column":76}},"line":60},"2":{"name":"(anonymous_2)","decl":{"start":{"line":64,"column":39},"end":{"line":64,"column":40}},"loc":{"start":{"line":64,"column":52},"end":{"line":92,"column":null}},"line":64}},"branchMap":{"0":{"loc":{"start":{"line":57,"column":21},"end":{"line":57,"column":null}},"type":"binary-expr","locations":[{"start":{"line":57,"column":21},"end":{"line":57,"column":32}},{"start":{"line":57,"column":32},"end":{"line":57,"column":null}}],"line":57}},"s":{"0":1,"1":1,"2":1,"3":1,"4":1,"5":4,"6":1,"7":1,"8":4,"9":1},"f":{"0":1,"1":4,"2":4},"b":{"0":[1,1]},"meta":{"lastBranch":1,"lastFunction":3,"lastStatement":10,"seen":{"s:22:28:121:Infinity":0,"f:22:28:22:29":0,"s:23:32:23:Infinity":1,"s:26:35:55:Infinity":2,"s:57:21:57:Infinity":3,"b:57:21:57:32:57:32:57:Infinity":0,"s:60:22:60:Infinity":4,"f:60:40:60:41":1,"s:60:57:60:76":5,"s:61:20:61:Infinity":6,"s:64:24:92:Infinity":7,"f:64:39:64:40":2,"s:64:52:92:Infinity":8,"s:95:32:106:Infinity":9}}}
,"D:\\Brashline\\brashline-social-engine-88057\\src\\components\\features\\ServiceCard.tsx": {"path":"D:\\Brashline\\brashline-social-engine-88057\\src\\components\\features\\ServiceCard.tsx","statementMap":{"0":{"start":{"line":24,"column":13},"end":{"line":54,"column":null}},"1":{"start":{"line":26,"column":17},"end":{"line":26,"column":29}},"2":{"start":{"line":48,"column":4},"end":{"line":52,"column":null}},"3":{"start":{"line":57,"column":0},"end":{"line":57,"column":null}}},"fnMap":{"0":{"name":"(anonymous_0)","decl":{"start":{"line":25,"column":2},"end":{"line":25,"column":3}},"loc":{"start":{"line":25,"column":50},"end":{"line":45,"column":null}},"line":25},"1":{"name":"(anonymous_1)","decl":{"start":{"line":46,"column":2},"end":{"line":46,"column":3}},"loc":{"start":{"line":46,"column":14},"end":{"line":54,"column":null}},"line":46}},"branchMap":{"0":{"loc":{"start":{"line":32,"column":10},"end":{"line":32,"column":null}},"type":"cond-expr","locations":[{"start":{"line":32,"column":22},"end":{"line":32,"column":52}},{"start":{"line":32,"column":52},"end":{"line":32,"column":null}}],"line":32},"1":{"loc":{"start":{"line":49,"column":6},"end":{"line":52,"column":69}},"type":"binary-expr","locations":[{"start":{"line":49,"column":6},"end":{"line":49,"column":51}},{"start":{"line":50,"column":6},"end":{"line":50,"column":49}},{"start":{"line":51,"column":6},"end":{"line":51,"column":57}},{"start":{"line":52,"column":6},"end":{"line":52,"column":69}}],"line":49}},"s":{"0":1,"1":9,"2":0,"3":1},"f":{"0":9,"1":0},"b":{"0":[0,9],"1":[0,0,0,0]},"meta":{"lastBranch":2,"lastFunction":2,"lastStatement":4,"seen":{"s:24:13:54:Infinity":0,"f:25:2:25:3":0,"s:26:17:26:29":1,"b:32:22:32:52:32:52:32:Infinity":0,"f:46:2:46:3":1,"s:48:4:52:Infinity":2,"b:49:6:49:51:50:6:50:49:51:6:51:57:52:6:52:69":1,"s:57:0:57:Infinity":3}}}
,"D:\\Brashline\\brashline-social-engine-88057\\src\\components\\forms\\ContactForm.tsx": {"path":"D:\\Brashline\\brashline-social-engine-88057\\src\\components\\forms\\ContactForm.tsx","statementMap":{"0":{"start":{"line":20,"column":22},"end":{"line":44,"column":null}},"1":{"start":{"line":53,"column":27},"end":{"line":249,"column":null}},"2":{"start":{"line":54,"column":17},"end":{"line":54,"column":null}},"3":{"start":{"line":55,"column":39},"end":{"line":55,"column":null}},"4":{"start":{"line":64,"column":3},"end":{"line":73,"column":null}},"5":{"start":{"line":75,"column":22},"end":{"line":75,"column":null}},"6":{"start":{"line":77,"column":19},"end":{"line":124,"column":null}},"7":{"start":{"line":78,"column":4},"end":{"line":78,"column":null}},"8":{"start":{"line":79,"column":4},"end":{"line":79,"column":null}},"9":{"start":{"line":81,"column":4},"end":{"line":123,"column":null}},"10":{"start":{"line":83,"column":30},"end":{"line":89,"column":null}},"11":{"start":{"line":93,"column":6},"end":{"line":96,"column":null}},"12":{"start":{"line":99,"column":6},"end":{"line":99,"column":null}},"13":{"start":{"line":101,"column":6},"end":{"line":105,"column":null}},"14":{"start":{"line":107,"column":6},"end":{"line":107,"column":null}},"15":{"start":{"line":108,"column":6},"end":{"line":108,"column":null}},"16":{"start":{"line":110,"column":27},"end":{"line":110,"column":null}},"17":{"start":{"line":111,"column":6},"end":{"line":111,"column":null}},"18":{"start":{"line":113,"column":6},"end":{"line":120,"column":null}},"19":{"start":{"line":122,"column":6},"end":{"line":122,"column":null}},"20":{"start":{"line":126,"column":18},"end":{"line":161,"column":null}},"21":{"start":{"line":163,"column":12},"end":{"line":163,"column":25}},"22":{"start":{"line":204,"column":62},"end":{"line":204,"column":null}}},"fnMap":{"0":{"name":"(anonymous_0)","decl":{"start":{"line":53,"column":27},"end":{"line":53,"column":28}},"loc":{"start":{"line":53,"column":65},"end":{"line":249,"column":null}},"line":53},"1":{"name":"(anonymous_1)","decl":{"start":{"line":77,"column":19},"end":{"line":77,"column":26}},"loc":{"start":{"line":77,"column":26},"end":{"line":124,"column":null}},"line":77},"2":{"name":"(anonymous_2)","decl":{"start":{"line":204,"column":51},"end":{"line":204,"column":52}},"loc":{"start":{"line":204,"column":62},"end":{"line":204,"column":null}},"line":204}},"branchMap":{"0":{"loc":{"start":{"line":87,"column":20},"end":{"line":87,"column":49}},"type":"binary-expr","locations":[{"start":{"line":87,"column":20},"end":{"line":87,"column":30}},{"start":{"line":87,"column":34},"end":{"line":87,"column":49}}],"line":87},"1":{"loc":{"start":{"line":102,"column":15},"end":{"line":102,"column":null}},"type":"cond-expr","locations":[{"start":{"line":102,"column":31},"end":{"line":102,"column":49}},{"start":{"line":102,"column":49},"end":{"line":102,"column":null}}],"line":102},"2":{"loc":{"start":{"line":104,"column":10},"end":{"line":104,"column":null}},"type":"cond-expr","locations":[{"start":{"line":104,"column":26},"end":{"line":104,"column":67}},{"start":{"line":104,"column":67},"end":{"line":104,"column":null}}],"line":104},"3":{"loc":{"start":{"line":110,"column":27},"end":{"line":110,"column":null}},"type":"cond-expr","locations":[{"start":{"line":110,"column":52},"end":{"line":110,"column":65}},{"start":{"line":110,"column":68},"end":{"line":110,"column":null}}],"line":110},"4":{"loc":{"start":{"line":114,"column":15},"end":{"line":114,"column":null}},"type":"cond-expr","locations":[{"start":{"line":114,"column":31},"end":{"line":114,"column":41}},{"start":{"line":114,"column":41},"end":{"line":114,"column":null}}],"line":114},"5":{"loc":{"start":{"line":116,"column":10},"end":{"line":118,"column":null}},"type":"cond-expr","locations":[{"start":{"line":117,"column":14},"end":{"line":117,"column":null}},{"start":{"line":118,"column":14},"end":{"line":118,"column":null}}],"line":116},"6":{"loc":{"start":{"line":172,"column":21},"end":{"line":172,"column":null}},"type":"cond-expr","locations":[{"start":{"line":172,"column":35},"end":{"line":172,"column":58}},{"start":{"line":172,"column":58},"end":{"line":172,"column":null}}],"line":172},"7":{"loc":{"start":{"line":184,"column":21},"end":{"line":184,"column":null}},"type":"cond-expr","locations":[{"start":{"line":184,"column":36},"end":{"line":184,"column":59}},{"start":{"line":184,"column":59},"end":{"line":184,"column":null}}],"line":184},"8":{"loc":{"start":{"line":196,"column":21},"end":{"line":196,"column":null}},"type":"cond-expr","locations":[{"start":{"line":196,"column":36},"end":{"line":196,"column":59}},{"start":{"line":196,"column":59},"end":{"line":196,"column":null}}],"line":196},"9":{"loc":{"start":{"line":208,"column":23},"end":{"line":208,"column":null}},"type":"cond-expr","locations":[{"start":{"line":208,"column":44},"end":{"line":208,"column":67}},{"start":{"line":208,"column":67},"end":{"line":208,"column":null}}],"line":208},"10":{"loc":{"start":{"line":230,"column":21},"end":{"line":230,"column":null}},"type":"cond-expr","locations":[{"start":{"line":230,"column":38},"end":{"line":230,"column":61}},{"start":{"line":230,"column":61},"end":{"line":230,"column":null}}],"line":230},"11":{"loc":{"start":{"line":238,"column":9},"end":{"line":244,"column":null}},"type":"cond-expr","locations":[{"start":{"line":238,"column":9},"end":{"line":244,"column":12}},{"start":{"line":244,"column":10},"end":{"line":244,"column":null}}],"line":238}},"s":{"0":3,"1":3,"2":9,"3":9,"4":9,"5":9,"6":9,"7":1,"8":1,"9":1,"10":1,"11":1,"12":1,"13":1,"14":1,"15":1,"16":0,"17":0,"18":0,"19":1,"20":9,"21":9,"22":1},"f":{"0":9,"1":1,"2":1},"b":{"0":[1,0],"1":[1,0],"2":[1,0],"3":[0,0],"4":[0,0],"5":[0,0],"6":[1,8],"7":[1,8],"8":[0,9],"9":[1,8],"10":[1,8],"11":[0,9]},"meta":{"lastBranch":12,"lastFunction":3,"lastStatement":23,"seen":{"s:20:22:44:Infinity":0,"s:53:27:249:Infinity":1,"f:53:27:53:28":0,"s:54:17:54:Infinity":2,"s:55:39:55:Infinity":3,"s:64:3:73:Infinity":4,"s:75:22:75:Infinity":5,"s:77:19:124:Infinity":6,"f:77:19:77:26":1,"s:78:4:78:Infinity":7,"s:79:4:79:Infinity":8,"s:81:4:123:Infinity":9,"s:83:30:89:Infinity":10,"b:87:20:87:30:87:34:87:49":0,"s:93:6:96:Infinity":11,"s:99:6:99:Infinity":12,"s:101:6:105:Infinity":13,"b:102:31:102:49:102:49:102:Infinity":1,"b:104:26:104:67:104:67:104:Infinity":2,"s:107:6:107:Infinity":14,"s:108:6:108:Infinity":15,"s:110:27:110:Infinity":16,"b:110:52:110:65:110:68:110:Infinity":3,"s:111:6:111:Infinity":17,"s:113:6:120:Infinity":18,"b:114:31:114:41:114:41:114:Infinity":4,"b:117:14:117:Infinity:118:14:118:Infinity":5,"s:122:6:122:Infinity":19,"s:126:18:161:Infinity":20,"s:163:12:163:25":21,"b:172:35:172:58:172:58:172:Infinity":6,"b:184:36:184:59:184:59:184:Infinity":7,"b:196:36:196:59:196:59:196:Infinity":8,"f:204:51:204:52":2,"s:204:62:204:Infinity":22,"b:208:44:208:67:208:67:208:Infinity":9,"b:230:38:230:61:230:61:230:Infinity":10,"b:238:9:244:12:244:10:244:Infinity":11}}}
,"D:\\Brashline\\brashline-social-engine-88057\\src\\components\\forms\\ContactFormDialog.tsx": {"path":"D:\\Brashline\\brashline-social-engine-88057\\src\\components\\forms\\ContactFormDialog.tsx","statementMap":{"0":{"start":{"line":20,"column":33},"end":{"line":65,"column":null}},"1":{"start":{"line":21,"column":23},"end":{"line":21,"column":null}},"2":{"start":{"line":23,"column":18},"end":{"line":34,"column":null}},"3":{"start":{"line":36,"column":12},"end":{"line":36,"column":25}},"4":{"start":{"line":42,"column":8},"end":{"line":42,"column":null}},"5":{"start":{"line":43,"column":8},"end":{"line":45,"column":null}},"6":{"start":{"line":44,"column":10},"end":{"line":44,"column":null}},"7":{"start":{"line":61,"column":50},"end":{"line":61,"column":null}}},"fnMap":{"0":{"name":"(anonymous_0)","decl":{"start":{"line":20,"column":33},"end":{"line":20,"column":34}},"loc":{"start":{"line":20,"column":75},"end":{"line":65,"column":null}},"line":20},"1":{"name":"(anonymous_1)","decl":{"start":{"line":41,"column":20},"end":{"line":41,"column":21}},"loc":{"start":{"line":41,"column":21},"end":{"line":46,"column":null}},"line":41},"2":{"name":"(anonymous_2)","decl":{"start":{"line":61,"column":44},"end":{"line":61,"column":50}},"loc":{"start":{"line":61,"column":50},"end":{"line":61,"column":null}},"line":61}},"branchMap":{"0":{"loc":{"start":{"line":43,"column":8},"end":{"line":45,"column":null}},"type":"if","locations":[{"start":{"line":43,"column":8},"end":{"line":45,"column":null}},{"start":{},"end":{}}],"line":43}},"s":{"0":2,"1":6,"2":6,"3":6,"4":0,"5":0,"6":0,"7":0},"f":{"0":6,"1":0,"2":0},"b":{"0":[0,0]},"meta":{"lastBranch":1,"lastFunction":3,"lastStatement":8,"seen":{"s:20:33:65:Infinity":0,"f:20:33:20:34":0,"s:21:23:21:Infinity":1,"s:23:18:34:Infinity":2,"s:36:12:36:25":3,"f:41:20:41:21":1,"s:42:8:42:Infinity":4,"b:43:8:45:Infinity:undefined:undefined:undefined:undefined":0,"s:43:8:45:Infinity":5,"s:44:10:44:Infinity":6,"f:61:44:61:50":2,"s:61:50:61:Infinity":7}}}
,"D:\\Brashline\\brashline-social-engine-88057\\src\\components\\home\\Hero.tsx": {"path":"D:\\Brashline\\brashline-social-engine-88057\\src\\components\\home\\Hero.tsx","statementMap":{"0":{"start":{"line":21,"column":6},"end":{"line":116,"column":null}},"1":{"start":{"line":22,"column":37},"end":{"line":22,"column":null}},"2":{"start":{"line":23,"column":8},"end":{"line":23,"column":null}},"3":{"start":{"line":23,"column":33},"end":{"line":23,"column":84}},"4":{"start":{"line":24,"column":8},"end":{"line":24,"column":null}},"5":{"start":{"line":24,"column":33},"end":{"line":24,"column":93}},"6":{"start":{"line":25,"column":17},"end":{"line":25,"column":null}},"7":{"start":{"line":26,"column":2},"end":{"line":35,"column":null}},"8":{"start":{"line":27,"column":22},"end":{"line":33,"column":null}},"9":{"start":{"line":28,"column":6},"end":{"line":32,"column":null}},"10":{"start":{"line":29,"column":8},"end":{"line":29,"column":null}},"11":{"start":{"line":31,"column":8},"end":{"line":31,"column":null}},"12":{"start":{"line":34,"column":4},"end":{"line":34,"column":null}},"13":{"start":{"line":34,"column":17},"end":{"line":34,"column":null}},"14":{"start":{"line":118,"column":0},"end":{"line":118,"column":null}}},"fnMap":{"0":{"name":"(anonymous_0)","decl":{"start":{"line":21,"column":18},"end":{"line":21,"column":19}},"loc":{"start":{"line":21,"column":38},"end":{"line":116,"column":null}},"line":21},"1":{"name":"(anonymous_1)","decl":{"start":{"line":23,"column":27},"end":{"line":23,"column":33}},"loc":{"start":{"line":23,"column":33},"end":{"line":23,"column":84}},"line":23},"2":{"name":"(anonymous_2)","decl":{"start":{"line":24,"column":27},"end":{"line":24,"column":33}},"loc":{"start":{"line":24,"column":33},"end":{"line":24,"column":93}},"line":24},"3":{"name":"(anonymous_3)","decl":{"start":{"line":26,"column":12},"end":{"line":26,"column":null}},"loc":{"start":{"line":26,"column":12},"end":{"line":35,"column":5}},"line":26},"4":{"name":"(anonymous_4)","decl":{"start":{"line":27,"column":33},"end":{"line":27,"column":null}},"loc":{"start":{"line":27,"column":33},"end":{"line":33,"column":7}},"line":27},"5":{"name":"(anonymous_5)","decl":{"start":{"line":34,"column":11},"end":{"line":34,"column":17}},"loc":{"start":{"line":34,"column":17},"end":{"line":34,"column":null}},"line":34}},"branchMap":{"0":{"loc":{"start":{"line":25,"column":17},"end":{"line":25,"column":null}},"type":"cond-expr","locations":[{"start":{"line":25,"column":33},"end":{"line":25,"column":44}},{"start":{"line":25,"column":44},"end":{"line":25,"column":null}}],"line":25},"1":{"loc":{"start":{"line":28,"column":6},"end":{"line":32,"column":null}},"type":"if","locations":[{"start":{"line":28,"column":6},"end":{"line":32,"column":null}},{"start":{"line":30,"column":13},"end":{"line":32,"column":null}}],"line":28},"2":{"loc":{"start":{"line":49,"column":15},"end":{"line":49,"column":null}},"type":"cond-expr","locations":[{"start":{"line":49,"column":31},"end":{"line":49,"column":49}},{"start":{"line":49,"column":49},"end":{"line":49,"column":null}}],"line":49},"3":{"loc":{"start":{"line":56,"column":20},"end":{"line":56,"column":null}},"type":"cond-expr","locations":[{"start":{"line":56,"column":36},"end":{"line":56,"column":43}},{"start":{"line":56,"column":43},"end":{"line":56,"column":null}}],"line":56},"4":{"loc":{"start":{"line":75,"column":22},"end":{"line":83,"column":null}},"type":"cond-expr","locations":[{"start":{"line":76,"column":26},"end":{"line":79,"column":null}},{"start":{"line":80,"column":26},"end":{"line":83,"column":null}}],"line":75},"5":{"loc":{"start":{"line":81,"column":31},"end":{"line":81,"column":null}},"type":"cond-expr","locations":[{"start":{"line":81,"column":53},"end":{"line":81,"column":60}},{"start":{"line":81,"column":60},"end":{"line":81,"column":null}}],"line":81},"6":{"loc":{"start":{"line":95,"column":13},"end":{"line":97,"column":null}},"type":"cond-expr","locations":[{"start":{"line":96,"column":16},"end":{"line":96,"column":null}},{"start":{"line":97,"column":16},"end":{"line":97,"column":null}}],"line":95},"7":{"loc":{"start":{"line":103,"column":25},"end":{"line":103,"column":null}},"type":"cond-expr","locations":[{"start":{"line":103,"column":41},"end":{"line":103,"column":65}},{"start":{"line":103,"column":65},"end":{"line":103,"column":null}}],"line":103}},"s":{"0":3,"1":8,"2":8,"3":8,"4":8,"5":8,"6":8,"7":8,"8":8,"9":0,"10":0,"11":0,"12":8,"13":8,"14":3},"f":{"0":8,"1":8,"2":8,"3":8,"4":0,"5":8},"b":{"0":[7,1],"1":[0,0],"2":[7,1],"3":[7,1],"4":[8,24],"5":[0,24],"6":[7,1],"7":[7,1]},"meta":{"lastBranch":8,"lastFunction":6,"lastStatement":15,"seen":{"s:21:6:116:Infinity":0,"f:21:18:21:19":0,"s:22:37:22:Infinity":1,"s:23:8:23:Infinity":2,"f:23:27:23:33":1,"s:23:33:23:84":3,"s:24:8:24:Infinity":4,"f:24:27:24:33":2,"s:24:33:24:93":5,"s:25:17:25:Infinity":6,"b:25:33:25:44:25:44:25:Infinity":0,"s:26:2:35:Infinity":7,"f:26:12:26:Infinity":3,"s:27:22:33:Infinity":8,"f:27:33:27:Infinity":4,"b:28:6:32:Infinity:30:13:32:Infinity":1,"s:28:6:32:Infinity":9,"s:29:8:29:Infinity":10,"s:31:8:31:Infinity":11,"s:34:4:34:Infinity":12,"f:34:11:34:17":5,"s:34:17:34:Infinity":13,"b:49:31:49:49:49:49:49:Infinity":2,"b:56:36:56:43:56:43:56:Infinity":3,"b:76:26:79:Infinity:80:26:83:Infinity":4,"b:81:53:81:60:81:60:81:Infinity":5,"b:96:16:96:Infinity:97:16:97:Infinity":6,"b:103:41:103:65:103:65:103:Infinity":7,"s:118:0:118:Infinity":14}}}
,"D:\\Brashline\\brashline-social-engine-88057\\src\\components\\home\\PricingPreview.tsx": {"path":"D:\\Brashline\\brashline-social-engine-88057\\src\\components\\home\\PricingPreview.tsx","statementMap":{"0":{"start":{"line":27,"column":14},"end":{"line":95,"column":null}},"1":{"start":{"line":97,"column":6},"end":{"line":299,"column":null}},"2":{"start":{"line":98,"column":29},"end":{"line":98,"column":null}},"3":{"start":{"line":99,"column":43},"end":{"line":99,"column":null}},"4":{"start":{"line":119,"column":40},"end":{"line":119,"column":null}},"5":{"start":{"line":143,"column":33},"end":{"line":143,"column":93}},"6":{"start":{"line":145,"column":14},"end":{"line":147,"column":120}},"7":{"start":{"line":223,"column":35},"end":{"line":223,"column":null}},"8":{"start":{"line":241,"column":61},"end":{"line":241,"column":null}},"9":{"start":{"line":301,"column":0},"end":{"line":301,"column":null}}},"fnMap":{"0":{"name":"(anonymous_0)","decl":{"start":{"line":97,"column":28},"end":{"line":97,"column":29}},"loc":{"start":{"line":97,"column":58},"end":{"line":299,"column":null}},"line":97},"1":{"name":"(anonymous_1)","decl":{"start":{"line":119,"column":29},"end":{"line":119,"column":30}},"loc":{"start":{"line":119,"column":40},"end":{"line":119,"column":null}},"line":119},"2":{"name":"(anonymous_2)","decl":{"start":{"line":142,"column":21},"end":{"line":142,"column":22}},"loc":{"start":{"line":142,"column":28},"end":{"line":236,"column":null}},"line":142},"3":{"name":"(anonymous_3)","decl":{"start":{"line":223,"column":29},"end":{"line":223,"column":35}},"loc":{"start":{"line":223,"column":35},"end":{"line":223,"column":null}},"line":223},"4":{"name":"(anonymous_4)","decl":{"start":{"line":241,"column":55},"end":{"line":241,"column":61}},"loc":{"start":{"line":241,"column":61},"end":{"line":241,"column":null}},"line":241}},"branchMap":{"0":{"loc":{"start":{"line":106,"column":13},"end":{"line":106,"column":null}},"type":"cond-expr","locations":[{"start":{"line":106,"column":29},"end":{"line":106,"column":48}},{"start":{"line":106,"column":48},"end":{"line":106,"column":null}}],"line":106},"1":{"loc":{"start":{"line":109,"column":13},"end":{"line":111,"column":null}},"type":"cond-expr","locations":[{"start":{"line":110,"column":16},"end":{"line":110,"column":null}},{"start":{"line":111,"column":16},"end":{"line":111,"column":null}}],"line":109},"2":{"loc":{"start":{"line":119,"column":40},"end":{"line":119,"column":null}},"type":"binary-expr","locations":[{"start":{"line":119,"column":40},"end":{"line":119,"column":49}},{"start":{"line":119,"column":49},"end":{"line":119,"column":null}}],"line":119},"3":{"loc":{"start":{"line":126,"column":17},"end":{"line":126,"column":null}},"type":"cond-expr","locations":[{"start":{"line":126,"column":33},"end":{"line":126,"column":45}},{"start":{"line":126,"column":45},"end":{"line":126,"column":null}}],"line":126},"4":{"loc":{"start":{"line":132,"column":17},"end":{"line":132,"column":null}},"type":"cond-expr","locations":[{"start":{"line":132,"column":33},"end":{"line":132,"column":44}},{"start":{"line":132,"column":44},"end":{"line":132,"column":null}}],"line":132},"5":{"loc":{"start":{"line":134,"column":19},"end":{"line":134,"column":null}},"type":"cond-expr","locations":[{"start":{"line":134,"column":35},"end":{"line":134,"column":52}},{"start":{"line":134,"column":52},"end":{"line":134,"column":null}}],"line":134},"6":{"loc":{"start":{"line":143,"column":33},"end":{"line":143,"column":93}},"type":"cond-expr","locations":[{"start":{"line":143,"column":57},"end":{"line":143,"column":74}},{"start":{"line":143,"column":77},"end":{"line":143,"column":93}}],"line":143},"7":{"loc":{"start":{"line":145,"column":14},"end":{"line":147,"column":120}},"type":"cond-expr","locations":[{"start":{"line":146,"column":18},"end":{"line":146,"column":null}},{"start":{"line":147,"column":18},"end":{"line":147,"column":120}}],"line":145},"8":{"loc":{"start":{"line":147,"column":21},"end":{"line":147,"column":66}},"type":"cond-expr","locations":[{"start":{"line":147,"column":37},"end":{"line":147,"column":51}},{"start":{"line":147,"column":51},"end":{"line":147,"column":66}}],"line":147},"9":{"loc":{"start":{"line":147,"column":90},"end":{"line":147,"column":120}},"type":"cond-expr","locations":[{"start":{"line":147,"column":106},"end":{"line":147,"column":113}},{"start":{"line":147,"column":113},"end":{"line":147,"column":120}}],"line":147},"10":{"loc":{"start":{"line":153,"column":18},"end":{"line":155,"column":null}},"type":"cond-expr","locations":[{"start":{"line":154,"column":22},"end":{"line":154,"column":null}},{"start":{"line":155,"column":22},"end":{"line":155,"column":null}}],"line":153},"11":{"loc":{"start":{"line":178,"column":23},"end":{"line":178,"column":null}},"type":"cond-expr","locations":[{"start":{"line":178,"column":39},"end":{"line":178,"column":56}},{"start":{"line":178,"column":56},"end":{"line":178,"column":null}}],"line":178},"12":{"loc":{"start":{"line":197,"column":40},"end":{"line":197,"column":null}},"type":"cond-expr","locations":[{"start":{"line":197,"column":56},"end":{"line":197,"column":64}},{"start":{"line":197,"column":64},"end":{"line":197,"column":null}}],"line":197},"13":{"loc":{"start":{"line":211,"column":50},"end":{"line":211,"column":96}},"type":"binary-expr","locations":[{"start":{"line":211,"column":50},"end":{"line":211,"column":67}},{"start":{"line":211,"column":71},"end":{"line":211,"column":96}}],"line":211},"14":{"loc":{"start":{"line":222,"column":29},"end":{"line":222,"column":null}},"type":"cond-expr","locations":[{"start":{"line":222,"column":45},"end":{"line":222,"column":57}},{"start":{"line":222,"column":57},"end":{"line":222,"column":null}}],"line":222},"15":{"loc":{"start":{"line":230,"column":23},"end":{"line":230,"column":null}},"type":"cond-expr","locations":[{"start":{"line":230,"column":39},"end":{"line":230,"column":55}},{"start":{"line":230,"column":55},"end":{"line":230,"column":null}}],"line":230},"16":{"loc":{"start":{"line":242,"column":13},"end":{"line":248,"column":null}},"type":"cond-expr","locations":[{"start":{"line":243,"column":16},"end":{"line":245,"column":null}},{"start":{"line":246,"column":16},"end":{"line":248,"column":null}}],"line":242},"17":{"loc":{"start":{"line":243,"column":16},"end":{"line":245,"column":null}},"type":"cond-expr","locations":[{"start":{"line":244,"column":18},"end":{"line":244,"column":null}},{"start":{"line":245,"column":18},"end":{"line":245,"column":null}}],"line":243},"18":{"loc":{"start":{"line":246,"column":16},"end":{"line":248,"column":null}},"type":"cond-expr","locations":[{"start":{"line":247,"column":18},"end":{"line":247,"column":null}},{"start":{"line":248,"column":18},"end":{"line":248,"column":null}}],"line":246},"19":{"loc":{"start":{"line":253,"column":17},"end":{"line":253,"column":null}},"type":"cond-expr","locations":[{"start":{"line":253,"column":33},"end":{"line":253,"column":50}},{"start":{"line":253,"column":50},"end":{"line":253,"column":null}}],"line":253},"20":{"loc":{"start":{"line":266,"column":21},"end":{"line":266,"column":null}},"type":"cond-expr","locations":[{"start":{"line":266,"column":37},"end":{"line":266,"column":49}},{"start":{"line":266,"column":49},"end":{"line":266,"column":null}}],"line":266}},"s":{"0":1,"1":1,"2":1,"3":1,"4":4,"5":4,"6":4,"7":12,"8":4,"9":4},"f":{"0":1,"1":4,"2":4,"3":12,"4":4},"b":{"0":[4,4],"1":[4,4],"2":[4,4],"3":[4,4],"4":[4,4],"5":[4,4],"6":[4,4],"7":[4,4],"8":[12,12],"9":[12,9],"10":[12,12],"11":[4,4],"12":[3,3],"13":[20,20],"14":[12,12],"15":[12,12],"16":[4,4],"17":[4,4],"18":[4,4],"19":[4,4],"20":[0,0]},"meta":{"lastBranch":21,"lastFunction":5,"lastStatement":10,"seen":{"s:27:14:95:Infinity":0,"s:97:6:299:Infinity":1,"f:97:28:97:29":0,"s:98:29:98:Infinity":2,"s:99:43:99:Infinity":3,"b:106:29:106:48:106:48:106:Infinity":0,"b:110:16:110:Infinity:111:16:111:Infinity":1,"f:119:29:119:30":1,"s:119:40:119:Infinity":4,"b:119:40:119:49:119:49:119:Infinity":2,"b:126:33:126:45:126:45:126:Infinity":3,"b:132:33:132:44:132:44:132:Infinity":4,"b:134:35:134:52:134:52:134:Infinity":5,"f:142:21:142:22":2,"s:143:33:143:93":5,"b:143:57:143:74:143:77:143:93":6,"s:145:14:147:120":6,"b:146:18:146:Infinity:147:18:147:120":7,"b:147:37:147:51:147:51:147:66":8,"b:147:106:147:113:147:113:147:120":9,"b:154:22:154:Infinity:155:22:155:Infinity":10,"b:178:39:178:56:178:56:178:Infinity":11,"b:197:56:197:64:197:64:197:Infinity":12,"b:211:50:211:67:211:71:211:96":13,"b:222:45:222:57:222:57:222:Infinity":14,"f:223:29:223:35":3,"s:223:35:223:Infinity":7,"b:230:39:230:55:230:55:230:Infinity":15,"f:241:55:241:61":4,"s:241:61:241:Infinity":8,"b:243:16:245:Infinity:246:16:248:Infinity":16,"b:244:18:244:Infinity:245:18:245:Infinity":17,"b:247:18:247:Infinity:248:18:248:Infinity":18,"b:253:33:253:50:253:50:253:Infinity":19,"b:266:37:266:49:266:49:266:Infinity":20,"s:301:0:301:Infinity":9}}}
,"D:\\Brashline\\brashline-social-engine-88057\\src\\components\\home\\StatsSection.tsx": {"path":"D:\\Brashline\\brashline-social-engine-88057\\src\\components\\home\\StatsSection.tsx","statementMap":{"0":{"start":{"line":21,"column":21},"end":{"line":90,"column":null}},"1":{"start":{"line":22,"column":33},"end":{"line":22,"column":null}},"2":{"start":{"line":25,"column":8},"end":{"line":25,"column":null}},"3":{"start":{"line":26,"column":8},"end":{"line":26,"column":null}},"4":{"start":{"line":27,"column":8},"end":{"line":27,"column":null}},"5":{"start":{"line":28,"column":8},"end":{"line":28,"column":null}},"6":{"start":{"line":30,"column":16},"end":{"line":55,"column":null}},"7":{"start":{"line":65,"column":25},"end":{"line":65,"column":34}}},"fnMap":{"0":{"name":"(anonymous_0)","decl":{"start":{"line":21,"column":21},"end":{"line":21,"column":22}},"loc":{"start":{"line":21,"column":49},"end":{"line":90,"column":null}},"line":21},"1":{"name":"(anonymous_1)","decl":{"start":{"line":64,"column":21},"end":{"line":64,"column":22}},"loc":{"start":{"line":64,"column":28},"end":{"line":85,"column":null}},"line":64}},"branchMap":{"0":{"loc":{"start":{"line":71,"column":18},"end":{"line":71,"column":null}},"type":"cond-expr","locations":[{"start":{"line":71,"column":30},"end":{"line":71,"column":60}},{"start":{"line":71,"column":60},"end":{"line":71,"column":null}}],"line":71}},"s":{"0":3,"1":10,"2":10,"3":10,"4":10,"5":10,"6":10,"7":40},"f":{"0":10,"1":40},"b":{"0":[28,12]},"meta":{"lastBranch":1,"lastFunction":2,"lastStatement":8,"seen":{"s:21:21:90:Infinity":0,"f:21:21:21:22":0,"s:22:33:22:Infinity":1,"s:25:8:25:Infinity":2,"s:26:8:26:Infinity":3,"s:27:8:27:Infinity":4,"s:28:8:28:Infinity":5,"s:30:16:55:Infinity":6,"f:64:21:64:22":1,"s:65:25:65:34":7,"b:71:30:71:60:71:60:71:Infinity":0}}}
,"D:\\Brashline\\brashline-social-engine-88057\\src\\components\\home\\ValueProps.tsx": {"path":"D:\\Brashline\\brashline-social-engine-88057\\src\\components\\home\\ValueProps.tsx","statementMap":{"0":{"start":{"line":22,"column":19},"end":{"line":47,"column":null}},"1":{"start":{"line":49,"column":6},"end":{"line":83,"column":null}},"2":{"start":{"line":50,"column":33},"end":{"line":50,"column":null}},"3":{"start":{"line":60,"column":25},"end":{"line":60,"column":34}},"4":{"start":{"line":85,"column":0},"end":{"line":85,"column":null}}},"fnMap":{"0":{"name":"(anonymous_0)","decl":{"start":{"line":49,"column":24},"end":{"line":49,"column":25}},"loc":{"start":{"line":49,"column":50},"end":{"line":83,"column":null}},"line":49},"1":{"name":"(anonymous_1)","decl":{"start":{"line":59,"column":26},"end":{"line":59,"column":27}},"loc":{"start":{"line":59,"column":33},"end":{"line":78,"column":null}},"line":59}},"branchMap":{"0":{"loc":{"start":{"line":65,"column":18},"end":{"line":65,"column":null}},"type":"cond-expr","locations":[{"start":{"line":65,"column":30},"end":{"line":65,"column":60}},{"start":{"line":65,"column":60},"end":{"line":65,"column":null}}],"line":65}},"s":{"0":2,"1":2,"2":13,"3":39,"4":2},"f":{"0":13,"1":39},"b":{"0":[27,12]},"meta":{"lastBranch":1,"lastFunction":2,"lastStatement":5,"seen":{"s:22:19:47:Infinity":0,"s:49:6:83:Infinity":1,"f:49:24:49:25":0,"s:50:33:50:Infinity":2,"f:59:26:59:27":1,"s:60:25:60:34":3,"b:65:30:65:60:65:60:65:Infinity":0,"s:85:0:85:Infinity":4}}}
,"D:\\Brashline\\brashline-social-engine-88057\\src\\components\\layout\\Footer.tsx": {"path":"D:\\Brashline\\brashline-social-engine-88057\\src\\components\\layout\\Footer.tsx","statementMap":{"0":{"start":{"line":18,"column":20},"end":{"line":23,"column":null}},"1":{"start":{"line":25,"column":20},"end":{"line":41,"column":null}},"2":{"start":{"line":43,"column":6},"end":{"line":160,"column":null}},"3":{"start":{"line":44,"column":16},"end":{"line":44,"column":null}},"4":{"start":{"line":59,"column":30},"end":{"line":59,"column":45}},"5":{"start":{"line":60,"column":18},"end":{"line":63,"column":null}},"6":{"start":{"line":61,"column":20},"end":{"line":61,"column":null}},"7":{"start":{"line":62,"column":20},"end":{"line":62,"column":null}},"8":{"start":{"line":162,"column":0},"end":{"line":162,"column":null}}},"fnMap":{"0":{"name":"(anonymous_0)","decl":{"start":{"line":43,"column":20},"end":{"line":43,"column":null}},"loc":{"start":{"line":43,"column":20},"end":{"line":160,"column":null}},"line":43},"1":{"name":"(anonymous_1)","decl":{"start":{"line":58,"column":25},"end":{"line":58,"column":26}},"loc":{"start":{"line":58,"column":26},"end":{"line":64,"column":null}},"line":58}},"branchMap":{"0":{"loc":{"start":{"line":60,"column":18},"end":{"line":63,"column":null}},"type":"if","locations":[{"start":{"line":60,"column":18},"end":{"line":63,"column":null}},{"start":{},"end":{}}],"line":60},"1":{"loc":{"start":{"line":69,"column":15},"end":{"line":71,"column":null}},"type":"cond-expr","locations":[{"start":{"line":70,"column":18},"end":{"line":70,"column":null}},{"start":{"line":71,"column":18},"end":{"line":71,"column":null}}],"line":69},"2":{"loc":{"start":{"line":78,"column":15},"end":{"line":78,"column":null}},"type":"cond-expr","locations":[{"start":{"line":78,"column":31},"end":{"line":78,"column":43}},{"start":{"line":78,"column":43},"end":{"line":78,"column":null}}],"line":78},"3":{"loc":{"start":{"line":97,"column":17},"end":{"line":97,"column":null}},"type":"cond-expr","locations":[{"start":{"line":97,"column":33},"end":{"line":97,"column":67}},{"start":{"line":97,"column":67},"end":{"line":97,"column":null}}],"line":97},"4":{"loc":{"start":{"line":100,"column":17},"end":{"line":100,"column":null}},"type":"cond-expr","locations":[{"start":{"line":100,"column":33},"end":{"line":100,"column":58}},{"start":{"line":100,"column":58},"end":{"line":100,"column":null}}],"line":100},"5":{"loc":{"start":{"line":108,"column":15},"end":{"line":108,"column":null}},"type":"cond-expr","locations":[{"start":{"line":108,"column":31},"end":{"line":108,"column":45}},{"start":{"line":108,"column":45},"end":{"line":108,"column":null}}],"line":108},"6":{"loc":{"start":{"line":142,"column":13},"end":{"line":142,"column":null}},"type":"cond-expr","locations":[{"start":{"line":142,"column":29},"end":{"line":142,"column":54}},{"start":{"line":142,"column":54},"end":{"line":142,"column":null}}],"line":142}},"s":{"0":2,"1":2,"2":2,"3":9,"4":0,"5":0,"6":0,"7":0,"8":2},"f":{"0":9,"1":0},"b":{"0":[0,0],"1":[9,0],"2":[9,0],"3":[9,0],"4":[9,0],"5":[9,0],"6":[9,0]},"meta":{"lastBranch":7,"lastFunction":2,"lastStatement":9,"seen":{"s:18:20:23:Infinity":0,"s:25:20:41:Infinity":1,"s:43:6:160:Infinity":2,"f:43:20:43:Infinity":0,"s:44:16:44:Infinity":3,"f:58:25:58:26":1,"s:59:30:59:45":4,"b:60:18:63:Infinity:undefined:undefined:undefined:undefined":0,"s:60:18:63:Infinity":5,"s:61:20:61:Infinity":6,"s:62:20:62:Infinity":7,"b:70:18:70:Infinity:71:18:71:Infinity":1,"b:78:31:78:43:78:43:78:Infinity":2,"b:97:33:97:67:97:67:97:Infinity":3,"b:100:33:100:58:100:58:100:Infinity":4,"b:108:31:108:45:108:45:108:Infinity":5,"b:142:29:142:54:142:54:142:Infinity":6,"s:162:0:162:Infinity":8}}}
,"D:\\Brashline\\brashline-social-engine-88057\\src\\components\\layout\\Header.tsx": {"path":"D:\\Brashline\\brashline-social-engine-88057\\src\\components\\layout\\Header.tsx","statementMap":{"0":{"start":{"line":21,"column":19},"end":{"line":31,"column":null}},"1":{"start":{"line":33,"column":6},"end":{"line":243,"column":null}},"2":{"start":{"line":34,"column":43},"end":{"line":34,"column":null}},"3":{"start":{"line":35,"column":8},"end":{"line":35,"column":null}},"4":{"start":{"line":36,"column":25},"end":{"line":36,"column":null}},"5":{"start":{"line":37,"column":8},"end":{"line":37,"column":null}},"6":{"start":{"line":38,"column":8},"end":{"line":38,"column":null}},"7":{"start":{"line":40,"column":19},"end":{"line":40,"column":null}},"8":{"start":{"line":40,"column":37},"end":{"line":40,"column":null}},"9":{"start":{"line":43,"column":2},"end":{"line":45,"column":null}},"10":{"start":{"line":44,"column":4},"end":{"line":44,"column":null}},"11":{"start":{"line":48,"column":2},"end":{"line":74,"column":null}},"12":{"start":{"line":49,"column":25},"end":{"line":54,"column":null}},"13":{"start":{"line":50,"column":6},"end":{"line":53,"column":null}},"14":{"start":{"line":51,"column":8},"end":{"line":51,"column":null}},"15":{"start":{"line":52,"column":8},"end":{"line":52,"column":null}},"16":{"start":{"line":56,"column":4},"end":{"line":68,"column":null}},"17":{"start":{"line":57,"column":6},"end":{"line":57,"column":null}},"18":{"start":{"line":59,"column":6},"end":{"line":59,"column":null}},"19":{"start":{"line":62,"column":6},"end":{"line":65,"column":null}},"20":{"start":{"line":63,"column":26},"end":{"line":63,"column":null}},"21":{"start":{"line":64,"column":8},"end":{"line":64,"column":null}},"22":{"start":{"line":67,"column":6},"end":{"line":67,"column":null}},"23":{"start":{"line":70,"column":4},"end":{"line":73,"column":null}},"24":{"start":{"line":71,"column":6},"end":{"line":71,"column":null}},"25":{"start":{"line":72,"column":6},"end":{"line":72,"column":null}},"26":{"start":{"line":96,"column":28},"end":{"line":96,"column":43}},"27":{"start":{"line":97,"column":16},"end":{"line":100,"column":null}},"28":{"start":{"line":98,"column":18},"end":{"line":98,"column":38}},"29":{"start":{"line":99,"column":18},"end":{"line":99,"column":null}},"30":{"start":{"line":130,"column":29},"end":{"line":130,"column":null}},"31":{"start":{"line":153,"column":29},"end":{"line":153,"column":null}},"32":{"start":{"line":176,"column":29},"end":{"line":176,"column":null}},"33":{"start":{"line":192,"column":35},"end":{"line":192,"column":null}},"34":{"start":{"line":218,"column":22},"end":{"line":218,"column":null}},"35":{"start":{"line":233,"column":35},"end":{"line":233,"column":null}},"36":{"start":{"line":245,"column":0},"end":{"line":245,"column":null}}},"fnMap":{"0":{"name":"(anonymous_0)","decl":{"start":{"line":33,"column":20},"end":{"line":33,"column":null}},"loc":{"start":{"line":33,"column":20},"end":{"line":243,"column":null}},"line":33},"1":{"name":"(anonymous_1)","decl":{"start":{"line":40,"column":19},"end":{"line":40,"column":20}},"loc":{"start":{"line":40,"column":37},"end":{"line":40,"column":null}},"line":40},"2":{"name":"(anonymous_2)","decl":{"start":{"line":43,"column":12},"end":{"line":43,"column":null}},"loc":{"start":{"line":43,"column":12},"end":{"line":45,"column":5}},"line":43},"3":{"name":"(anonymous_3)","decl":{"start":{"line":48,"column":12},"end":{"line":48,"column":null}},"loc":{"start":{"line":48,"column":12},"end":{"line":74,"column":5}},"line":48},"4":{"name":"(anonymous_4)","decl":{"start":{"line":49,"column":25},"end":{"line":49,"column":26}},"loc":{"start":{"line":49,"column":26},"end":{"line":54,"column":null}},"line":49},"5":{"name":"(anonymous_5)","decl":{"start":{"line":62,"column":17},"end":{"line":62,"column":null}},"loc":{"start":{"line":62,"column":17},"end":{"line":65,"column":9}},"line":62},"6":{"name":"(anonymous_6)","decl":{"start":{"line":70,"column":11},"end":{"line":70,"column":null}},"loc":{"start":{"line":70,"column":11},"end":{"line":73,"column":null}},"line":70},"7":{"name":"(anonymous_7)","decl":{"start":{"line":95,"column":23},"end":{"line":95,"column":24}},"loc":{"start":{"line":95,"column":24},"end":{"line":101,"column":null}},"line":95},"8":{"name":"(anonymous_8)","decl":{"start":{"line":130,"column":23},"end":{"line":130,"column":29}},"loc":{"start":{"line":130,"column":29},"end":{"line":130,"column":null}},"line":130},"9":{"name":"(anonymous_9)","decl":{"start":{"line":153,"column":23},"end":{"line":153,"column":29}},"loc":{"start":{"line":153,"column":29},"end":{"line":153,"column":null}},"line":153},"10":{"name":"(anonymous_10)","decl":{"start":{"line":176,"column":23},"end":{"line":176,"column":29}},"loc":{"start":{"line":176,"column":29},"end":{"line":176,"column":null}},"line":176},"11":{"name":"(anonymous_11)","decl":{"start":{"line":192,"column":29},"end":{"line":192,"column":35}},"loc":{"start":{"line":192,"column":35},"end":{"line":192,"column":null}},"line":192},"12":{"name":"(anonymous_12)","decl":{"start":{"line":217,"column":29},"end":{"line":217,"column":null}},"loc":{"start":{"line":217,"column":29},"end":{"line":219,"column":null}},"line":217},"13":{"name":"(anonymous_13)","decl":{"start":{"line":233,"column":29},"end":{"line":233,"column":35}},"loc":{"start":{"line":233,"column":35},"end":{"line":233,"column":null}},"line":233}},"branchMap":{"0":{"loc":{"start":{"line":50,"column":6},"end":{"line":53,"column":null}},"type":"if","locations":[{"start":{"line":50,"column":6},"end":{"line":53,"column":null}},{"start":{},"end":{}}],"line":50},"1":{"loc":{"start":{"line":50,"column":10},"end":{"line":50,"column":48}},"type":"binary-expr","locations":[{"start":{"line":50,"column":10},"end":{"line":50,"column":32}},{"start":{"line":50,"column":32},"end":{"line":50,"column":48}}],"line":50},"2":{"loc":{"start":{"line":56,"column":4},"end":{"line":68,"column":null}},"type":"if","locations":[{"start":{"line":56,"column":4},"end":{"line":68,"column":null}},{"start":{"line":66,"column":11},"end":{"line":68,"column":null}}],"line":56},"3":{"loc":{"start":{"line":83,"column":9},"end":{"line":83,"column":null}},"type":"cond-expr","locations":[{"start":{"line":83,"column":25},"end":{"line":83,"column":50}},{"start":{"line":83,"column":50},"end":{"line":83,"column":null}}],"line":83},"4":{"loc":{"start":{"line":97,"column":16},"end":{"line":100,"column":null}},"type":"if","locations":[{"start":{"line":97,"column":16},"end":{"line":100,"column":null}},{"start":{},"end":{}}],"line":97},"5":{"loc":{"start":{"line":113,"column":18},"end":{"line":115,"column":null}},"type":"cond-expr","locations":[{"start":{"line":114,"column":22},"end":{"line":114,"column":null}},{"start":{"line":115,"column":22},"end":{"line":115,"column":null}}],"line":113},"6":{"loc":{"start":{"line":130,"column":37},"end":{"line":130,"column":null}},"type":"cond-expr","locations":[{"start":{"line":130,"column":53},"end":{"line":130,"column":60}},{"start":{"line":130,"column":60},"end":{"line":130,"column":null}}],"line":130},"7":{"loc":{"start":{"line":138,"column":25},"end":{"line":138,"column":null}},"type":"cond-expr","locations":[{"start":{"line":138,"column":41},"end":{"line":138,"column":65}},{"start":{"line":138,"column":65},"end":{"line":138,"column":null}}],"line":138},"8":{"loc":{"start":{"line":156,"column":16},"end":{"line":162,"column":null}},"type":"cond-expr","locations":[{"start":{"line":157,"column":20},"end":{"line":159,"column":null}},{"start":{"line":160,"column":20},"end":{"line":162,"column":null}}],"line":156},"9":{"loc":{"start":{"line":157,"column":20},"end":{"line":159,"column":null}},"type":"cond-expr","locations":[{"start":{"line":158,"column":22},"end":{"line":158,"column":null}},{"start":{"line":159,"column":22},"end":{"line":159,"column":null}}],"line":157},"10":{"loc":{"start":{"line":160,"column":20},"end":{"line":162,"column":null}},"type":"cond-expr","locations":[{"start":{"line":161,"column":22},"end":{"line":161,"column":null}},{"start":{"line":162,"column":22},"end":{"line":162,"column":null}}],"line":160},"11":{"loc":{"start":{"line":185,"column":26},"end":{"line":185,"column":null}},"type":"cond-expr","locations":[{"start":{"line":185,"column":42},"end":{"line":185,"column":64}},{"start":{"line":185,"column":64},"end":{"line":185,"column":null}}],"line":185},"12":{"loc":{"start":{"line":194,"column":22},"end":{"line":196,"column":null}},"type":"cond-expr","locations":[{"start":{"line":195,"column":26},"end":{"line":195,"column":null}},{"start":{"line":196,"column":26},"end":{"line":196,"column":null}}],"line":194},"13":{"loc":{"start":{"line":210,"column":23},"end":{"line":210,"column":null}},"type":"cond-expr","locations":[{"start":{"line":210,"column":39},"end":{"line":210,"column":49}},{"start":{"line":210,"column":49},"end":{"line":210,"column":null}}],"line":210},"14":{"loc":{"start":{"line":218,"column":30},"end":{"line":218,"column":null}},"type":"cond-expr","locations":[{"start":{"line":218,"column":46},"end":{"line":218,"column":53}},{"start":{"line":218,"column":53},"end":{"line":218,"column":null}}],"line":218},"15":{"loc":{"start":{"line":223,"column":21},"end":{"line":223,"column":null}},"type":"cond-expr","locations":[{"start":{"line":223,"column":37},"end":{"line":223,"column":49}},{"start":{"line":223,"column":49},"end":{"line":223,"column":null}}],"line":223},"16":{"loc":{"start":{"line":226,"column":31},"end":{"line":226,"column":null}},"type":"cond-expr","locations":[{"start":{"line":226,"column":47},"end":{"line":226,"column":71}},{"start":{"line":226,"column":71},"end":{"line":226,"column":null}}],"line":226}},"s":{"0":3,"1":3,"2":14,"3":14,"4":14,"5":14,"6":14,"7":14,"8":98,"9":14,"10":14,"11":14,"12":14,"13":0,"14":0,"15":0,"16":14,"17":0,"18":0,"19":0,"20":0,"21":0,"22":14,"23":14,"24":14,"25":14,"26":1,"27":1,"28":1,"29":1,"30":0,"31":0,"32":0,"33":0,"34":0,"35":0,"36":3},"f":{"0":14,"1":98,"2":14,"3":14,"4":0,"5":0,"6":14,"7":1,"8":0,"9":0,"10":0,"11":0,"12":0,"13":0},"b":{"0":[0,0],"1":[0,0],"2":[0,14],"3":[14,0],"4":[1,0],"5":[14,84],"6":[0,0],"7":[14,0],"8":[0,14],"9":[0,0],"10":[14,0],"11":[0,0],"12":[0,0],"13":[0,0],"14":[0,0],"15":[0,0],"16":[0,0]},"meta":{"lastBranch":17,"lastFunction":14,"lastStatement":37,"seen":{"s:21:19:31:Infinity":0,"s:33:6:243:Infinity":1,"f:33:20:33:Infinity":0,"s:34:43:34:Infinity":2,"s:35:8:35:Infinity":3,"s:36:25:36:Infinity":4,"s:37:8:37:Infinity":5,"s:38:8:38:Infinity":6,"s:40:19:40:Infinity":7,"f:40:19:40:20":1,"s:40:37:40:Infinity":8,"s:43:2:45:Infinity":9,"f:43:12:43:Infinity":2,"s:44:4:44:Infinity":10,"s:48:2:74:Infinity":11,"f:48:12:48:Infinity":3,"s:49:25:54:Infinity":12,"f:49:25:49:26":4,"b:50:6:53:Infinity:undefined:undefined:undefined:undefined":0,"s:50:6:53:Infinity":13,"b:50:10:50:32:50:32:50:48":1,"s:51:8:51:Infinity":14,"s:52:8:52:Infinity":15,"b:56:4:68:Infinity:66:11:68:Infinity":2,"s:56:4:68:Infinity":16,"s:57:6:57:Infinity":17,"s:59:6:59:Infinity":18,"s:62:6:65:Infinity":19,"f:62:17:62:Infinity":5,"s:63:26:63:Infinity":20,"s:64:8:64:Infinity":21,"s:67:6:67:Infinity":22,"s:70:4:73:Infinity":23,"f:70:11:70:Infinity":6,"s:71:6:71:Infinity":24,"s:72:6:72:Infinity":25,"b:83:25:83:50:83:50:83:Infinity":3,"f:95:23:95:24":7,"s:96:28:96:43":26,"b:97:16:100:Infinity:undefined:undefined:undefined:undefined":4,"s:97:16:100:Infinity":27,"s:98:18:98:38":28,"s:99:18:99:Infinity":29,"b:114:22:114:Infinity:115:22:115:Infinity":5,"f:130:23:130:29":8,"s:130:29:130:Infinity":30,"b:130:53:130:60:130:60:130:Infinity":6,"b:138:41:138:65:138:65:138:Infinity":7,"f:153:23:153:29":9,"s:153:29:153:Infinity":31,"b:157:20:159:Infinity:160:20:162:Infinity":8,"b:158:22:158:Infinity:159:22:159:Infinity":9,"b:161:22:161:Infinity:162:22:162:Infinity":10,"f:176:23:176:29":10,"s:176:29:176:Infinity":32,"b:185:42:185:64:185:64:185:Infinity":11,"f:192:29:192:35":11,"s:192:35:192:Infinity":33,"b:195:26:195:Infinity:196:26:196:Infinity":12,"b:210:39:210:49:210:49:210:Infinity":13,"f:217:29:217:Infinity":12,"s:218:22:218:Infinity":34,"b:218:46:218:53:218:53:218:Infinity":14,"b:223:37:223:49:223:49:223:Infinity":15,"b:226:47:226:71:226:71:226:Infinity":16,"f:233:29:233:35":13,"s:233:35:233:Infinity":35,"s:245:0:245:Infinity":36}}}
,"D:\\Brashline\\brashline-social-engine-88057\\src\\components\\layout\\RootLayout.tsx": {"path":"D:\\Brashline\\brashline-social-engine-88057\\src\\components\\layout\\RootLayout.tsx","statementMap":{},"fnMap":{"0":{"name":"RootLayout","decl":{"start":{"line":28,"column":16},"end":{"line":28,"column":27}},"loc":{"start":{"line":28,"column":56},"end":{"line":47,"column":null}},"line":28}},"branchMap":{},"s":{},"f":{"0":10},"b":{},"meta":{"lastBranch":0,"lastFunction":1,"lastStatement":0,"seen":{"f:28:16:28:27":0}}}
,"D:\\Brashline\\brashline-social-engine-88057\\src\\components\\navigation\\Breadcrumbs.tsx": {"path":"D:\\Brashline\\brashline-social-engine-88057\\src\\components\\navigation\\Breadcrumbs.tsx","statementMap":{"0":{"start":{"line":17,"column":2},"end":{"line":20,"column":null}},"1":{"start":{"line":19,"column":16},"end":{"line":19,"column":null}},"2":{"start":{"line":23,"column":27},"end":{"line":62,"column":null}},"3":{"start":{"line":24,"column":8},"end":{"line":24,"column":null}},"4":{"start":{"line":26,"column":8},"end":{"line":33,"column":null}},"5":{"start":{"line":27,"column":18},"end":{"line":27,"column":null}},"6":{"start":{"line":28,"column":19},"end":{"line":31,"column":null}},"7":{"start":{"line":29,"column":19},"end":{"line":29,"column":null}},"8":{"start":{"line":30,"column":6},"end":{"line":30,"column":null}},"9":{"start":{"line":32,"column":4},"end":{"line":32,"column":null}},"10":{"start":{"line":35,"column":2},"end":{"line":35,"column":null}},"11":{"start":{"line":35,"column":58},"end":{"line":35,"column":null}}},"fnMap":{"0":{"name":"toTitle","decl":{"start":{"line":16,"column":9},"end":{"line":16,"column":17}},"loc":{"start":{"line":16,"column":32},"end":{"line":21,"column":null}},"line":16},"1":{"name":"(anonymous_1)","decl":{"start":{"line":19,"column":9},"end":{"line":19,"column":10}},"loc":{"start":{"line":19,"column":16},"end":{"line":19,"column":null}},"line":19},"2":{"name":"(anonymous_2)","decl":{"start":{"line":23,"column":27},"end":{"line":23,"column":null}},"loc":{"start":{"line":23,"column":27},"end":{"line":62,"column":null}},"line":23},"3":{"name":"(anonymous_3)","decl":{"start":{"line":26,"column":27},"end":{"line":26,"column":null}},"loc":{"start":{"line":26,"column":27},"end":{"line":33,"column":5}},"line":26},"4":{"name":"(anonymous_4)","decl":{"start":{"line":28,"column":29},"end":{"line":28,"column":30}},"loc":{"start":{"line":28,"column":36},"end":{"line":31,"column":null}},"line":28}},"branchMap":{"0":{"loc":{"start":{"line":35,"column":2},"end":{"line":35,"column":null}},"type":"if","locations":[{"start":{"line":35,"column":2},"end":{"line":35,"column":null}},{"start":{},"end":{}}],"line":35},"1":{"loc":{"start":{"line":35,"column":6},"end":{"line":35,"column":58}},"type":"binary-expr","locations":[{"start":{"line":35,"column":6},"end":{"line":35,"column":35}},{"start":{"line":35,"column":35},"end":{"line":35,"column":58}}],"line":35}},"s":{"0":0,"1":0,"2":2,"3":9,"4":9,"5":9,"6":9,"7":0,"8":0,"9":9,"10":9,"11":9},"f":{"0":0,"1":0,"2":9,"3":9,"4":0},"b":{"0":[9,0],"1":[9,0]},"meta":{"lastBranch":2,"lastFunction":5,"lastStatement":12,"seen":{"f:16:9:16:17":0,"s:17:2:20:Infinity":0,"f:19:9:19:10":1,"s:19:16:19:Infinity":1,"s:23:27:62:Infinity":2,"f:23:27:23:Infinity":2,"s:24:8:24:Infinity":3,"s:26:8:33:Infinity":4,"f:26:27:26:Infinity":3,"s:27:18:27:Infinity":5,"s:28:19:31:Infinity":6,"f:28:29:28:30":4,"s:29:19:29:Infinity":7,"s:30:6:30:Infinity":8,"s:32:4:32:Infinity":9,"b:35:2:35:Infinity:undefined:undefined:undefined:undefined":0,"s:35:2:35:Infinity":10,"b:35:6:35:35:35:35:35:58":1,"s:35:58:35:Infinity":11}}}
,"D:\\Brashline\\brashline-social-engine-88057\\src\\components\\ui\\badge.tsx": {"path":"D:\\Brashline\\brashline-social-engine-88057\\src\\components\\ui\\badge.tsx","statementMap":{"0":{"start":{"line":18,"column":6},"end":{"line":34,"column":null}}},"fnMap":{"0":{"name":"Badge","decl":{"start":{"line":41,"column":9},"end":{"line":41,"column":15}},"loc":{"start":{"line":41,"column":59},"end":{"line":43,"column":null}},"line":41}},"branchMap":{},"s":{"0":4},"f":{"0":16},"b":{},"meta":{"lastBranch":0,"lastFunction":1,"lastStatement":1,"seen":{"s:18:6:34:Infinity":0,"f:41:9:41:15":0}}}
,"D:\\Brashline\\brashline-social-engine-88057\\src\\components\\ui\\border-beam.tsx": {"path":"D:\\Brashline\\brashline-social-engine-88057\\src\\components\\ui\\border-beam.tsx","statementMap":{"0":{"start":{"line":26,"column":26},"end":{"line":61,"column":null}}},"fnMap":{"0":{"name":"(anonymous_0)","decl":{"start":{"line":26,"column":26},"end":{"line":26,"column":27}},"loc":{"start":{"line":35,"column":18},"end":{"line":61,"column":null}},"line":35}},"branchMap":{"0":{"loc":{"start":{"line":28,"column":2},"end":{"line":28,"column":12}},"type":"default-arg","locations":[{"start":{"line":28,"column":9},"end":{"line":28,"column":12}}],"line":28},"1":{"loc":{"start":{"line":29,"column":2},"end":{"line":29,"column":15}},"type":"default-arg","locations":[{"start":{"line":29,"column":13},"end":{"line":29,"column":15}}],"line":29},"2":{"loc":{"start":{"line":30,"column":2},"end":{"line":30,"column":13}},"type":"default-arg","locations":[{"start":{"line":30,"column":11},"end":{"line":30,"column":13}}],"line":30},"3":{"loc":{"start":{"line":31,"column":2},"end":{"line":31,"column":19}},"type":"default-arg","locations":[{"start":{"line":31,"column":16},"end":{"line":31,"column":19}}],"line":31},"4":{"loc":{"start":{"line":32,"column":2},"end":{"line":32,"column":23}},"type":"default-arg","locations":[{"start":{"line":32,"column":14},"end":{"line":32,"column":23}}],"line":32},"5":{"loc":{"start":{"line":33,"column":2},"end":{"line":33,"column":21}},"type":"default-arg","locations":[{"start":{"line":33,"column":12},"end":{"line":33,"column":21}}],"line":33},"6":{"loc":{"start":{"line":34,"column":2},"end":{"line":34,"column":11}},"type":"default-arg","locations":[{"start":{"line":34,"column":10},"end":{"line":34,"column":11}}],"line":34}},"s":{"0":2},"f":{"0":8},"b":{"0":[8],"1":[8],"2":[8],"3":[8],"4":[8],"5":[8],"6":[8]},"meta":{"lastBranch":7,"lastFunction":1,"lastStatement":1,"seen":{"s:26:26:61:Infinity":0,"f:26:26:26:27":0,"b:28:9:28:12":0,"b:29:13:29:15":1,"b:30:11:30:13":2,"b:31:16:31:19":3,"b:32:14:32:23":4,"b:33:12:33:21":5,"b:34:10:34:11":6}}}
,"D:\\Brashline\\brashline-social-engine-88057\\src\\components\\ui\\button.tsx": {"path":"D:\\Brashline\\brashline-social-engine-88057\\src\\components\\ui\\button.tsx","statementMap":{"0":{"start":{"line":19,"column":6},"end":{"line":42,"column":null}},"1":{"start":{"line":51,"column":15},"end":{"line":61,"column":null}},"2":{"start":{"line":53,"column":17},"end":{"line":53,"column":null}},"3":{"start":{"line":63,"column":0},"end":{"line":63,"column":null}}},"fnMap":{"0":{"name":"(anonymous_0)","decl":{"start":{"line":52,"column":2},"end":{"line":52,"column":3}},"loc":{"start":{"line":52,"column":60},"end":{"line":61,"column":null}},"line":52}},"branchMap":{"0":{"loc":{"start":{"line":52,"column":31},"end":{"line":52,"column":46}},"type":"default-arg","locations":[{"start":{"line":52,"column":41},"end":{"line":52,"column":46}}],"line":52},"1":{"loc":{"start":{"line":53,"column":17},"end":{"line":53,"column":null}},"type":"cond-expr","locations":[{"start":{"line":53,"column":27},"end":{"line":53,"column":34}},{"start":{"line":53,"column":34},"end":{"line":53,"column":null}}],"line":53}},"s":{"0":5,"1":5,"2":70,"3":5},"f":{"0":70},"b":{"0":[70],"1":[17,53]},"meta":{"lastBranch":2,"lastFunction":1,"lastStatement":4,"seen":{"s:19:6:42:Infinity":0,"s:51:15:61:Infinity":1,"f:52:2:52:3":0,"b:52:41:52:46":0,"s:53:17:53:Infinity":2,"b:53:27:53:34:53:34:53:Infinity":1,"s:63:0:63:Infinity":3}}}
,"D:\\Brashline\\brashline-social-engine-88057\\src\\components\\ui\\card.tsx": {"path":"D:\\Brashline\\brashline-social-engine-88057\\src\\components\\ui\\card.tsx","statementMap":{"0":{"start":{"line":26,"column":0},"end":{"line":26,"column":null}},"1":{"start":{"line":33,"column":0},"end":{"line":33,"column":null}},"2":{"start":{"line":44,"column":0},"end":{"line":44,"column":null}},"3":{"start":{"line":52,"column":0},"end":{"line":52,"column":null}},"4":{"start":{"line":59,"column":0},"end":{"line":59,"column":null}},"5":{"start":{"line":66,"column":0},"end":{"line":66,"column":null}}},"fnMap":{},"branchMap":{},"s":{"0":3,"1":3,"2":3,"3":3,"4":3,"5":3},"f":{},"b":{},"meta":{"lastBranch":0,"lastFunction":0,"lastStatement":6,"seen":{"s:26:0:26:Infinity":0,"s:33:0:33:Infinity":1,"s:44:0:44:Infinity":2,"s:52:0:52:Infinity":3,"s:59:0:59:Infinity":4,"s:66:0:66:Infinity":5}}}
,"D:\\Brashline\\brashline-social-engine-88057\\src\\components\\ui\\carousel.tsx": {"path":"D:\\Brashline\\brashline-social-engine-88057\\src\\components\\ui\\carousel.tsx","statementMap":{"0":{"start":{"line":41,"column":24},"end":{"line":41,"column":null}},"1":{"start":{"line":44,"column":18},"end":{"line":44,"column":null}},"2":{"start":{"line":46,"column":2},"end":{"line":48,"column":null}},"3":{"start":{"line":47,"column":4},"end":{"line":47,"column":null}},"4":{"start":{"line":50,"column":2},"end":{"line":50,"column":null}},"5":{"start":{"line":53,"column":17},"end":{"line":144,"column":null}},"6":{"start":{"line":57,"column":26},"end":{"line":62,"column":null}},"7":{"start":{"line":64,"column":44},"end":{"line":64,"column":null}},"8":{"start":{"line":65,"column":44},"end":{"line":65,"column":null}},"9":{"start":{"line":67,"column":19},"end":{"line":74,"column":null}},"10":{"start":{"line":68,"column":4},"end":{"line":70,"column":null}},"11":{"start":{"line":69,"column":6},"end":{"line":69,"column":null}},"12":{"start":{"line":72,"column":4},"end":{"line":72,"column":null}},"13":{"start":{"line":73,"column":4},"end":{"line":73,"column":null}},"14":{"start":{"line":76,"column":21},"end":{"line":78,"column":null}},"15":{"start":{"line":77,"column":4},"end":{"line":77,"column":null}},"16":{"start":{"line":80,"column":21},"end":{"line":82,"column":null}},"17":{"start":{"line":81,"column":4},"end":{"line":81,"column":null}},"18":{"start":{"line":84,"column":24},"end":{"line":94,"column":null}},"19":{"start":{"line":86,"column":6},"end":{"line":92,"column":null}},"20":{"start":{"line":87,"column":8},"end":{"line":87,"column":null}},"21":{"start":{"line":88,"column":8},"end":{"line":88,"column":null}},"22":{"start":{"line":89,"column":13},"end":{"line":92,"column":null}},"23":{"start":{"line":90,"column":8},"end":{"line":90,"column":null}},"24":{"start":{"line":91,"column":8},"end":{"line":91,"column":null}},"25":{"start":{"line":97,"column":2},"end":{"line":103,"column":null}},"26":{"start":{"line":98,"column":4},"end":{"line":100,"column":null}},"27":{"start":{"line":99,"column":6},"end":{"line":99,"column":null}},"28":{"start":{"line":102,"column":4},"end":{"line":102,"column":null}},"29":{"start":{"line":105,"column":2},"end":{"line":117,"column":null}},"30":{"start":{"line":106,"column":4},"end":{"line":108,"column":null}},"31":{"start":{"line":107,"column":6},"end":{"line":107,"column":null}},"32":{"start":{"line":110,"column":4},"end":{"line":110,"column":null}},"33":{"start":{"line":111,"column":4},"end":{"line":111,"column":null}},"34":{"start":{"line":112,"column":4},"end":{"line":112,"column":null}},"35":{"start":{"line":114,"column":4},"end":{"line":116,"column":null}},"36":{"start":{"line":115,"column":6},"end":{"line":115,"column":null}},"37":{"start":{"line":145,"column":0},"end":{"line":145,"column":null}},"38":{"start":{"line":147,"column":24},"end":{"line":164,"column":null}},"39":{"start":{"line":149,"column":41},"end":{"line":149,"column":null}},"40":{"start":{"line":166,"column":0},"end":{"line":166,"column":null}},"41":{"start":{"line":168,"column":21},"end":{"line":185,"column":null}},"42":{"start":{"line":170,"column":28},"end":{"line":170,"column":null}},"43":{"start":{"line":187,"column":0},"end":{"line":187,"column":null}},"44":{"start":{"line":189,"column":25},"end":{"line":214,"column":null}},"45":{"start":{"line":191,"column":55},"end":{"line":191,"column":null}},"46":{"start":{"line":216,"column":0},"end":{"line":216,"column":null}},"47":{"start":{"line":218,"column":21},"end":{"line":243,"column":null}},"48":{"start":{"line":220,"column":55},"end":{"line":220,"column":null}},"49":{"start":{"line":245,"column":0},"end":{"line":245,"column":null}},"50":{"start":{"line":247,"column":21},"end":{"line":288,"column":null}},"51":{"start":{"line":249,"column":20},"end":{"line":249,"column":null}},"52":{"start":{"line":250,"column":46},"end":{"line":250,"column":null}},"53":{"start":{"line":251,"column":42},"end":{"line":251,"column":null}},"54":{"start":{"line":253,"column":4},"end":{"line":267,"column":null}},"55":{"start":{"line":254,"column":6},"end":{"line":254,"column":null}},"56":{"start":{"line":254,"column":16},"end":{"line":254,"column":null}},"57":{"start":{"line":256,"column":6},"end":{"line":256,"column":null}},"58":{"start":{"line":257,"column":6},"end":{"line":257,"column":null}},"59":{"start":{"line":259,"column":23},"end":{"line":261,"column":null}},"60":{"start":{"line":260,"column":8},"end":{"line":260,"column":null}},"61":{"start":{"line":263,"column":6},"end":{"line":263,"column":null}},"62":{"start":{"line":264,"column":6},"end":{"line":266,"column":null}},"63":{"start":{"line":265,"column":8},"end":{"line":265,"column":null}},"64":{"start":{"line":269,"column":4},"end":{"line":269,"column":null}},"65":{"start":{"line":269,"column":33},"end":{"line":269,"column":null}},"66":{"start":{"line":282,"column":27},"end":{"line":282,"column":null}},"67":{"start":{"line":290,"column":0},"end":{"line":290,"column":null}},"68":{"start":{"line":292,"column":31},"end":{"line":323,"column":null}},"69":{"start":{"line":296,"column":44},"end":{"line":296,"column":null}},"70":{"start":{"line":298,"column":2},"end":{"line":301,"column":null}},"71":{"start":{"line":299,"column":18},"end":{"line":299,"column":null}},"72":{"start":{"line":299,"column":35},"end":{"line":299,"column":60}},"73":{"start":{"line":300,"column":4},"end":{"line":300,"column":null}},"74":{"start":{"line":300,"column":17},"end":{"line":300,"column":null}},"75":{"start":{"line":303,"column":2},"end":{"line":303,"column":null}},"76":{"start":{"line":303,"column":22},"end":{"line":303,"column":null}},"77":{"start":{"line":324,"column":0},"end":{"line":324,"column":null}}},"fnMap":{"0":{"name":"useCarousel","decl":{"start":{"line":43,"column":9},"end":{"line":43,"column":null}},"loc":{"start":{"line":43,"column":9},"end":{"line":51,"column":null}},"line":43},"1":{"name":"(anonymous_1)","decl":{"start":{"line":56,"column":2},"end":{"line":56,"column":3}},"loc":{"start":{"line":56,"column":89},"end":{"line":144,"column":null}},"line":56},"2":{"name":"(anonymous_2)","decl":{"start":{"line":67,"column":37},"end":{"line":67,"column":38}},"loc":{"start":{"line":67,"column":38},"end":{"line":74,"column":5}},"line":67},"3":{"name":"(anonymous_3)","decl":{"start":{"line":76,"column":39},"end":{"line":76,"column":null}},"loc":{"start":{"line":76,"column":39},"end":{"line":78,"column":5}},"line":76},"4":{"name":"(anonymous_4)","decl":{"start":{"line":80,"column":39},"end":{"line":80,"column":null}},"loc":{"start":{"line":80,"column":39},"end":{"line":82,"column":5}},"line":80},"5":{"name":"(anonymous_5)","decl":{"start":{"line":85,"column":4},"end":{"line":85,"column":5}},"loc":{"start":{"line":85,"column":5},"end":{"line":93,"column":null}},"line":85},"6":{"name":"(anonymous_6)","decl":{"start":{"line":97,"column":18},"end":{"line":97,"column":null}},"loc":{"start":{"line":97,"column":18},"end":{"line":103,"column":5}},"line":97},"7":{"name":"(anonymous_7)","decl":{"start":{"line":105,"column":18},"end":{"line":105,"column":null}},"loc":{"start":{"line":105,"column":18},"end":{"line":117,"column":5}},"line":105},"8":{"name":"(anonymous_8)","decl":{"start":{"line":114,"column":11},"end":{"line":114,"column":null}},"loc":{"start":{"line":114,"column":11},"end":{"line":116,"column":null}},"line":114},"9":{"name":"(anonymous_9)","decl":{"start":{"line":148,"column":2},"end":{"line":148,"column":3}},"loc":{"start":{"line":148,"column":28},"end":{"line":164,"column":null}},"line":148},"10":{"name":"(anonymous_10)","decl":{"start":{"line":169,"column":2},"end":{"line":169,"column":3}},"loc":{"start":{"line":169,"column":28},"end":{"line":185,"column":null}},"line":169},"11":{"name":"(anonymous_11)","decl":{"start":{"line":190,"column":2},"end":{"line":190,"column":3}},"loc":{"start":{"line":190,"column":64},"end":{"line":214,"column":null}},"line":190},"12":{"name":"(anonymous_12)","decl":{"start":{"line":219,"column":2},"end":{"line":219,"column":3}},"loc":{"start":{"line":219,"column":64},"end":{"line":243,"column":null}},"line":219},"13":{"name":"(anonymous_13)","decl":{"start":{"line":248,"column":2},"end":{"line":248,"column":3}},"loc":{"start":{"line":248,"column":28},"end":{"line":288,"column":null}},"line":248},"14":{"name":"(anonymous_14)","decl":{"start":{"line":253,"column":20},"end":{"line":253,"column":null}},"loc":{"start":{"line":253,"column":20},"end":{"line":267,"column":7}},"line":253},"15":{"name":"(anonymous_15)","decl":{"start":{"line":259,"column":23},"end":{"line":259,"column":null}},"loc":{"start":{"line":259,"column":23},"end":{"line":261,"column":null}},"line":259},"16":{"name":"(anonymous_16)","decl":{"start":{"line":264,"column":13},"end":{"line":264,"column":null}},"loc":{"start":{"line":264,"column":13},"end":{"line":266,"column":null}},"line":264},"17":{"name":"(anonymous_17)","decl":{"start":{"line":282,"column":21},"end":{"line":282,"column":27}},"loc":{"start":{"line":282,"column":27},"end":{"line":282,"column":null}},"line":282},"18":{"name":"(anonymous_18)","decl":{"start":{"line":295,"column":2},"end":{"line":295,"column":3}},"loc":{"start":{"line":295,"column":28},"end":{"line":323,"column":null}},"line":295},"19":{"name":"(anonymous_19)","decl":{"start":{"line":298,"column":18},"end":{"line":298,"column":null}},"loc":{"start":{"line":298,"column":18},"end":{"line":301,"column":5}},"line":298},"20":{"name":"(anonymous_20)","decl":{"start":{"line":299,"column":29},"end":{"line":299,"column":35}},"loc":{"start":{"line":299,"column":35},"end":{"line":299,"column":60}},"line":299},"21":{"name":"(anonymous_21)","decl":{"start":{"line":300,"column":11},"end":{"line":300,"column":17}},"loc":{"start":{"line":300,"column":17},"end":{"line":300,"column":null}},"line":300}},"branchMap":{"0":{"loc":{"start":{"line":46,"column":2},"end":{"line":48,"column":null}},"type":"if","locations":[{"start":{"line":46,"column":2},"end":{"line":48,"column":null}},{"start":{},"end":{}}],"line":46},"1":{"loc":{"start":{"line":56,"column":5},"end":{"line":56,"column":31}},"type":"default-arg","locations":[{"start":{"line":56,"column":19},"end":{"line":56,"column":31}}],"line":56},"2":{"loc":{"start":{"line":60,"column":12},"end":{"line":60,"column":null}},"type":"cond-expr","locations":[{"start":{"line":60,"column":43},"end":{"line":60,"column":49}},{"start":{"line":60,"column":49},"end":{"line":60,"column":null}}],"line":60},"3":{"loc":{"start":{"line":68,"column":4},"end":{"line":70,"column":null}},"type":"if","locations":[{"start":{"line":68,"column":4},"end":{"line":70,"column":null}},{"start":{},"end":{}}],"line":68},"4":{"loc":{"start":{"line":86,"column":6},"end":{"line":92,"column":null}},"type":"if","locations":[{"start":{"line":86,"column":6},"end":{"line":92,"column":null}},{"start":{"line":89,"column":13},"end":{"line":92,"column":null}}],"line":86},"5":{"loc":{"start":{"line":89,"column":13},"end":{"line":92,"column":null}},"type":"if","locations":[{"start":{"line":89,"column":13},"end":{"line":92,"column":null}},{"start":{},"end":{}}],"line":89},"6":{"loc":{"start":{"line":98,"column":4},"end":{"line":100,"column":null}},"type":"if","locations":[{"start":{"line":98,"column":4},"end":{"line":100,"column":null}},{"start":{},"end":{}}],"line":98},"7":{"loc":{"start":{"line":98,"column":8},"end":{"line":98,"column":25}},"type":"binary-expr","locations":[{"start":{"line":98,"column":8},"end":{"line":98,"column":16}},{"start":{"line":98,"column":16},"end":{"line":98,"column":25}}],"line":98},"8":{"loc":{"start":{"line":106,"column":4},"end":{"line":108,"column":null}},"type":"if","locations":[{"start":{"line":106,"column":4},"end":{"line":108,"column":null}},{"start":{},"end":{}}],"line":106},"9":{"loc":{"start":{"line":125,"column":21},"end":{"line":125,"column":null}},"type":"binary-expr","locations":[{"start":{"line":125,"column":21},"end":{"line":125,"column":37}},{"start":{"line":125,"column":37},"end":{"line":125,"column":82}}],"line":125},"10":{"loc":{"start":{"line":125,"column":37},"end":{"line":125,"column":82}},"type":"cond-expr","locations":[{"start":{"line":125,"column":58},"end":{"line":125,"column":71}},{"start":{"line":125,"column":71},"end":{"line":125,"column":82}}],"line":125},"11":{"loc":{"start":{"line":157,"column":12},"end":{"line":157,"column":null}},"type":"cond-expr","locations":[{"start":{"line":157,"column":43},"end":{"line":157,"column":53}},{"start":{"line":157,"column":53},"end":{"line":157,"column":null}}],"line":157},"12":{"loc":{"start":{"line":179,"column":10},"end":{"line":179,"column":null}},"type":"cond-expr","locations":[{"start":{"line":179,"column":41},"end":{"line":179,"column":50}},{"start":{"line":179,"column":50},"end":{"line":179,"column":null}}],"line":179},"13":{"loc":{"start":{"line":190,"column":16},"end":{"line":190,"column":35}},"type":"default-arg","locations":[{"start":{"line":190,"column":26},"end":{"line":190,"column":35}}],"line":190},"14":{"loc":{"start":{"line":190,"column":37},"end":{"line":190,"column":50}},"type":"default-arg","locations":[{"start":{"line":190,"column":44},"end":{"line":190,"column":50}}],"line":190},"15":{"loc":{"start":{"line":201,"column":10},"end":{"line":203,"column":null}},"type":"cond-expr","locations":[{"start":{"line":202,"column":14},"end":{"line":202,"column":null}},{"start":{"line":203,"column":14},"end":{"line":203,"column":null}}],"line":201},"16":{"loc":{"start":{"line":219,"column":16},"end":{"line":219,"column":35}},"type":"default-arg","locations":[{"start":{"line":219,"column":26},"end":{"line":219,"column":35}}],"line":219},"17":{"loc":{"start":{"line":219,"column":37},"end":{"line":219,"column":50}},"type":"default-arg","locations":[{"start":{"line":219,"column":44},"end":{"line":219,"column":50}}],"line":219},"18":{"loc":{"start":{"line":230,"column":10},"end":{"line":232,"column":null}},"type":"cond-expr","locations":[{"start":{"line":231,"column":14},"end":{"line":231,"column":null}},{"start":{"line":232,"column":14},"end":{"line":232,"column":null}}],"line":230},"19":{"loc":{"start":{"line":254,"column":6},"end":{"line":254,"column":null}},"type":"if","locations":[{"start":{"line":254,"column":6},"end":{"line":254,"column":null}},{"start":{},"end":{}}],"line":254},"20":{"loc":{"start":{"line":269,"column":4},"end":{"line":269,"column":null}},"type":"if","locations":[{"start":{"line":269,"column":4},"end":{"line":269,"column":null}},{"start":{},"end":{}}],"line":269},"21":{"loc":{"start":{"line":278,"column":14},"end":{"line":280,"column":null}},"type":"cond-expr","locations":[{"start":{"line":279,"column":18},"end":{"line":279,"column":null}},{"start":{"line":280,"column":18},"end":{"line":280,"column":null}}],"line":278},"22":{"loc":{"start":{"line":303,"column":2},"end":{"line":303,"column":null}},"type":"if","locations":[{"start":{"line":303,"column":2},"end":{"line":303,"column":null}},{"start":{},"end":{}}],"line":303}},"s":{"0":1,"1":16,"2":16,"3":0,"4":16,"5":1,"6":5,"7":5,"8":5,"9":5,"10":1,"11":0,"12":1,"13":1,"14":5,"15":0,"16":5,"17":0,"18":5,"19":0,"20":0,"21":0,"22":0,"23":0,"24":0,"25":5,"26":2,"27":2,"28":0,"29":5,"30":2,"31":1,"32":1,"33":1,"34":1,"35":1,"36":1,"37":1,"38":1,"39":3,"40":1,"41":1,"42":3,"43":1,"44":1,"45":3,"46":1,"47":1,"48":3,"49":1,"50":1,"51":4,"52":4,"53":4,"54":4,"55":2,"56":1,"57":1,"58":1,"59":1,"60":0,"61":1,"62":1,"63":1,"64":4,"65":4,"66":0,"67":1,"68":1,"69":3,"70":3,"71":1,"72":1,"73":1,"74":1,"75":3,"76":1,"77":1},"f":{"0":16,"1":5,"2":1,"3":0,"4":0,"5":0,"6":2,"7":2,"8":1,"9":3,"10":3,"11":3,"12":3,"13":4,"14":2,"15":0,"16":1,"17":0,"18":3,"19":1,"20":1,"21":1},"b":{"0":[0,16],"1":[5],"2":[4,0],"3":[0,1],"4":[0,0],"5":[0,0],"6":[2,0],"7":[2,1],"8":[1,1],"9":[5,0],"10":[0,0],"11":[3,0],"12":[3,0],"13":[3],"14":[3],"15":[3,0],"16":[3],"17":[3],"18":[3,0],"19":[1,1],"20":[4,0],"21":[0,0],"22":[1,2]},"meta":{"lastBranch":23,"lastFunction":22,"lastStatement":78,"seen":{"s:41:24:41:Infinity":0,"f:43:9:43:Infinity":0,"s:44:18:44:Infinity":1,"b:46:2:48:Infinity:undefined:undefined:undefined:undefined":0,"s:46:2:48:Infinity":2,"s:47:4:47:Infinity":3,"s:50:2:50:Infinity":4,"s:53:17:144:Infinity":5,"f:56:2:56:3":1,"b:56:19:56:31":1,"s:57:26:62:Infinity":6,"b:60:43:60:49:60:49:60:Infinity":2,"s:64:44:64:Infinity":7,"s:65:44:65:Infinity":8,"s:67:19:74:Infinity":9,"f:67:37:67:38":2,"b:68:4:70:Infinity:undefined:undefined:undefined:undefined":3,"s:68:4:70:Infinity":10,"s:69:6:69:Infinity":11,"s:72:4:72:Infinity":12,"s:73:4:73:Infinity":13,"s:76:21:78:Infinity":14,"f:76:39:76:Infinity":3,"s:77:4:77:Infinity":15,"s:80:21:82:Infinity":16,"f:80:39:80:Infinity":4,"s:81:4:81:Infinity":17,"s:84:24:94:Infinity":18,"f:85:4:85:5":5,"b:86:6:92:Infinity:89:13:92:Infinity":4,"s:86:6:92:Infinity":19,"s:87:8:87:Infinity":20,"s:88:8:88:Infinity":21,"b:89:13:92:Infinity:undefined:undefined:undefined:undefined":5,"s:89:13:92:Infinity":22,"s:90:8:90:Infinity":23,"s:91:8:91:Infinity":24,"s:97:2:103:Infinity":25,"f:97:18:97:Infinity":6,"b:98:4:100:Infinity:undefined:undefined:undefined:undefined":6,"s:98:4:100:Infinity":26,"b:98:8:98:16:98:16:98:25":7,"s:99:6:99:Infinity":27,"s:102:4:102:Infinity":28,"s:105:2:117:Infinity":29,"f:105:18:105:Infinity":7,"b:106:4:108:Infinity:undefined:undefined:undefined:undefined":8,"s:106:4:108:Infinity":30,"s:107:6:107:Infinity":31,"s:110:4:110:Infinity":32,"s:111:4:111:Infinity":33,"s:112:4:112:Infinity":34,"s:114:4:116:Infinity":35,"f:114:11:114:Infinity":8,"s:115:6:115:Infinity":36,"b:125:21:125:37:125:37:125:82":9,"b:125:58:125:71:125:71:125:82":10,"s:145:0:145:Infinity":37,"s:147:24:164:Infinity":38,"f:148:2:148:3":9,"s:149:41:149:Infinity":39,"b:157:43:157:53:157:53:157:Infinity":11,"s:166:0:166:Infinity":40,"s:168:21:185:Infinity":41,"f:169:2:169:3":10,"s:170:28:170:Infinity":42,"b:179:41:179:50:179:50:179:Infinity":12,"s:187:0:187:Infinity":43,"s:189:25:214:Infinity":44,"f:190:2:190:3":11,"b:190:26:190:35":13,"b:190:44:190:50":14,"s:191:55:191:Infinity":45,"b:202:14:202:Infinity:203:14:203:Infinity":15,"s:216:0:216:Infinity":46,"s:218:21:243:Infinity":47,"f:219:2:219:3":12,"b:219:26:219:35":16,"b:219:44:219:50":17,"s:220:55:220:Infinity":48,"b:231:14:231:Infinity:232:14:232:Infinity":18,"s:245:0:245:Infinity":49,"s:247:21:288:Infinity":50,"f:248:2:248:3":13,"s:249:20:249:Infinity":51,"s:250:46:250:Infinity":52,"s:251:42:251:Infinity":53,"s:253:4:267:Infinity":54,"f:253:20:253:Infinity":14,"b:254:6:254:Infinity:undefined:undefined:undefined:undefined":19,"s:254:6:254:Infinity":55,"s:254:16:254:Infinity":56,"s:256:6:256:Infinity":57,"s:257:6:257:Infinity":58,"s:259:23:261:Infinity":59,"f:259:23:259:Infinity":15,"s:260:8:260:Infinity":60,"s:263:6:263:Infinity":61,"s:264:6:266:Infinity":62,"f:264:13:264:Infinity":16,"s:265:8:265:Infinity":63,"b:269:4:269:Infinity:undefined:undefined:undefined:undefined":20,"s:269:4:269:Infinity":64,"s:269:33:269:Infinity":65,"b:279:18:279:Infinity:280:18:280:Infinity":21,"f:282:21:282:27":17,"s:282:27:282:Infinity":66,"s:290:0:290:Infinity":67,"s:292:31:323:Infinity":68,"f:295:2:295:3":18,"s:296:44:296:Infinity":69,"s:298:2:301:Infinity":70,"f:298:18:298:Infinity":19,"s:299:18:299:Infinity":71,"f:299:29:299:35":20,"s:299:35:299:60":72,"s:300:4:300:Infinity":73,"f:300:11:300:17":21,"s:300:17:300:Infinity":74,"b:303:2:303:Infinity:undefined:undefined:undefined:undefined":22,"s:303:2:303:Infinity":75,"s:303:22:303:Infinity":76,"s:324:0:324:Infinity":77}}}
,"D:\\Brashline\\brashline-social-engine-88057\\src\\components\\ui\\dialog.tsx": {"path":"D:\\Brashline\\brashline-social-engine-88057\\src\\components\\ui\\dialog.tsx","statementMap":{"0":{"start":{"line":19,"column":15},"end":{"line":19,"column":35}},"1":{"start":{"line":21,"column":22},"end":{"line":21,"column":45}},"2":{"start":{"line":23,"column":21},"end":{"line":23,"column":43}},"3":{"start":{"line":25,"column":20},"end":{"line":25,"column":41}},"4":{"start":{"line":40,"column":0},"end":{"line":40,"column":null}},"5":{"start":{"line":64,"column":0},"end":{"line":64,"column":null}},"6":{"start":{"line":69,"column":0},"end":{"line":69,"column":null}},"7":{"start":{"line":77,"column":0},"end":{"line":77,"column":null}},"8":{"start":{"line":89,"column":0},"end":{"line":89,"column":null}},"9":{"start":{"line":101,"column":0},"end":{"line":101,"column":null}}},"fnMap":{},"branchMap":{},"s":{"0":2,"1":2,"2":2,"3":2,"4":2,"5":2,"6":2,"7":2,"8":2,"9":2},"f":{},"b":{},"meta":{"lastBranch":0,"lastFunction":0,"lastStatement":10,"seen":{"s:19:15:19:35":0,"s:21:22:21:45":1,"s:23:21:23:43":2,"s:25:20:25:41":3,"s:40:0:40:Infinity":4,"s:64:0:64:Infinity":5,"s:69:0:69:Infinity":6,"s:77:0:77:Infinity":7,"s:89:0:89:Infinity":8,"s:101:0:101:Infinity":9}}}
[...]
,"D:\\Brashline\\brashline-social-engine-88057\\src\\seo\\StructuredData.tsx": {"path":"D:\\Brashline\\brashline-social-engine-88057\\src\\seo\\StructuredData.tsx","statementMap":{"0":{"start":{"line":17,"column":23},"end":{"line":47,"column":null}},"1":{"start":{"line":18,"column":8},"end":{"line":18,"column":null}},"2":{"start":{"line":19,"column":8},"end":{"line":19,"column":null}},"3":{"start":{"line":20,"column":8},"end":{"line":20,"column":null}},"4":{"start":{"line":23,"column":54},"end":{"line":23,"column":56}},"5":{"start":{"line":26,"column":2},"end":{"line":29,"column":null}},"6":{"start":{"line":32,"column":2},"end":{"line":34,"column":null}},"7":{"start":{"line":33,"column":4},"end":{"line":33,"column":null}}},"fnMap":{"0":{"name":"(anonymous_0)","decl":{"start":{"line":17,"column":23},"end":{"line":17,"column":null}},"loc":{"start":{"line":17,"column":23},"end":{"line":47,"column":null}},"line":17}},"branchMap":{"0":{"loc":{"start":{"line":26,"column":2},"end":{"line":29,"column":null}},"type":"if","locations":[{"start":{"line":26,"column":2},"end":{"line":29,"column":null}},{"start":{},"end":{}}],"line":26},"1":{"loc":{"start":{"line":32,"column":2},"end":{"line":34,"column":null}},"type":"if","locations":[{"start":{"line":32,"column":2},"end":{"line":34,"column":null}},{"start":{},"end":{}}],"line":32}},"s":{"0":1,"1":2,"2":2,"3":2,"4":2,"5":2,"6":2,"7":1},"f":{"0":2},"b":{"0":[0,2],"1":[1,1]},"meta":{"lastBranch":2,"lastFunction":1,"lastStatement":8,"seen":{"s:17:23:47:Infinity":0,"f:17:23:17:Infinity":0,"s:18:8:18:Infinity":1,"s:19:8:19:Infinity":2,"s:20:8:20:Infinity":3,"s:23:54:23:56":4,"b:26:2:29:Infinity:undefined:undefined:undefined:undefined":0,"s:26:2:29:Infinity":5,"b:32:2:34:Infinity:undefined:undefined:undefined:undefined":1,"s:32:2:34:Infinity":6,"s:33:4:33:Infinity":7}}}
,"D:\\Brashline\\brashline-social-engine-88057\\src\\seo\\seo.ts": {"path":"D:\\Brashline\\brashline-social-engine-88057\\src\\seo\\seo.ts","statementMap":{"0":{"start":{"line":6,"column":26},"end":{"line":39,"column":null}},"1":{"start":{"line":53,"column":26},"end":{"line":151,"column":null}},"2":{"start":{"line":54,"column":18},"end":{"line":54,"column":36}},"3":{"start":{"line":56,"column":41},"end":{"line":141,"column":null}},"4":{"start":{"line":143,"column":2},"end":{"line":149,"column":null}},"5":{"start":{"line":156,"column":27},"end":{"line":161,"column":null}},"6":{"start":{"line":157,"column":2},"end":{"line":157,"column":null}},"7":{"start":{"line":157,"column":18},"end":{"line":157,"column":null}},"8":{"start":{"line":158,"column":2},"end":{"line":160,"column":null}},"9":{"start":{"line":166,"column":43},"end":{"line":220,"column":null}},"10":{"start":{"line":167,"column":40},"end":{"line":167,"column":null}},"11":{"start":{"line":169,"column":2},"end":{"line":219,"column":null}},"12":{"start":{"line":225,"column":42},"end":{"line":244,"column":null}},"13":{"start":{"line":226,"column":40},"end":{"line":226,"column":null}},"14":{"start":{"line":228,"column":2},"end":{"line":243,"column":null}},"15":{"start":{"line":249,"column":40},"end":{"line":292,"column":null}},"16":{"start":{"line":256,"column":32},"end":{"line":256,"column":null}},"17":{"start":{"line":258,"column":2},"end":{"line":291,"column":null}},"18":{"start":{"line":263,"column":49},"end":{"line":290,"column":null}},"19":{"start":{"line":297,"column":41},"end":{"line":329,"column":null}},"20":{"start":{"line":304,"column":32},"end":{"line":304,"column":null}},"21":{"start":{"line":305,"column":2},"end":{"line":328,"column":null}},"22":{"start":{"line":334,"column":37},"end":{"line":352,"column":null}},"23":{"start":{"line":340,"column":2},"end":{"line":351,"column":null}},"24":{"start":{"line":343,"column":35},"end":{"line":350,"column":null}}},"fnMap":{"0":{"name":"(anonymous_0)","decl":{"start":{"line":53,"column":26},"end":{"line":53,"column":27}},"loc":{"start":{"line":53,"column":27},"end":{"line":151,"column":null}},"line":53},"1":{"name":"(anonymous_1)","decl":{"start":{"line":156,"column":27},"end":{"line":156,"column":28}},"loc":{"start":{"line":156,"column":28},"end":{"line":161,"column":null}},"line":156},"2":{"name":"(anonymous_2)","decl":{"start":{"line":166,"column":43},"end":{"line":166,"column":null}},"loc":{"start":{"line":166,"column":43},"end":{"line":220,"column":null}},"line":166},"3":{"name":"(anonymous_3)","decl":{"start":{"line":225,"column":42},"end":{"line":225,"column":null}},"loc":{"start":{"line":225,"column":42},"end":{"line":244,"column":null}},"line":225},"4":{"name":"(anonymous_4)","decl":{"start":{"line":249,"column":40},"end":{"line":249,"column":null}},"loc":{"start":{"line":250,"column":2},"end":{"line":292,"column":null}},"line":250},"5":{"name":"(anonymous_5)","decl":{"start":{"line":263,"column":34},"end":{"line":263,"column":35}},"loc":{"start":{"line":263,"column":49},"end":{"line":290,"column":null}},"line":263},"6":{"name":"(anonymous_6)","decl":{"start":{"line":297,"column":41},"end":{"line":297,"column":42}},"loc":{"start":{"line":297,"column":42},"end":{"line":329,"column":null}},"line":297},"7":{"name":"(anonymous_7)","decl":{"start":{"line":334,"column":37},"end":{"line":334,"column":null}},"loc":{"start":{"line":335,"column":2},"end":{"line":352,"column":null}},"line":335},"8":{"name":"(anonymous_8)","decl":{"start":{"line":343,"column":25},"end":{"line":343,"column":26}},"loc":{"start":{"line":343,"column":35},"end":{"line":350,"column":null}},"line":343}},"branchMap":{"0":{"loc":{"start":{"line":144,"column":4},"end":{"line":149,"column":null}},"type":"binary-expr","locations":[{"start":{"line":144,"column":4},"end":{"line":144,"column":15}},{"start":{"line":144,"column":19},"end":{"line":149,"column":null}}],"line":144},"1":{"loc":{"start":{"line":157,"column":2},"end":{"line":157,"column":null}},"type":"if","locations":[{"start":{"line":157,"column":2},"end":{"line":157,"column":null}},{"start":{},"end":{}}],"line":157},"2":{"loc":{"start":{"line":158,"column":9},"end":{"line":160,"column":45}},"type":"cond-expr","locations":[{"start":{"line":159,"column":6},"end":{"line":159,"column":null}},{"start":{"line":160,"column":6},"end":{"line":160,"column":45}}],"line":158}},"s":{"0":3,"1":3,"2":6,"3":6,"4":6,"5":3,"6":0,"7":0,"8":0,"9":3,"10":3,"11":3,"12":3,"13":3,"14":3,"15":3,"16":0,"17":0,"18":0,"19":3,"20":0,"21":0,"22":3,"23":2,"24":6},"f":{"0":6,"1":0,"2":3,"3":3,"4":0,"5":0,"6":0,"7":2,"8":6},"b":{"0":[6,0],"1":[0,0],"2":[0,0]},"meta":{"lastBranch":3,"lastFunction":9,"lastStatement":25,"seen":{"s:6:26:39:Infinity":0,"s:53:26:151:Infinity":1,"f:53:26:53:27":0,"s:54:18:54:36":2,"s:56:41:141:Infinity":3,"s:143:2:149:Infinity":4,"b:144:4:144:15:144:19:149:Infinity":0,"s:156:27:161:Infinity":5,"f:156:27:156:28":1,"b:157:2:157:Infinity:undefined:undefined:undefined:undefined":1,"s:157:2:157:Infinity":6,"s:157:18:157:Infinity":7,"s:158:2:160:Infinity":8,"b:159:6:159:Infinity:160:6:160:45":2,"s:166:43:220:Infinity":9,"f:166:43:166:Infinity":2,"s:167:40:167:Infinity":10,"s:169:2:219:Infinity":11,"s:225:42:244:Infinity":12,"f:225:42:225:Infinity":3,"s:226:40:226:Infinity":13,"s:228:2:243:Infinity":14,"s:249:40:292:Infinity":15,"f:249:40:249:Infinity":4,"s:256:32:256:Infinity":16,"s:258:2:291:Infinity":17,"f:263:34:263:35":5,"s:263:49:290:Infinity":18,"s:297:41:329:Infinity":19,"f:297:41:297:42":6,"s:304:32:304:Infinity":20,"s:305:2:328:Infinity":21,"s:334:37:352:Infinity":22,"f:334:37:334:Infinity":7,"s:340:2:351:Infinity":23,"f:343:25:343:26":8,"s:343:35:350:Infinity":24}}}
,"D:\\Brashline\\brashline-social-engine-88057\\src\\utils\\sanitizer.ts": {"path":"D:\\Brashline\\brashline-social-engine-88057\\src\\utils\\sanitizer.ts","statementMap":{"0":{"start":{"line":10,"column":2},"end":{"line":10,"column":null}},"1":{"start":{"line":10,"column":13},"end":{"line":10,"column":null}},"2":{"start":{"line":13,"column":17},"end":{"line":46,"column":null}},"3":{"start":{"line":48,"column":2},"end":{"line":48,"column":null}},"4":{"start":{"line":58,"column":2},"end":{"line":58,"column":null}},"5":{"start":{"line":58,"column":13},"end":{"line":58,"column":null}},"6":{"start":{"line":60,"column":14},"end":{"line":60,"column":null}},"7":{"start":{"line":61,"column":2},"end":{"line":61,"column":null}},"8":{"start":{"line":62,"column":2},"end":{"line":62,"column":null}},"9":{"start":{"line":72,"column":2},"end":{"line":72,"column":null}},"10":{"start":{"line":72,"column":14},"end":{"line":72,"column":null}},"11":{"start":{"line":75,"column":2},"end":{"line":75,"column":null}},"12":{"start":{"line":85,"column":2},"end":{"line":85,"column":null}},"13":{"start":{"line":85,"column":12},"end":{"line":85,"column":null}},"14":{"start":{"line":87,"column":2},"end":{"line":99,"column":null}},"15":{"start":{"line":88,"column":19},"end":{"line":88,"column":null}},"16":{"start":{"line":91,"column":4},"end":{"line":93,"column":null}},"17":{"start":{"line":92,"column":6},"end":{"line":92,"column":null}},"18":{"start":{"line":95,"column":4},"end":{"line":95,"column":null}},"19":{"start":{"line":98,"column":4},"end":{"line":98,"column":null}}},"fnMap":{"0":{"name":"sanitizeAndPreserveWhitespace","decl":{"start":{"line":9,"column":16},"end":{"line":9,"column":46}},"loc":{"start":{"line":9,"column":58},"end":{"line":49,"column":null}},"line":9},"1":{"name":"sanitizeText","decl":{"start":{"line":57,"column":16},"end":{"line":57,"column":29}},"loc":{"start":{"line":57,"column":41},"end":{"line":63,"column":null}},"line":57},"2":{"name":"sanitizeUserInput","decl":{"start":{"line":71,"column":16},"end":{"line":71,"column":34}},"loc":{"start":{"line":71,"column":47},"end":{"line":76,"column":null}},"line":71},"3":{"name":"sanitizeUrl","decl":{"start":{"line":84,"column":16},"end":{"line":84,"column":28}},"loc":{"start":{"line":84,"column":39},"end":{"line":100,"column":null}},"line":84}},"branchMap":{"0":{"loc":{"start":{"line":10,"column":2},"end":{"line":10,"column":null}},"type":"if","locations":[{"start":{"line":10,"column":2},"end":{"line":10,"column":null}},{"start":{},"end":{}}],"line":10},"1":{"loc":{"start":{"line":58,"column":2},"end":{"line":58,"column":null}},"type":"if","locations":[{"start":{"line":58,"column":2},"end":{"line":58,"column":null}},{"start":{},"end":{}}],"line":58},"2":{"loc":{"start":{"line":72,"column":2},"end":{"line":72,"column":null}},"type":"if","locations":[{"start":{"line":72,"column":2},"end":{"line":72,"column":null}},{"start":{},"end":{}}],"line":72},"3":{"loc":{"start":{"line":85,"column":2},"end":{"line":85,"column":null}},"type":"if","locations":[{"start":{"line":85,"column":2},"end":{"line":85,"column":null}},{"start":{},"end":{}}],"line":85},"4":{"loc":{"start":{"line":91,"column":4},"end":{"line":93,"column":null}},"type":"if","locations":[{"start":{"line":91,"column":4},"end":{"line":93,"column":null}},{"start":{},"end":{}}],"line":91}},"s":{"0":8,"1":1,"2":7,"3":7,"4":4,"5":1,"6":3,"7":3,"8":3,"9":4,"10":1,"11":3,"12":7,"13":1,"14":6,"15":6,"16":6,"17":2,"18":4,"19":0},"f":{"0":8,"1":4,"2":4,"3":7},"b":{"0":[1,7],"1":[1,3],"2":[1,3],"3":[1,6],"4":[2,4]},"meta":{"lastBranch":5,"lastFunction":4,"lastStatement":20,"seen":{"f:9:16:9:46":0,"b:10:2:10:Infinity:undefined:undefined:undefined:undefined":0,"s:10:2:10:Infinity":0,"s:10:13:10:Infinity":1,"s:13:17:46:Infinity":2,"s:48:2:48:Infinity":3,"f:57:16:57:29":1,"b:58:2:58:Infinity:undefined:undefined:undefined:undefined":1,"s:58:2:58:Infinity":4,"s:58:13:58:Infinity":5,"s:60:14:60:Infinity":6,"s:61:2:61:Infinity":7,"s:62:2:62:Infinity":8,"f:71:16:71:34":2,"b:72:2:72:Infinity:undefined:undefined:undefined:undefined":2,"s:72:2:72:Infinity":9,"s:72:14:72:Infinity":10,"s:75:2:75:Infinity":11,"f:84:16:84:28":3,"b:85:2:85:Infinity:undefined:undefined:undefined:undefined":3,"s:85:2:85:Infinity":12,"s:85:12:85:Infinity":13,"s:87:2:99:Infinity":14,"s:88:19:88:Infinity":15,"b:91:4:93:Infinity:undefined:undefined:undefined:undefined":4,"s:91:4:93:Infinity":16,"s:92:6:92:Infinity":17,"s:95:4:95:Infinity":18,"s:98:4:98:Infinity":19}}}
,"D:\\Brashline\\brashline-social-engine-88057\\src\\utils\\seo.ts": {"path":"D:\\Brashline\\brashline-social-engine-88057\\src\\utils\\seo.ts","statementMap":{"0":{"start":{"line":17,"column":26},"end":{"line":50,"column":null}},"1":{"start":{"line":64,"column":26},"end":{"line":168,"column":null}},"2":{"start":{"line":65,"column":18},"end":{"line":65,"column":36}},"3":{"start":{"line":67,"column":41},"end":{"line":158,"column":null}},"4":{"start":{"line":160,"column":2},"end":{"line":166,"column":null}},"5":{"start":{"line":173,"column":27},"end":{"line":179,"column":null}},"6":{"start":{"line":174,"column":2},"end":{"line":174,"column":null}},"7":{"start":{"line":174,"column":18},"end":{"line":174,"column":null}},"8":{"start":{"line":176,"column":2},"end":{"line":178,"column":null}},"9":{"start":{"line":184,"column":43},"end":{"line":238,"column":null}},"10":{"start":{"line":185,"column":40},"end":{"line":185,"column":null}},"11":{"start":{"line":187,"column":2},"end":{"line":237,"column":null}},"12":{"start":{"line":243,"column":42},"end":{"line":262,"column":null}},"13":{"start":{"line":244,"column":40},"end":{"line":244,"column":null}},"14":{"start":{"line":246,"column":2},"end":{"line":261,"column":null}},"15":{"start":{"line":267,"column":42},"end":{"line":311,"column":null}},"16":{"start":{"line":275,"column":32},"end":{"line":275,"column":null}},"17":{"start":{"line":277,"column":2},"end":{"line":310,"column":null}},"18":{"start":{"line":282,"column":49},"end":{"line":309,"column":null}},"19":{"start":{"line":316,"column":42},"end":{"line":341,"column":null}},"20":{"start":{"line":324,"column":22},"end":{"line":324,"column":null}},"21":{"start":{"line":325,"column":2},"end":{"line":340,"column":null}},"22":{"start":{"line":328,"column":44},"end":{"line":339,"column":null}},"23":{"start":{"line":346,"column":27},"end":{"line":359,"column":null}},"24":{"start":{"line":347,"column":2},"end":{"line":358,"column":null}},"25":{"start":{"line":348,"column":4},"end":{"line":348,"column":null}},"26":{"start":{"line":349,"column":4},"end":{"line":349,"column":null}},"27":{"start":{"line":350,"column":4},"end":{"line":350,"column":null}},"28":{"start":{"line":351,"column":4},"end":{"line":351,"column":null}},"29":{"start":{"line":352,"column":4},"end":{"line":352,"column":null}},"30":{"start":{"line":353,"column":4},"end":{"line":353,"column":null}},"31":{"start":{"line":354,"column":4},"end":{"line":354,"column":null}},"32":{"start":{"line":355,"column":4},"end":{"line":355,"column":null}},"33":{"start":{"line":356,"column":4},"end":{"line":356,"column":null}},"34":{"start":{"line":357,"column":4},"end":{"line":357,"column":null}}},"fnMap":{"0":{"name":"(anonymous_0)","decl":{"start":{"line":64,"column":26},"end":{"line":64,"column":27}},"loc":{"start":{"line":64,"column":27},"end":{"line":168,"column":null}},"line":64},"1":{"name":"(anonymous_1)","decl":{"start":{"line":173,"column":27},"end":{"line":173,"column":28}},"loc":{"start":{"line":173,"column":28},"end":{"line":179,"column":null}},"line":173},"2":{"name":"(anonymous_2)","decl":{"start":{"line":184,"column":43},"end":{"line":184,"column":null}},"loc":{"start":{"line":184,"column":43},"end":{"line":238,"column":null}},"line":184},"3":{"name":"(anonymous_3)","decl":{"start":{"line":243,"column":42},"end":{"line":243,"column":null}},"loc":{"start":{"line":243,"column":42},"end":{"line":262,"column":null}},"line":243},"4":{"name":"(anonymous_4)","decl":{"start":{"line":267,"column":42},"end":{"line":267,"column":null}},"loc":{"start":{"line":268,"column":2},"end":{"line":311,"column":null}},"line":268},"5":{"name":"(anonymous_5)","decl":{"start":{"line":282,"column":34},"end":{"line":282,"column":35}},"loc":{"start":{"line":282,"column":49},"end":{"line":309,"column":null}},"line":282},"6":{"name":"(anonymous_6)","decl":{"start":{"line":316,"column":42},"end":{"line":316,"column":null}},"loc":{"start":{"line":317,"column":2},"end":{"line":341,"column":null}},"line":317},"7":{"name":"(anonymous_7)","decl":{"start":{"line":328,"column":31},"end":{"line":328,"column":32}},"loc":{"start":{"line":328,"column":44},"end":{"line":339,"column":null}},"line":328},"8":{"name":"(anonymous_8)","decl":{"start":{"line":346,"column":27},"end":{"line":346,"column":null}},"loc":{"start":{"line":346,"column":27},"end":{"line":359,"column":null}},"line":346}},"branchMap":{"0":{"loc":{"start":{"line":161,"column":4},"end":{"line":166,"column":null}},"type":"binary-expr","locations":[{"start":{"line":161,"column":4},"end":{"line":161,"column":15}},{"start":{"line":161,"column":19},"end":{"line":166,"column":null}}],"line":161},"1":{"loc":{"start":{"line":174,"column":2},"end":{"line":174,"column":null}},"type":"if","locations":[{"start":{"line":174,"column":2},"end":{"line":174,"column":null}},{"start":{},"end":{}}],"line":174},"2":{"loc":{"start":{"line":176,"column":9},"end":{"line":178,"column":45}},"type":"cond-expr","locations":[{"start":{"line":177,"column":6},"end":{"line":177,"column":null}},{"start":{"line":178,"column":6},"end":{"line":178,"column":45}}],"line":176},"3":{"loc":{"start":{"line":347,"column":2},"end":{"line":358,"column":null}},"type":"if","locations":[{"start":{"line":347,"column":2},"end":{"line":358,"column":null}},{"start":{},"end":{}}],"line":347}},"s":{"0":3,"1":3,"2":7,"3":7,"4":7,"5":3,"6":4,"7":1,"8":3,"9":3,"10":1,"11":1,"12":3,"13":1,"14":1,"15":3,"16":1,"17":1,"18":2,"19":3,"20":1,"21":1,"22":1,"23":3,"24":1,"25":1,"26":1,"27":1,"28":1,"29":1,"30":1,"31":1,"32":1,"33":1,"34":1},"f":{"0":7,"1":4,"2":1,"3":1,"4":1,"5":2,"6":1,"7":1,"8":1},"b":{"0":[7,1],"1":[1,3],"2":[2,1],"3":[1,0]},"meta":{"lastBranch":4,"lastFunction":9,"lastStatement":35,"seen":{"s:17:26:50:Infinity":0,"s:64:26:168:Infinity":1,"f:64:26:64:27":0,"s:65:18:65:36":2,"s:67:41:158:Infinity":3,"s:160:2:166:Infinity":4,"b:161:4:161:15:161:19:166:Infinity":0,"s:173:27:179:Infinity":5,"f:173:27:173:28":1,"b:174:2:174:Infinity:undefined:undefined:undefined:undefined":1,"s:174:2:174:Infinity":6,"s:174:18:174:Infinity":7,"s:176:2:178:Infinity":8,"b:177:6:177:Infinity:178:6:178:45":2,"s:184:43:238:Infinity":9,"f:184:43:184:Infinity":2,"s:185:40:185:Infinity":10,"s:187:2:237:Infinity":11,"s:243:42:262:Infinity":12,"f:243:42:243:Infinity":3,"s:244:40:244:Infinity":13,"s:246:2:261:Infinity":14,"s:267:42:311:Infinity":15,"f:267:42:267:Infinity":4,"s:275:32:275:Infinity":16,"s:277:2:310:Infinity":17,"f:282:34:282:35":5,"s:282:49:309:Infinity":18,"s:316:42:341:Infinity":19,"f:316:42:316:Infinity":6,"s:324:22:324:Infinity":20,"s:325:2:340:Infinity":21,"f:328:31:328:32":7,"s:328:44:339:Infinity":22,"s:346:27:359:Infinity":23,"f:346:27:346:Infinity":8,"b:347:2:358:Infinity:undefined:undefined:undefined:undefined":3,"s:347:2:358:Infinity":24,"s:348:4:348:Infinity":25,"s:349:4:349:Infinity":26,"s:350:4:350:Infinity":27,"s:351:4:351:Infinity":28,"s:352:4:352:Infinity":29,"s:353:4:353:Infinity":30,"s:354:4:354:Infinity":31,"s:355:4:355:Infinity":32,"s:356:4:356:Infinity":33,"s:357:4:357:Infinity":34}}}
}
