{"D:\\Brashline\\brashline-social-engine-88057\\src\\components\\forms\\ContactForm.tsx": {"path":"D:\\Brashline\\brashline-social-engine-88057\\src\\components\\forms\\ContactForm.tsx","statementMap":{"0":{"start":{"line":13,"column":22},"end":{"line":34,"column":null}},"1":{"start":{"line":43,"column":27},"end":{"line":240,"column":null}},"2":{"start":{"line":44,"column":17},"end":{"line":44,"column":null}},"3":{"start":{"line":45,"column":39},"end":{"line":45,"column":null}},"4":{"start":{"line":54,"column":3},"end":{"line":63,"column":null}},"5":{"start":{"line":65,"column":22},"end":{"line":65,"column":null}},"6":{"start":{"line":67,"column":19},"end":{"line":108,"column":null}},"7":{"start":{"line":68,"column":4},"end":{"line":68,"column":null}},"8":{"start":{"line":70,"column":4},"end":{"line":107,"column":null}},"9":{"start":{"line":72,"column":30},"end":{"line":78,"column":null}},"10":{"start":{"line":82,"column":6},"end":{"line":85,"column":null}},"11":{"start":{"line":88,"column":6},"end":{"line":93,"column":null}},"12":{"start":{"line":95,"column":6},"end":{"line":95,"column":null}},"13":{"start":{"line":96,"column":6},"end":{"line":96,"column":null}},"14":{"start":{"line":98,"column":6},"end":{"line":104,"column":null}},"15":{"start":{"line":106,"column":6},"end":{"line":106,"column":null}},"16":{"start":{"line":110,"column":18},"end":{"line":145,"column":null}},"17":{"start":{"line":147,"column":12},"end":{"line":147,"column":25}},"18":{"start":{"line":196,"column":36},"end":{"line":196,"column":null}}},"fnMap":{"0":{"name":"(anonymous_0)","decl":{"start":{"line":43,"column":27},"end":{"line":43,"column":28}},"loc":{"start":{"line":43,"column":65},"end":{"line":240,"column":null}},"line":43},"1":{"name":"(anonymous_1)","decl":{"start":{"line":67,"column":19},"end":{"line":67,"column":26}},"loc":{"start":{"line":67,"column":26},"end":{"line":108,"column":null}},"line":67},"2":{"name":"(anonymous_2)","decl":{"start":{"line":196,"column":25},"end":{"line":196,"column":26}},"loc":{"start":{"line":196,"column":36},"end":{"line":196,"column":null}},"line":196}},"branchMap":{"0":{"loc":{"start":{"line":76,"column":18},"end":{"line":76,"column":47}},"type":"binary-expr","locations":[{"start":{"line":76,"column":18},"end":{"line":76,"column":28}},{"start":{"line":76,"column":32},"end":{"line":76,"column":47}}],"line":76},"1":{"loc":{"start":{"line":89,"column":15},"end":{"line":89,"column":null}},"type":"cond-expr","locations":[{"start":{"line":89,"column":31},"end":{"line":89,"column":49}},{"start":{"line":89,"column":49},"end":{"line":89,"column":null}}],"line":89},"2":{"loc":{"start":{"line":90,"column":21},"end":{"line":92,"column":null}},"type":"cond-expr","locations":[{"start":{"line":91,"column":12},"end":{"line":91,"column":null}},{"start":{"line":92,"column":12},"end":{"line":92,"column":null}}],"line":90},"3":{"loc":{"start":{"line":99,"column":15},"end":{"line":99,"column":null}},"type":"cond-expr","locations":[{"start":{"line":99,"column":31},"end":{"line":99,"column":41}},{"start":{"line":99,"column":41},"end":{"line":99,"column":null}}],"line":99},"4":{"loc":{"start":{"line":100,"column":21},"end":{"line":102,"column":null}},"type":"cond-expr","locations":[{"start":{"line":101,"column":12},"end":{"line":101,"column":null}},{"start":{"line":102,"column":12},"end":{"line":102,"column":null}}],"line":100},"5":{"loc":{"start":{"line":156,"column":21},"end":{"line":156,"column":null}},"type":"cond-expr","locations":[{"start":{"line":156,"column":35},"end":{"line":156,"column":58}},{"start":{"line":156,"column":58},"end":{"line":156,"column":null}}],"line":156},"6":{"loc":{"start":{"line":170,"column":21},"end":{"line":170,"column":null}},"type":"cond-expr","locations":[{"start":{"line":170,"column":36},"end":{"line":170,"column":59}},{"start":{"line":170,"column":59},"end":{"line":170,"column":null}}],"line":170},"7":{"loc":{"start":{"line":184,"column":21},"end":{"line":184,"column":null}},"type":"cond-expr","locations":[{"start":{"line":184,"column":36},"end":{"line":184,"column":59}},{"start":{"line":184,"column":59},"end":{"line":184,"column":null}}],"line":184},"8":{"loc":{"start":{"line":198,"column":36},"end":{"line":198,"column":null}},"type":"cond-expr","locations":[{"start":{"line":198,"column":57},"end":{"line":198,"column":80}},{"start":{"line":198,"column":80},"end":{"line":198,"column":null}}],"line":198},"9":{"loc":{"start":{"line":219,"column":21},"end":{"line":219,"column":null}},"type":"cond-expr","locations":[{"start":{"line":219,"column":38},"end":{"line":219,"column":61}},{"start":{"line":219,"column":61},"end":{"line":219,"column":null}}],"line":219},"10":{"loc":{"start":{"line":229,"column":9},"end":{"line":235,"column":null}},"type":"cond-expr","locations":[{"start":{"line":229,"column":9},"end":{"line":235,"column":12}},{"start":{"line":235,"column":10},"end":{"line":235,"column":null}}],"line":229}},"s":{"0":1,"1":1,"2":0,"3":0,"4":0,"5":0,"6":0,"7":0,"8":0,"9":0,"10":0,"11":0,"12":0,"13":0,"14":0,"15":0,"16":0,"17":0,"18":0},"f":{"0":0,"1":0,"2":0},"b":{"0":[0,0],"1":[0,0],"2":[0,0],"3":[0,0],"4":[0,0],"5":[0,0],"6":[0,0],"7":[0,0],"8":[0,0],"9":[0,0],"10":[0,0]},"meta":{"lastBranch":11,"lastFunction":3,"lastStatement":19,"seen":{"s:13:22:34:Infinity":0,"s:43:27:240:Infinity":1,"f:43:27:43:28":0,"s:44:17:44:Infinity":2,"s:45:39:45:Infinity":3,"s:54:3:63:Infinity":4,"s:65:22:65:Infinity":5,"s:67:19:108:Infinity":6,"f:67:19:67:26":1,"s:68:4:68:Infinity":7,"s:70:4:107:Infinity":8,"s:72:30:78:Infinity":9,"b:76:18:76:28:76:32:76:47":0,"s:82:6:85:Infinity":10,"s:88:6:93:Infinity":11,"b:89:31:89:49:89:49:89:Infinity":1,"b:91:12:91:Infinity:92:12:92:Infinity":2,"s:95:6:95:Infinity":12,"s:96:6:96:Infinity":13,"s:98:6:104:Infinity":14,"b:99:31:99:41:99:41:99:Infinity":3,"b:101:12:101:Infinity:102:12:102:Infinity":4,"s:106:6:106:Infinity":15,"s:110:18:145:Infinity":16,"s:147:12:147:25":17,"b:156:35:156:58:156:58:156:Infinity":5,"b:170:36:170:59:170:59:170:Infinity":6,"b:184:36:184:59:184:59:184:Infinity":7,"f:196:25:196:26":2,"s:196:36:196:Infinity":18,"b:198:57:198:80:198:80:198:Infinity":8,"b:219:38:219:61:219:61:219:Infinity":9,"b:229:9:235:12:235:10:235:Infinity":10}}}
,"D:\\Brashline\\brashline-social-engine-88057\\src\\components\\forms\\ContactFormDialog.tsx": {"path":"D:\\Brashline\\brashline-social-engine-88057\\src\\components\\forms\\ContactFormDialog.tsx","statementMap":{"0":{"start":{"line":12,"column":33},"end":{"line":49,"column":null}},"1":{"start":{"line":13,"column":23},"end":{"line":13,"column":null}},"2":{"start":{"line":15,"column":18},"end":{"line":26,"column":null}},"3":{"start":{"line":28,"column":12},"end":{"line":28,"column":25}},"4":{"start":{"line":45,"column":50},"end":{"line":45,"column":null}}},"fnMap":{"0":{"name":"(anonymous_0)","decl":{"start":{"line":12,"column":33},"end":{"line":12,"column":34}},"loc":{"start":{"line":12,"column":75},"end":{"line":49,"column":null}},"line":12},"1":{"name":"(anonymous_1)","decl":{"start":{"line":45,"column":44},"end":{"line":45,"column":50}},"loc":{"start":{"line":45,"column":50},"end":{"line":45,"column":null}},"line":45}},"branchMap":{},"s":{"0":1,"1":0,"2":0,"3":0,"4":0},"f":{"0":0,"1":0},"b":{},"meta":{"lastBranch":0,"lastFunction":2,"lastStatement":5,"seen":{"s:12:33:49:Infinity":0,"f:12:33:12:34":0,"s:13:23:13:Infinity":1,"s:15:18:26:Infinity":2,"s:28:12:28:25":3,"f:45:44:45:50":1,"s:45:50:45:Infinity":4}}}
,"D:\\Brashline\\brashline-social-engine-88057\\src\\components\\home\\Hero.tsx": {"path":"D:\\Brashline\\brashline-social-engine-88057\\src\\components\\home\\Hero.tsx","statementMap":{"0":{"start":{"line":21,"column":6},"end":{"line":103,"column":null}},"1":{"start":{"line":24,"column":37},"end":{"line":24,"column":null}},"2":{"start":{"line":25,"column":8},"end":{"line":25,"column":null}},"3":{"start":{"line":25,"column":33},"end":{"line":25,"column":84}},"4":{"start":{"line":26,"column":8},"end":{"line":26,"column":null}},"5":{"start":{"line":26,"column":33},"end":{"line":26,"column":93}},"6":{"start":{"line":27,"column":17},"end":{"line":27,"column":null}},"7":{"start":{"line":28,"column":2},"end":{"line":37,"column":null}},"8":{"start":{"line":29,"column":22},"end":{"line":35,"column":null}},"9":{"start":{"line":30,"column":6},"end":{"line":34,"column":null}},"10":{"start":{"line":31,"column":8},"end":{"line":31,"column":null}},"11":{"start":{"line":33,"column":8},"end":{"line":33,"column":null}},"12":{"start":{"line":36,"column":4},"end":{"line":36,"column":null}},"13":{"start":{"line":36,"column":17},"end":{"line":36,"column":null}},"14":{"start":{"line":105,"column":0},"end":{"line":105,"column":null}}},"fnMap":{"0":{"name":"(anonymous_0)","decl":{"start":{"line":21,"column":18},"end":{"line":21,"column":19}},"loc":{"start":{"line":23,"column":12},"end":{"line":103,"column":null}},"line":23},"1":{"name":"(anonymous_1)","decl":{"start":{"line":25,"column":27},"end":{"line":25,"column":33}},"loc":{"start":{"line":25,"column":33},"end":{"line":25,"column":84}},"line":25},"2":{"name":"(anonymous_2)","decl":{"start":{"line":26,"column":27},"end":{"line":26,"column":33}},"loc":{"start":{"line":26,"column":33},"end":{"line":26,"column":93}},"line":26},"3":{"name":"(anonymous_3)","decl":{"start":{"line":28,"column":12},"end":{"line":28,"column":null}},"loc":{"start":{"line":28,"column":12},"end":{"line":37,"column":5}},"line":28},"4":{"name":"(anonymous_4)","decl":{"start":{"line":29,"column":33},"end":{"line":29,"column":null}},"loc":{"start":{"line":29,"column":33},"end":{"line":35,"column":7}},"line":29},"5":{"name":"(anonymous_5)","decl":{"start":{"line":36,"column":11},"end":{"line":36,"column":17}},"loc":{"start":{"line":36,"column":17},"end":{"line":36,"column":null}},"line":36}},"branchMap":{"0":{"loc":{"start":{"line":27,"column":17},"end":{"line":27,"column":null}},"type":"cond-expr","locations":[{"start":{"line":27,"column":33},"end":{"line":27,"column":44}},{"start":{"line":27,"column":44},"end":{"line":27,"column":null}}],"line":27},"1":{"loc":{"start":{"line":30,"column":6},"end":{"line":34,"column":null}},"type":"if","locations":[{"start":{"line":30,"column":6},"end":{"line":34,"column":null}},{"start":{"line":32,"column":13},"end":{"line":34,"column":null}}],"line":30},"2":{"loc":{"start":{"line":50,"column":15},"end":{"line":50,"column":null}},"type":"cond-expr","locations":[{"start":{"line":50,"column":31},"end":{"line":50,"column":49}},{"start":{"line":50,"column":49},"end":{"line":50,"column":null}}],"line":50},"3":{"loc":{"start":{"line":57,"column":20},"end":{"line":57,"column":null}},"type":"cond-expr","locations":[{"start":{"line":57,"column":36},"end":{"line":57,"column":43}},{"start":{"line":57,"column":43},"end":{"line":57,"column":null}}],"line":57},"4":{"loc":{"start":{"line":69,"column":26},"end":{"line":75,"column":null}},"type":"cond-expr","locations":[{"start":{"line":69,"column":50},"end":{"line":72,"column":18}},{"start":{"line":72,"column":18},"end":{"line":75,"column":null}}],"line":69},"5":{"loc":{"start":{"line":73,"column":19},"end":{"line":73,"column":null}},"type":"cond-expr","locations":[{"start":{"line":73,"column":41},"end":{"line":73,"column":48}},{"start":{"line":73,"column":48},"end":{"line":73,"column":null}}],"line":73},"6":{"loc":{"start":{"line":84,"column":13},"end":{"line":84,"column":null}},"type":"cond-expr","locations":[{"start":{"line":84,"column":29},"end":{"line":84,"column":246}},{"start":{"line":84,"column":246},"end":{"line":84,"column":null}}],"line":84},"7":{"loc":{"start":{"line":90,"column":25},"end":{"line":90,"column":null}},"type":"cond-expr","locations":[{"start":{"line":90,"column":41},"end":{"line":90,"column":65}},{"start":{"line":90,"column":65},"end":{"line":90,"column":null}}],"line":90}},"s":{"0":2,"1":0,"2":0,"3":0,"4":0,"5":0,"6":0,"7":0,"8":0,"9":0,"10":0,"11":0,"12":0,"13":0,"14":2},"f":{"0":0,"1":0,"2":0,"3":0,"4":0,"5":0},"b":{"0":[0,0],"1":[0,0],"2":[0,0],"3":[0,0],"4":[0,0],"5":[0,0],"6":[0,0],"7":[0,0]},"meta":{"lastBranch":8,"lastFunction":6,"lastStatement":15,"seen":{"s:21:6:103:Infinity":0,"f:21:18:21:19":0,"s:24:37:24:Infinity":1,"s:25:8:25:Infinity":2,"f:25:27:25:33":1,"s:25:33:25:84":3,"s:26:8:26:Infinity":4,"f:26:27:26:33":2,"s:26:33:26:93":5,"s:27:17:27:Infinity":6,"b:27:33:27:44:27:44:27:Infinity":0,"s:28:2:37:Infinity":7,"f:28:12:28:Infinity":3,"s:29:22:35:Infinity":8,"f:29:33:29:Infinity":4,"b:30:6:34:Infinity:32:13:34:Infinity":1,"s:30:6:34:Infinity":9,"s:31:8:31:Infinity":10,"s:33:8:33:Infinity":11,"s:36:4:36:Infinity":12,"f:36:11:36:17":5,"s:36:17:36:Infinity":13,"b:50:31:50:49:50:49:50:Infinity":2,"b:57:36:57:43:57:43:57:Infinity":3,"b:69:50:72:18:72:18:75:Infinity":4,"b:73:41:73:48:73:48:73:Infinity":5,"b:84:29:84:246:84:246:84:Infinity":6,"b:90:41:90:65:90:65:90:Infinity":7,"s:105:0:105:Infinity":14}}}
,"D:\\Brashline\\brashline-social-engine-88057\\src\\components\\home\\PricingPreview.tsx": {"path":"D:\\Brashline\\brashline-social-engine-88057\\src\\components\\home\\PricingPreview.tsx","statementMap":{"0":{"start":{"line":26,"column":14},"end":{"line":94,"column":null}},"1":{"start":{"line":96,"column":6},"end":{"line":297,"column":null}},"2":{"start":{"line":97,"column":29},"end":{"line":97,"column":null}},"3":{"start":{"line":98,"column":43},"end":{"line":98,"column":null}},"4":{"start":{"line":118,"column":40},"end":{"line":118,"column":null}},"5":{"start":{"line":142,"column":33},"end":{"line":142,"column":93}},"6":{"start":{"line":143,"column":34},"end":{"line":145,"column":118}},"7":{"start":{"line":241,"column":27},"end":{"line":241,"column":null}},"8":{"start":{"line":299,"column":0},"end":{"line":299,"column":null}}},"fnMap":{"0":{"name":"(anonymous_0)","decl":{"start":{"line":96,"column":28},"end":{"line":96,"column":29}},"loc":{"start":{"line":96,"column":58},"end":{"line":297,"column":null}},"line":96},"1":{"name":"(anonymous_1)","decl":{"start":{"line":118,"column":29},"end":{"line":118,"column":30}},"loc":{"start":{"line":118,"column":40},"end":{"line":118,"column":null}},"line":118},"2":{"name":"(anonymous_2)","decl":{"start":{"line":141,"column":21},"end":{"line":141,"column":22}},"loc":{"start":{"line":141,"column":28},"end":{"line":233,"column":null}},"line":141},"3":{"name":"(anonymous_3)","decl":{"start":{"line":241,"column":21},"end":{"line":241,"column":27}},"loc":{"start":{"line":241,"column":27},"end":{"line":241,"column":null}},"line":241}},"branchMap":{"0":{"loc":{"start":{"line":105,"column":13},"end":{"line":105,"column":null}},"type":"cond-expr","locations":[{"start":{"line":105,"column":29},"end":{"line":105,"column":48}},{"start":{"line":105,"column":48},"end":{"line":105,"column":null}}],"line":105},"1":{"loc":{"start":{"line":108,"column":13},"end":{"line":110,"column":null}},"type":"cond-expr","locations":[{"start":{"line":109,"column":16},"end":{"line":109,"column":null}},{"start":{"line":110,"column":16},"end":{"line":110,"column":null}}],"line":108},"2":{"loc":{"start":{"line":118,"column":40},"end":{"line":118,"column":null}},"type":"binary-expr","locations":[{"start":{"line":118,"column":40},"end":{"line":118,"column":49}},{"start":{"line":118,"column":49},"end":{"line":118,"column":null}}],"line":118},"3":{"loc":{"start":{"line":125,"column":17},"end":{"line":125,"column":null}},"type":"cond-expr","locations":[{"start":{"line":125,"column":33},"end":{"line":125,"column":45}},{"start":{"line":125,"column":45},"end":{"line":125,"column":null}}],"line":125},"4":{"loc":{"start":{"line":131,"column":17},"end":{"line":131,"column":null}},"type":"cond-expr","locations":[{"start":{"line":131,"column":33},"end":{"line":131,"column":44}},{"start":{"line":131,"column":44},"end":{"line":131,"column":null}}],"line":131},"5":{"loc":{"start":{"line":133,"column":19},"end":{"line":133,"column":null}},"type":"cond-expr","locations":[{"start":{"line":133,"column":35},"end":{"line":133,"column":52}},{"start":{"line":133,"column":52},"end":{"line":133,"column":null}}],"line":133},"6":{"loc":{"start":{"line":142,"column":33},"end":{"line":142,"column":93}},"type":"cond-expr","locations":[{"start":{"line":142,"column":57},"end":{"line":142,"column":74}},{"start":{"line":142,"column":77},"end":{"line":142,"column":93}}],"line":142},"7":{"loc":{"start":{"line":143,"column":34},"end":{"line":145,"column":118}},"type":"cond-expr","locations":[{"start":{"line":144,"column":16},"end":{"line":144,"column":null}},{"start":{"line":145,"column":16},"end":{"line":145,"column":118}}],"line":143},"8":{"loc":{"start":{"line":145,"column":19},"end":{"line":145,"column":64}},"type":"cond-expr","locations":[{"start":{"line":145,"column":35},"end":{"line":145,"column":49}},{"start":{"line":145,"column":49},"end":{"line":145,"column":64}}],"line":145},"9":{"loc":{"start":{"line":145,"column":88},"end":{"line":145,"column":118}},"type":"cond-expr","locations":[{"start":{"line":145,"column":104},"end":{"line":145,"column":111}},{"start":{"line":145,"column":111},"end":{"line":145,"column":118}}],"line":145},"10":{"loc":{"start":{"line":151,"column":18},"end":{"line":153,"column":null}},"type":"cond-expr","locations":[{"start":{"line":152,"column":22},"end":{"line":152,"column":null}},{"start":{"line":153,"column":22},"end":{"line":153,"column":null}}],"line":151},"11":{"loc":{"start":{"line":174,"column":23},"end":{"line":174,"column":null}},"type":"cond-expr","locations":[{"start":{"line":174,"column":39},"end":{"line":174,"column":56}},{"start":{"line":174,"column":56},"end":{"line":174,"column":null}}],"line":174},"12":{"loc":{"start":{"line":197,"column":40},"end":{"line":197,"column":null}},"type":"cond-expr","locations":[{"start":{"line":197,"column":56},"end":{"line":197,"column":64}},{"start":{"line":197,"column":64},"end":{"line":197,"column":null}}],"line":197},"13":{"loc":{"start":{"line":213,"column":50},"end":{"line":213,"column":96}},"type":"binary-expr","locations":[{"start":{"line":213,"column":50},"end":{"line":213,"column":67}},{"start":{"line":213,"column":71},"end":{"line":213,"column":96}}],"line":213},"14":{"loc":{"start":{"line":224,"column":29},"end":{"line":224,"column":null}},"type":"cond-expr","locations":[{"start":{"line":224,"column":45},"end":{"line":224,"column":57}},{"start":{"line":224,"column":57},"end":{"line":224,"column":null}}],"line":224},"15":{"loc":{"start":{"line":227,"column":23},"end":{"line":227,"column":null}},"type":"cond-expr","locations":[{"start":{"line":227,"column":39},"end":{"line":227,"column":55}},{"start":{"line":227,"column":55},"end":{"line":227,"column":null}}],"line":227},"16":{"loc":{"start":{"line":243,"column":13},"end":{"line":245,"column":null}},"type":"cond-expr","locations":[{"start":{"line":244,"column":17},"end":{"line":244,"column":null}},{"start":{"line":245,"column":17},"end":{"line":245,"column":null}}],"line":243},"17":{"loc":{"start":{"line":244,"column":17},"end":{"line":244,"column":null}},"type":"cond-expr","locations":[{"start":{"line":244,"column":33},"end":{"line":244,"column":53}},{"start":{"line":244,"column":53},"end":{"line":244,"column":null}}],"line":244},"18":{"loc":{"start":{"line":245,"column":17},"end":{"line":245,"column":null}},"type":"cond-expr","locations":[{"start":{"line":245,"column":33},"end":{"line":245,"column":58}},{"start":{"line":245,"column":58},"end":{"line":245,"column":null}}],"line":245},"19":{"loc":{"start":{"line":251,"column":17},"end":{"line":251,"column":null}},"type":"cond-expr","locations":[{"start":{"line":251,"column":33},"end":{"line":251,"column":50}},{"start":{"line":251,"column":50},"end":{"line":251,"column":null}}],"line":251},"20":{"loc":{"start":{"line":264,"column":21},"end":{"line":264,"column":null}},"type":"cond-expr","locations":[{"start":{"line":264,"column":37},"end":{"line":264,"column":49}},{"start":{"line":264,"column":49},"end":{"line":264,"column":null}}],"line":264}},"s":{"0":1,"1":1,"2":0,"3":0,"4":0,"5":0,"6":0,"7":0,"8":1},"f":{"0":0,"1":0,"2":0,"3":0},"b":{"0":[0,0],"1":[0,0],"2":[0,0],"3":[0,0],"4":[0,0],"5":[0,0],"6":[0,0],"7":[0,0],"8":[0,0],"9":[0,0],"10":[0,0],"11":[0,0],"12":[0,0],"13":[0,0],"14":[0,0],"15":[0,0],"16":[0,0],"17":[0,0],"18":[0,0],"19":[0,0],"20":[0,0]},"meta":{"lastBranch":21,"lastFunction":4,"lastStatement":9,"seen":{"s:26:14:94:Infinity":0,"s:96:6:297:Infinity":1,"f:96:28:96:29":0,"s:97:29:97:Infinity":2,"s:98:43:98:Infinity":3,"b:105:29:105:48:105:48:105:Infinity":0,"b:109:16:109:Infinity:110:16:110:Infinity":1,"f:118:29:118:30":1,"s:118:40:118:Infinity":4,"b:118:40:118:49:118:49:118:Infinity":2,"b:125:33:125:45:125:45:125:Infinity":3,"b:131:33:131:44:131:44:131:Infinity":4,"b:133:35:133:52:133:52:133:Infinity":5,"f:141:21:141:22":2,"s:142:33:142:93":5,"b:142:57:142:74:142:77:142:93":6,"s:143:34:145:118":6,"b:144:16:144:Infinity:145:16:145:118":7,"b:145:35:145:49:145:49:145:64":8,"b:145:104:145:111:145:111:145:118":9,"b:152:22:152:Infinity:153:22:153:Infinity":10,"b:174:39:174:56:174:56:174:Infinity":11,"b:197:56:197:64:197:64:197:Infinity":12,"b:213:50:213:67:213:71:213:96":13,"b:224:45:224:57:224:57:224:Infinity":14,"b:227:39:227:55:227:55:227:Infinity":15,"f:241:21:241:27":3,"s:241:27:241:Infinity":7,"b:244:17:244:Infinity:245:17:245:Infinity":16,"b:244:33:244:53:244:53:244:Infinity":17,"b:245:33:245:58:245:58:245:Infinity":18,"b:251:33:251:50:251:50:251:Infinity":19,"b:264:37:264:49:264:49:264:Infinity":20,"s:299:0:299:Infinity":8}}}
,"D:\\Brashline\\brashline-social-engine-88057\\src\\components\\home\\StatsSection.tsx": {"path":"D:\\Brashline\\brashline-social-engine-88057\\src\\components\\home\\StatsSection.tsx","statementMap":{"0":{"start":{"line":21,"column":21},"end":{"line":94,"column":null}},"1":{"start":{"line":22,"column":33},"end":{"line":22,"column":null}},"2":{"start":{"line":25,"column":8},"end":{"line":25,"column":null}},"3":{"start":{"line":26,"column":8},"end":{"line":26,"column":null}},"4":{"start":{"line":27,"column":8},"end":{"line":27,"column":null}},"5":{"start":{"line":28,"column":8},"end":{"line":28,"column":null}},"6":{"start":{"line":30,"column":16},"end":{"line":55,"column":null}},"7":{"start":{"line":65,"column":25},"end":{"line":65,"column":34}}},"fnMap":{"0":{"name":"(anonymous_0)","decl":{"start":{"line":21,"column":21},"end":{"line":21,"column":22}},"loc":{"start":{"line":21,"column":49},"end":{"line":94,"column":null}},"line":21},"1":{"name":"(anonymous_1)","decl":{"start":{"line":64,"column":21},"end":{"line":64,"column":22}},"loc":{"start":{"line":64,"column":28},"end":{"line":89,"column":null}},"line":64}},"branchMap":{"0":{"loc":{"start":{"line":71,"column":18},"end":{"line":73,"column":null}},"type":"cond-expr","locations":[{"start":{"line":72,"column":22},"end":{"line":72,"column":null}},{"start":{"line":73,"column":22},"end":{"line":73,"column":null}}],"line":71}},"s":{"0":1,"1":0,"2":0,"3":0,"4":0,"5":0,"6":0,"7":0},"f":{"0":0,"1":0},"b":{"0":[0,0]},"meta":{"lastBranch":1,"lastFunction":2,"lastStatement":8,"seen":{"s:21:21:94:Infinity":0,"f:21:21:21:22":0,"s:22:33:22:Infinity":1,"s:25:8:25:Infinity":2,"s:26:8:26:Infinity":3,"s:27:8:27:Infinity":4,"s:28:8:28:Infinity":5,"s:30:16:55:Infinity":6,"f:64:21:64:22":1,"s:65:25:65:34":7,"b:72:22:72:Infinity:73:22:73:Infinity":0}}}
,"D:\\Brashline\\brashline-social-engine-88057\\src\\components\\home\\ValueProps.tsx": {"path":"D:\\Brashline\\brashline-social-engine-88057\\src\\components\\home\\ValueProps.tsx","statementMap":{"0":{"start":{"line":22,"column":19},"end":{"line":47,"column":null}},"1":{"start":{"line":49,"column":6},"end":{"line":86,"column":null}},"2":{"start":{"line":50,"column":33},"end":{"line":50,"column":null}},"3":{"start":{"line":57,"column":25},"end":{"line":57,"column":34}},"4":{"start":{"line":88,"column":0},"end":{"line":88,"column":null}}},"fnMap":{"0":{"name":"(anonymous_0)","decl":{"start":{"line":49,"column":24},"end":{"line":49,"column":25}},"loc":{"start":{"line":49,"column":50},"end":{"line":86,"column":null}},"line":49},"1":{"name":"(anonymous_1)","decl":{"start":{"line":56,"column":26},"end":{"line":56,"column":27}},"loc":{"start":{"line":56,"column":33},"end":{"line":81,"column":null}},"line":56}},"branchMap":{"0":{"loc":{"start":{"line":62,"column":18},"end":{"line":64,"column":null}},"type":"cond-expr","locations":[{"start":{"line":63,"column":22},"end":{"line":63,"column":null}},{"start":{"line":64,"column":22},"end":{"line":64,"column":null}}],"line":62}},"s":{"0":1,"1":1,"2":0,"3":0,"4":1},"f":{"0":0,"1":0},"b":{"0":[0,0]},"meta":{"lastBranch":1,"lastFunction":2,"lastStatement":5,"seen":{"s:22:19:47:Infinity":0,"s:49:6:86:Infinity":1,"f:49:24:49:25":0,"s:50:33:50:Infinity":2,"f:56:26:56:27":1,"s:57:25:57:34":3,"b:63:22:63:Infinity:64:22:64:Infinity":0,"s:88:0:88:Infinity":4}}}
,"D:\\Brashline\\brashline-social-engine-88057\\src\\components\\layout\\Footer.tsx": {"path":"D:\\Brashline\\brashline-social-engine-88057\\src\\components\\layout\\Footer.tsx","statementMap":{"0":{"start":{"line":18,"column":20},"end":{"line":23,"column":null}},"1":{"start":{"line":25,"column":20},"end":{"line":31,"column":null}},"2":{"start":{"line":33,"column":6},"end":{"line":150,"column":null}},"3":{"start":{"line":34,"column":16},"end":{"line":34,"column":null}},"4":{"start":{"line":49,"column":30},"end":{"line":49,"column":45}},"5":{"start":{"line":50,"column":18},"end":{"line":53,"column":null}},"6":{"start":{"line":51,"column":20},"end":{"line":51,"column":null}},"7":{"start":{"line":52,"column":20},"end":{"line":52,"column":null}},"8":{"start":{"line":152,"column":0},"end":{"line":152,"column":null}}},"fnMap":{"0":{"name":"(anonymous_0)","decl":{"start":{"line":33,"column":20},"end":{"line":33,"column":null}},"loc":{"start":{"line":33,"column":20},"end":{"line":150,"column":null}},"line":33},"1":{"name":"(anonymous_1)","decl":{"start":{"line":48,"column":25},"end":{"line":48,"column":26}},"loc":{"start":{"line":48,"column":26},"end":{"line":54,"column":null}},"line":48}},"branchMap":{"0":{"loc":{"start":{"line":50,"column":18},"end":{"line":53,"column":null}},"type":"if","locations":[{"start":{"line":50,"column":18},"end":{"line":53,"column":null}},{"start":{},"end":{}}],"line":50},"1":{"loc":{"start":{"line":61,"column":15},"end":{"line":63,"column":null}},"type":"cond-expr","locations":[{"start":{"line":62,"column":18},"end":{"line":62,"column":null}},{"start":{"line":63,"column":18},"end":{"line":63,"column":null}}],"line":61},"2":{"loc":{"start":{"line":70,"column":15},"end":{"line":70,"column":null}},"type":"cond-expr","locations":[{"start":{"line":70,"column":31},"end":{"line":70,"column":43}},{"start":{"line":70,"column":43},"end":{"line":70,"column":null}}],"line":70},"3":{"loc":{"start":{"line":86,"column":17},"end":{"line":88,"column":null}},"type":"cond-expr","locations":[{"start":{"line":87,"column":20},"end":{"line":87,"column":null}},{"start":{"line":88,"column":20},"end":{"line":88,"column":null}}],"line":86},"4":{"loc":{"start":{"line":91,"column":17},"end":{"line":91,"column":null}},"type":"cond-expr","locations":[{"start":{"line":91,"column":33},"end":{"line":91,"column":58}},{"start":{"line":91,"column":58},"end":{"line":91,"column":null}}],"line":91},"5":{"loc":{"start":{"line":99,"column":15},"end":{"line":99,"column":null}},"type":"cond-expr","locations":[{"start":{"line":99,"column":31},"end":{"line":99,"column":45}},{"start":{"line":99,"column":45},"end":{"line":99,"column":null}}],"line":99},"6":{"loc":{"start":{"line":132,"column":53},"end":{"line":132,"column":null}},"type":"cond-expr","locations":[{"start":{"line":132,"column":69},"end":{"line":132,"column":94}},{"start":{"line":132,"column":94},"end":{"line":132,"column":null}}],"line":132}},"s":{"0":1,"1":1,"2":1,"3":0,"4":0,"5":0,"6":0,"7":0,"8":1},"f":{"0":0,"1":0},"b":{"0":[0,0],"1":[0,0],"2":[0,0],"3":[0,0],"4":[0,0],"5":[0,0],"6":[0,0]},"meta":{"lastBranch":7,"lastFunction":2,"lastStatement":9,"seen":{"s:18:20:23:Infinity":0,"s:25:20:31:Infinity":1,"s:33:6:150:Infinity":2,"f:33:20:33:Infinity":0,"s:34:16:34:Infinity":3,"f:48:25:48:26":1,"s:49:30:49:45":4,"b:50:18:53:Infinity:undefined:undefined:undefined:undefined":0,"s:50:18:53:Infinity":5,"s:51:20:51:Infinity":6,"s:52:20:52:Infinity":7,"b:62:18:62:Infinity:63:18:63:Infinity":1,"b:70:31:70:43:70:43:70:Infinity":2,"b:87:20:87:Infinity:88:20:88:Infinity":3,"b:91:33:91:58:91:58:91:Infinity":4,"b:99:31:99:45:99:45:99:Infinity":5,"b:132:69:132:94:132:94:132:Infinity":6,"s:152:0:152:Infinity":8}}}
,"D:\\Brashline\\brashline-social-engine-88057\\src\\components\\layout\\Header.tsx": {"path":"D:\\Brashline\\brashline-social-engine-88057\\src\\components\\layout\\Header.tsx","statementMap":{"0":{"start":{"line":21,"column":19},"end":{"line":31,"column":null}},"1":{"start":{"line":33,"column":6},"end":{"line":239,"column":null}},"2":{"start":{"line":34,"column":43},"end":{"line":34,"column":null}},"3":{"start":{"line":35,"column":8},"end":{"line":35,"column":null}},"4":{"start":{"line":36,"column":25},"end":{"line":36,"column":null}},"5":{"start":{"line":37,"column":8},"end":{"line":37,"column":null}},"6":{"start":{"line":38,"column":8},"end":{"line":38,"column":null}},"7":{"start":{"line":40,"column":19},"end":{"line":40,"column":null}},"8":{"start":{"line":40,"column":37},"end":{"line":40,"column":null}},"9":{"start":{"line":43,"column":2},"end":{"line":45,"column":null}},"10":{"start":{"line":44,"column":4},"end":{"line":44,"column":null}},"11":{"start":{"line":48,"column":2},"end":{"line":74,"column":null}},"12":{"start":{"line":49,"column":25},"end":{"line":54,"column":null}},"13":{"start":{"line":50,"column":6},"end":{"line":53,"column":null}},"14":{"start":{"line":51,"column":8},"end":{"line":51,"column":null}},"15":{"start":{"line":52,"column":8},"end":{"line":52,"column":null}},"16":{"start":{"line":56,"column":4},"end":{"line":68,"column":null}},"17":{"start":{"line":57,"column":6},"end":{"line":57,"column":null}},"18":{"start":{"line":59,"column":6},"end":{"line":59,"column":null}},"19":{"start":{"line":62,"column":6},"end":{"line":65,"column":null}},"20":{"start":{"line":63,"column":26},"end":{"line":63,"column":null}},"21":{"start":{"line":64,"column":8},"end":{"line":64,"column":null}},"22":{"start":{"line":67,"column":6},"end":{"line":67,"column":null}},"23":{"start":{"line":70,"column":4},"end":{"line":73,"column":null}},"24":{"start":{"line":71,"column":6},"end":{"line":71,"column":null}},"25":{"start":{"line":72,"column":6},"end":{"line":72,"column":null}},"26":{"start":{"line":96,"column":26},"end":{"line":96,"column":41}},"27":{"start":{"line":97,"column":14},"end":{"line":100,"column":null}},"28":{"start":{"line":98,"column":16},"end":{"line":98,"column":null}},"29":{"start":{"line":99,"column":16},"end":{"line":99,"column":null}},"30":{"start":{"line":132,"column":27},"end":{"line":132,"column":null}},"31":{"start":{"line":155,"column":27},"end":{"line":155,"column":null}},"32":{"start":{"line":174,"column":27},"end":{"line":174,"column":null}},"33":{"start":{"line":190,"column":33},"end":{"line":190,"column":null}},"34":{"start":{"line":214,"column":20},"end":{"line":214,"column":null}},"35":{"start":{"line":229,"column":33},"end":{"line":229,"column":null}},"36":{"start":{"line":241,"column":0},"end":{"line":241,"column":null}}},"fnMap":{"0":{"name":"(anonymous_0)","decl":{"start":{"line":33,"column":20},"end":{"line":33,"column":null}},"loc":{"start":{"line":33,"column":20},"end":{"line":239,"column":null}},"line":33},"1":{"name":"(anonymous_1)","decl":{"start":{"line":40,"column":19},"end":{"line":40,"column":20}},"loc":{"start":{"line":40,"column":37},"end":{"line":40,"column":null}},"line":40},"2":{"name":"(anonymous_2)","decl":{"start":{"line":43,"column":12},"end":{"line":43,"column":null}},"loc":{"start":{"line":43,"column":12},"end":{"line":45,"column":5}},"line":43},"3":{"name":"(anonymous_3)","decl":{"start":{"line":48,"column":12},"end":{"line":48,"column":null}},"loc":{"start":{"line":48,"column":12},"end":{"line":74,"column":5}},"line":48},"4":{"name":"(anonymous_4)","decl":{"start":{"line":49,"column":25},"end":{"line":49,"column":26}},"loc":{"start":{"line":49,"column":26},"end":{"line":54,"column":null}},"line":49},"5":{"name":"(anonymous_5)","decl":{"start":{"line":62,"column":17},"end":{"line":62,"column":null}},"loc":{"start":{"line":62,"column":17},"end":{"line":65,"column":9}},"line":62},"6":{"name":"(anonymous_6)","decl":{"start":{"line":70,"column":11},"end":{"line":70,"column":null}},"loc":{"start":{"line":70,"column":11},"end":{"line":73,"column":null}},"line":70},"7":{"name":"(anonymous_7)","decl":{"start":{"line":95,"column":21},"end":{"line":95,"column":22}},"loc":{"start":{"line":95,"column":22},"end":{"line":101,"column":null}},"line":95},"8":{"name":"(anonymous_8)","decl":{"start":{"line":132,"column":21},"end":{"line":132,"column":27}},"loc":{"start":{"line":132,"column":27},"end":{"line":132,"column":null}},"line":132},"9":{"name":"(anonymous_9)","decl":{"start":{"line":155,"column":21},"end":{"line":155,"column":27}},"loc":{"start":{"line":155,"column":27},"end":{"line":155,"column":null}},"line":155},"10":{"name":"(anonymous_10)","decl":{"start":{"line":174,"column":21},"end":{"line":174,"column":27}},"loc":{"start":{"line":174,"column":27},"end":{"line":174,"column":null}},"line":174},"11":{"name":"(anonymous_11)","decl":{"start":{"line":190,"column":27},"end":{"line":190,"column":33}},"loc":{"start":{"line":190,"column":33},"end":{"line":190,"column":null}},"line":190},"12":{"name":"(anonymous_12)","decl":{"start":{"line":213,"column":27},"end":{"line":213,"column":null}},"loc":{"start":{"line":213,"column":27},"end":{"line":215,"column":null}},"line":213},"13":{"name":"(anonymous_13)","decl":{"start":{"line":229,"column":27},"end":{"line":229,"column":33}},"loc":{"start":{"line":229,"column":33},"end":{"line":229,"column":null}},"line":229}},"branchMap":{"0":{"loc":{"start":{"line":50,"column":6},"end":{"line":53,"column":null}},"type":"if","locations":[{"start":{"line":50,"column":6},"end":{"line":53,"column":null}},{"start":{},"end":{}}],"line":50},"1":{"loc":{"start":{"line":50,"column":10},"end":{"line":50,"column":48}},"type":"binary-expr","locations":[{"start":{"line":50,"column":10},"end":{"line":50,"column":32}},{"start":{"line":50,"column":32},"end":{"line":50,"column":48}}],"line":50},"2":{"loc":{"start":{"line":56,"column":4},"end":{"line":68,"column":null}},"type":"if","locations":[{"start":{"line":56,"column":4},"end":{"line":68,"column":null}},{"start":{"line":66,"column":11},"end":{"line":68,"column":null}}],"line":56},"3":{"loc":{"start":{"line":83,"column":9},"end":{"line":83,"column":null}},"type":"cond-expr","locations":[{"start":{"line":83,"column":25},"end":{"line":83,"column":50}},{"start":{"line":83,"column":50},"end":{"line":83,"column":null}}],"line":83},"4":{"loc":{"start":{"line":97,"column":14},"end":{"line":100,"column":null}},"type":"if","locations":[{"start":{"line":97,"column":14},"end":{"line":100,"column":null}},{"start":{},"end":{}}],"line":97},"5":{"loc":{"start":{"line":115,"column":16},"end":{"line":117,"column":null}},"type":"cond-expr","locations":[{"start":{"line":116,"column":20},"end":{"line":116,"column":null}},{"start":{"line":117,"column":20},"end":{"line":117,"column":null}}],"line":115},"6":{"loc":{"start":{"line":132,"column":35},"end":{"line":132,"column":null}},"type":"cond-expr","locations":[{"start":{"line":132,"column":51},"end":{"line":132,"column":58}},{"start":{"line":132,"column":58},"end":{"line":132,"column":null}}],"line":132},"7":{"loc":{"start":{"line":140,"column":23},"end":{"line":140,"column":null}},"type":"cond-expr","locations":[{"start":{"line":140,"column":39},"end":{"line":140,"column":63}},{"start":{"line":140,"column":63},"end":{"line":140,"column":null}}],"line":140},"8":{"loc":{"start":{"line":157,"column":24},"end":{"line":157,"column":null}},"type":"cond-expr","locations":[{"start":{"line":157,"column":42},"end":{"line":157,"column":91}},{"start":{"line":157,"column":91},"end":{"line":157,"column":null}}],"line":157},"9":{"loc":{"start":{"line":157,"column":42},"end":{"line":157,"column":91}},"type":"cond-expr","locations":[{"start":{"line":157,"column":58},"end":{"line":157,"column":73}},{"start":{"line":157,"column":73},"end":{"line":157,"column":91}}],"line":157},"10":{"loc":{"start":{"line":157,"column":91},"end":{"line":157,"column":null}},"type":"cond-expr","locations":[{"start":{"line":157,"column":107},"end":{"line":157,"column":121}},{"start":{"line":157,"column":121},"end":{"line":157,"column":null}}],"line":157},"11":{"loc":{"start":{"line":183,"column":24},"end":{"line":183,"column":null}},"type":"cond-expr","locations":[{"start":{"line":183,"column":40},"end":{"line":183,"column":62}},{"start":{"line":183,"column":62},"end":{"line":183,"column":null}}],"line":183},"12":{"loc":{"start":{"line":192,"column":20},"end":{"line":194,"column":null}},"type":"cond-expr","locations":[{"start":{"line":193,"column":24},"end":{"line":193,"column":null}},{"start":{"line":194,"column":24},"end":{"line":194,"column":null}}],"line":192},"13":{"loc":{"start":{"line":207,"column":67},"end":{"line":207,"column":null}},"type":"cond-expr","locations":[{"start":{"line":207,"column":83},"end":{"line":207,"column":93}},{"start":{"line":207,"column":93},"end":{"line":207,"column":null}}],"line":207},"14":{"loc":{"start":{"line":214,"column":28},"end":{"line":214,"column":null}},"type":"cond-expr","locations":[{"start":{"line":214,"column":44},"end":{"line":214,"column":51}},{"start":{"line":214,"column":51},"end":{"line":214,"column":null}}],"line":214},"15":{"loc":{"start":{"line":219,"column":19},"end":{"line":219,"column":null}},"type":"cond-expr","locations":[{"start":{"line":219,"column":35},"end":{"line":219,"column":47}},{"start":{"line":219,"column":47},"end":{"line":219,"column":null}}],"line":219},"16":{"loc":{"start":{"line":222,"column":29},"end":{"line":222,"column":null}},"type":"cond-expr","locations":[{"start":{"line":222,"column":45},"end":{"line":222,"column":69}},{"start":{"line":222,"column":69},"end":{"line":222,"column":null}}],"line":222}},"s":{"0":2,"1":2,"2":0,"3":0,"4":0,"5":0,"6":0,"7":0,"8":0,"9":0,"10":0,"11":0,"12":0,"13":0,"14":0,"15":0,"16":0,"17":0,"18":0,"19":0,"20":0,"21":0,"22":0,"23":0,"24":0,"25":0,"26":0,"27":0,"28":0,"29":0,"30":0,"31":0,"32":0,"33":0,"34":0,"35":0,"36":2},"f":{"0":0,"1":0,"2":0,"3":0,"4":0,"5":0,"6":0,"7":0,"8":0,"9":0,"10":0,"11":0,"12":0,"13":0},"b":{"0":[0,0],"1":[0,0],"2":[0,0],"3":[0,0],"4":[0,0],"5":[0,0],"6":[0,0],"7":[0,0],"8":[0,0],"9":[0,0],"10":[0,0],"11":[0,0],"12":[0,0],"13":[0,0],"14":[0,0],"15":[0,0],"16":[0,0]},"meta":{"lastBranch":17,"lastFunction":14,"lastStatement":37,"seen":{"s:21:19:31:Infinity":0,"s:33:6:239:Infinity":1,"f:33:20:33:Infinity":0,"s:34:43:34:Infinity":2,"s:35:8:35:Infinity":3,"s:36:25:36:Infinity":4,"s:37:8:37:Infinity":5,"s:38:8:38:Infinity":6,"s:40:19:40:Infinity":7,"f:40:19:40:20":1,"s:40:37:40:Infinity":8,"s:43:2:45:Infinity":9,"f:43:12:43:Infinity":2,"s:44:4:44:Infinity":10,"s:48:2:74:Infinity":11,"f:48:12:48:Infinity":3,"s:49:25:54:Infinity":12,"f:49:25:49:26":4,"b:50:6:53:Infinity:undefined:undefined:undefined:undefined":0,"s:50:6:53:Infinity":13,"b:50:10:50:32:50:32:50:48":1,"s:51:8:51:Infinity":14,"s:52:8:52:Infinity":15,"b:56:4:68:Infinity:66:11:68:Infinity":2,"s:56:4:68:Infinity":16,"s:57:6:57:Infinity":17,"s:59:6:59:Infinity":18,"s:62:6:65:Infinity":19,"f:62:17:62:Infinity":5,"s:63:26:63:Infinity":20,"s:64:8:64:Infinity":21,"s:67:6:67:Infinity":22,"s:70:4:73:Infinity":23,"f:70:11:70:Infinity":6,"s:71:6:71:Infinity":24,"s:72:6:72:Infinity":25,"b:83:25:83:50:83:50:83:Infinity":3,"f:95:21:95:22":7,"s:96:26:96:41":26,"b:97:14:100:Infinity:undefined:undefined:undefined:undefined":4,"s:97:14:100:Infinity":27,"s:98:16:98:Infinity":28,"s:99:16:99:Infinity":29,"b:116:20:116:Infinity:117:20:117:Infinity":5,"f:132:21:132:27":8,"s:132:27:132:Infinity":30,"b:132:51:132:58:132:58:132:Infinity":6,"b:140:39:140:63:140:63:140:Infinity":7,"f:155:21:155:27":9,"s:155:27:155:Infinity":31,"b:157:42:157:91:157:91:157:Infinity":8,"b:157:58:157:73:157:73:157:91":9,"b:157:107:157:121:157:121:157:Infinity":10,"f:174:21:174:27":10,"s:174:27:174:Infinity":32,"b:183:40:183:62:183:62:183:Infinity":11,"f:190:27:190:33":11,"s:190:33:190:Infinity":33,"b:193:24:193:Infinity:194:24:194:Infinity":12,"b:207:83:207:93:207:93:207:Infinity":13,"f:213:27:213:Infinity":12,"s:214:20:214:Infinity":34,"b:214:44:214:51:214:51:214:Infinity":14,"b:219:35:219:47:219:47:219:Infinity":15,"b:222:45:222:69:222:69:222:Infinity":16,"f:229:27:229:33":13,"s:229:33:229:Infinity":35,"s:241:0:241:Infinity":36}}}
,"D:\\Brashline\\brashline-social-engine-88057\\src\\components\\ui\\badge.tsx": {"path":"D:\\Brashline\\brashline-social-engine-88057\\src\\components\\ui\\badge.tsx","statementMap":{"0":{"start":{"line":18,"column":6},"end":{"line":32,"column":null}}},"fnMap":{"0":{"name":"Badge","decl":{"start":{"line":37,"column":9},"end":{"line":37,"column":15}},"loc":{"start":{"line":37,"column":59},"end":{"line":39,"column":null}},"line":37}},"branchMap":{},"s":{"0":3},"f":{"0":0},"b":{},"meta":{"lastBranch":0,"lastFunction":1,"lastStatement":1,"seen":{"s:18:6:32:Infinity":0,"f:37:9:37:15":0}}}
,"D:\\Brashline\\brashline-social-engine-88057\\src\\components\\ui\\border-beam.tsx": {"path":"D:\\Brashline\\brashline-social-engine-88057\\src\\components\\ui\\border-beam.tsx","statementMap":{"0":{"start":{"line":26,"column":26},"end":{"line":61,"column":null}}},"fnMap":{"0":{"name":"(anonymous_0)","decl":{"start":{"line":26,"column":26},"end":{"line":26,"column":27}},"loc":{"start":{"line":35,"column":18},"end":{"line":61,"column":null}},"line":35}},"branchMap":{"0":{"loc":{"start":{"line":28,"column":2},"end":{"line":28,"column":12}},"type":"default-arg","locations":[{"start":{"line":28,"column":9},"end":{"line":28,"column":12}}],"line":28},"1":{"loc":{"start":{"line":29,"column":2},"end":{"line":29,"column":15}},"type":"default-arg","locations":[{"start":{"line":29,"column":13},"end":{"line":29,"column":15}}],"line":29},"2":{"loc":{"start":{"line":30,"column":2},"end":{"line":30,"column":13}},"type":"default-arg","locations":[{"start":{"line":30,"column":11},"end":{"line":30,"column":13}}],"line":30},"3":{"loc":{"start":{"line":31,"column":2},"end":{"line":31,"column":19}},"type":"default-arg","locations":[{"start":{"line":31,"column":16},"end":{"line":31,"column":19}}],"line":31},"4":{"loc":{"start":{"line":32,"column":2},"end":{"line":32,"column":23}},"type":"default-arg","locations":[{"start":{"line":32,"column":14},"end":{"line":32,"column":23}}],"line":32},"5":{"loc":{"start":{"line":33,"column":2},"end":{"line":33,"column":21}},"type":"default-arg","locations":[{"start":{"line":33,"column":12},"end":{"line":33,"column":21}}],"line":33},"6":{"loc":{"start":{"line":34,"column":2},"end":{"line":34,"column":11}},"type":"default-arg","locations":[{"start":{"line":34,"column":10},"end":{"line":34,"column":11}}],"line":34}},"s":{"0":1},"f":{"0":0},"b":{"0":[0],"1":[0],"2":[0],"3":[0],"4":[0],"5":[0],"6":[0]},"meta":{"lastBranch":7,"lastFunction":1,"lastStatement":1,"seen":{"s:26:26:61:Infinity":0,"f:26:26:26:27":0,"b:28:9:28:12":0,"b:29:13:29:15":1,"b:30:11:30:13":2,"b:31:16:31:19":3,"b:32:14:32:23":4,"b:33:12:33:21":5,"b:34:10:34:11":6}}}
,"D:\\Brashline\\brashline-social-engine-88057\\src\\components\\ui\\button.tsx": {"path":"D:\\Brashline\\brashline-social-engine-88057\\src\\components\\ui\\button.tsx","statementMap":{"0":{"start":{"line":19,"column":6},"end":{"line":42,"column":null}},"1":{"start":{"line":51,"column":15},"end":{"line":55,"column":null}},"2":{"start":{"line":53,"column":17},"end":{"line":53,"column":null}},"3":{"start":{"line":57,"column":0},"end":{"line":57,"column":null}}},"fnMap":{"0":{"name":"(anonymous_0)","decl":{"start":{"line":52,"column":2},"end":{"line":52,"column":3}},"loc":{"start":{"line":52,"column":60},"end":{"line":55,"column":null}},"line":52}},"branchMap":{"0":{"loc":{"start":{"line":52,"column":31},"end":{"line":52,"column":46}},"type":"default-arg","locations":[{"start":{"line":52,"column":41},"end":{"line":52,"column":46}}],"line":52},"1":{"loc":{"start":{"line":53,"column":17},"end":{"line":53,"column":null}},"type":"cond-expr","locations":[{"start":{"line":53,"column":27},"end":{"line":53,"column":34}},{"start":{"line":53,"column":34},"end":{"line":53,"column":null}}],"line":53}},"s":{"0":3,"1":3,"2":0,"3":3},"f":{"0":0},"b":{"0":[0],"1":[0,0]},"meta":{"lastBranch":2,"lastFunction":1,"lastStatement":4,"seen":{"s:19:6:42:Infinity":0,"s:51:15:55:Infinity":1,"f:52:2:52:3":0,"b:52:41:52:46":0,"s:53:17:53:Infinity":2,"b:53:27:53:34:53:34:53:Infinity":1,"s:57:0:57:Infinity":3}}}
,"D:\\Brashline\\brashline-social-engine-88057\\src\\components\\ui\\card.tsx": {"path":"D:\\Brashline\\brashline-social-engine-88057\\src\\components\\ui\\card.tsx","statementMap":{"0":{"start":{"line":20,"column":0},"end":{"line":20,"column":null}},"1":{"start":{"line":27,"column":0},"end":{"line":27,"column":null}},"2":{"start":{"line":34,"column":0},"end":{"line":34,"column":null}},"3":{"start":{"line":41,"column":0},"end":{"line":41,"column":null}},"4":{"start":{"line":46,"column":0},"end":{"line":46,"column":null}},"5":{"start":{"line":53,"column":0},"end":{"line":53,"column":null}}},"fnMap":{},"branchMap":{},"s":{"0":2,"1":2,"2":2,"3":2,"4":2,"5":2},"f":{},"b":{},"meta":{"lastBranch":0,"lastFunction":0,"lastStatement":6,"seen":{"s:20:0:20:Infinity":0,"s:27:0:27:Infinity":1,"s:34:0:34:Infinity":2,"s:41:0:41:Infinity":3,"s:46:0:46:Infinity":4,"s:53:0:53:Infinity":5}}}
,"D:\\Brashline\\brashline-social-engine-88057\\src\\components\\ui\\dialog.tsx": {"path":"D:\\Brashline\\brashline-social-engine-88057\\src\\components\\ui\\dialog.tsx","statementMap":{"0":{"start":{"line":19,"column":15},"end":{"line":19,"column":35}},"1":{"start":{"line":21,"column":22},"end":{"line":21,"column":45}},"2":{"start":{"line":23,"column":21},"end":{"line":23,"column":43}},"3":{"start":{"line":25,"column":20},"end":{"line":25,"column":41}},"4":{"start":{"line":40,"column":0},"end":{"line":40,"column":null}},"5":{"start":{"line":64,"column":0},"end":{"line":64,"column":null}},"6":{"start":{"line":69,"column":0},"end":{"line":69,"column":null}},"7":{"start":{"line":74,"column":0},"end":{"line":74,"column":null}},"8":{"start":{"line":86,"column":0},"end":{"line":86,"column":null}},"9":{"start":{"line":94,"column":0},"end":{"line":94,"column":null}}},"fnMap":{},"branchMap":{},"s":{"0":1,"1":1,"2":1,"3":1,"4":1,"5":1,"6":1,"7":1,"8":1,"9":1},"f":{},"b":{},"meta":{"lastBranch":0,"lastFunction":0,"lastStatement":10,"seen":{"s:19:15:19:35":0,"s:21:22:21:45":1,"s:23:21:23:43":2,"s:25:20:25:41":3,"s:40:0:40:Infinity":4,"s:64:0:64:Infinity":5,"s:69:0:69:Infinity":6,"s:74:0:74:Infinity":7,"s:86:0:86:Infinity":8,"s:94:0:94:Infinity":9}}}
,"D:\\Brashline\\brashline-social-engine-88057\\src\\components\\ui\\flip-button.tsx": {"path":"D:\\Brashline\\brashline-social-engine-88057\\src\\components\\ui\\flip-button.tsx","statementMap":{"0":{"start":{"line":13,"column":0},"end":{"line":13,"column":null}},"1":{"start":{"line":40,"column":2},"end":{"line":40,"column":null}},"2":{"start":{"line":42,"column":19},"end":{"line":134,"column":null}},"3":{"start":{"line":59,"column":23},"end":{"line":59,"column":null}},"4":{"start":{"line":60,"column":23},"end":{"line":60,"column":null}},"5":{"start":{"line":62,"column":24},"end":{"line":62,"column":null}},"6":{"start":{"line":63,"column":23},"end":{"line":63,"column":null}},"7":{"start":{"line":65,"column":25},"end":{"line":74,"column":null}},"8":{"start":{"line":69,"column":19},"end":{"line":74,"column":null}},"9":{"start":{"line":76,"column":26},"end":{"line":79,"column":null}},"10":{"start":{"line":81,"column":25},"end":{"line":84,"column":null}},"11":{"start":{"line":86,"column":24},"end":{"line":94,"column":null}},"12":{"start":{"line":87,"column":6},"end":{"line":93,"column":null}},"13":{"start":{"line":88,"column":8},"end":{"line":92,"column":null}},"14":{"start":{"line":89,"column":10},"end":{"line":89,"column":null}},"15":{"start":{"line":91,"column":10},"end":{"line":91,"column":null}},"16":{"start":{"line":137,"column":0},"end":{"line":137,"column":null}}},"fnMap":{"0":{"name":"(anonymous_0)","decl":{"start":{"line":43,"column":2},"end":{"line":43,"column":null}},"loc":{"start":{"line":57,"column":4},"end":{"line":134,"column":null}},"line":57},"1":{"name":"(anonymous_1)","decl":{"start":{"line":65,"column":25},"end":{"line":65,"column":null}},"loc":{"start":{"line":69,"column":19},"end":{"line":74,"column":null}},"line":69},"2":{"name":"(anonymous_2)","decl":{"start":{"line":86,"column":24},"end":{"line":86,"column":null}},"loc":{"start":{"line":86,"column":24},"end":{"line":94,"column":null}},"line":86}},"branchMap":{"0":{"loc":{"start":{"line":47,"column":6},"end":{"line":47,"column":66}},"type":"default-arg","locations":[{"start":{"line":47,"column":19},"end":{"line":47,"column":66}}],"line":47},"1":{"loc":{"start":{"line":51,"column":6},"end":{"line":51,"column":18}},"type":"default-arg","locations":[{"start":{"line":51,"column":13},"end":{"line":51,"column":18}}],"line":51},"2":{"loc":{"start":{"line":59,"column":23},"end":{"line":59,"column":null}},"type":"binary-expr","locations":[{"start":{"line":59,"column":23},"end":{"line":59,"column":41}},{"start":{"line":59,"column":41},"end":{"line":59,"column":null}}],"line":59},"3":{"loc":{"start":{"line":60,"column":23},"end":{"line":60,"column":null}},"type":"cond-expr","locations":[{"start":{"line":60,"column":36},"end":{"line":60,"column":48}},{"start":{"line":60,"column":48},"end":{"line":60,"column":null}}],"line":60},"4":{"loc":{"start":{"line":62,"column":24},"end":{"line":62,"column":null}},"type":"cond-expr","locations":[{"start":{"line":62,"column":60},"end":{"line":62,"column":68}},{"start":{"line":62,"column":68},"end":{"line":62,"column":null}}],"line":62},"5":{"loc":{"start":{"line":62,"column":24},"end":{"line":62,"column":60}},"type":"binary-expr","locations":[{"start":{"line":62,"column":24},"end":{"line":62,"column":42}},{"start":{"line":62,"column":42},"end":{"line":62,"column":60}}],"line":62},"6":{"loc":{"start":{"line":63,"column":23},"end":{"line":63,"column":null}},"type":"cond-expr","locations":[{"start":{"line":63,"column":59},"end":{"line":63,"column":68}},{"start":{"line":63,"column":68},"end":{"line":63,"column":null}}],"line":63},"7":{"loc":{"start":{"line":63,"column":23},"end":{"line":63,"column":59}},"type":"binary-expr","locations":[{"start":{"line":63,"column":23},"end":{"line":63,"column":41}},{"start":{"line":63,"column":41},"end":{"line":63,"column":59}}],"line":63},"8":{"loc":{"start":{"line":68,"column":6},"end":{"line":68,"column":34}},"type":"default-arg","locations":[{"start":{"line":68,"column":30},"end":{"line":68,"column":34}}],"line":68},"9":{"loc":{"start":{"line":72,"column":10},"end":{"line":72,"column":60}},"type":"cond-expr","locations":[{"start":{"line":72,"column":42},"end":{"line":72,"column":58}},{"start":{"line":72,"column":58},"end":{"line":72,"column":60}}],"line":72},"10":{"loc":{"start":{"line":72,"column":10},"end":{"line":72,"column":42}},"type":"binary-expr","locations":[{"start":{"line":72,"column":10},"end":{"line":72,"column":24}},{"start":{"line":72,"column":24},"end":{"line":72,"column":42}}],"line":72},"11":{"loc":{"start":{"line":73,"column":10},"end":{"line":73,"column":null}},"type":"cond-expr","locations":[{"start":{"line":73,"column":43},"end":{"line":73,"column":59}},{"start":{"line":73,"column":59},"end":{"line":73,"column":null}}],"line":73},"12":{"loc":{"start":{"line":73,"column":10},"end":{"line":73,"column":43}},"type":"binary-expr","locations":[{"start":{"line":73,"column":10},"end":{"line":73,"column":25}},{"start":{"line":73,"column":25},"end":{"line":73,"column":43}}],"line":73},"13":{"loc":{"start":{"line":87,"column":6},"end":{"line":93,"column":null}},"type":"if","locations":[{"start":{"line":87,"column":6},"end":{"line":93,"column":null}},{"start":{},"end":{}}],"line":87},"14":{"loc":{"start":{"line":88,"column":8},"end":{"line":92,"column":null}},"type":"if","locations":[{"start":{"line":88,"column":8},"end":{"line":92,"column":null}},{"start":{"line":90,"column":15},"end":{"line":92,"column":null}}],"line":88}},"s":{"0":3,"1":3,"2":3,"3":0,"4":0,"5":0,"6":0,"7":0,"8":0,"9":0,"10":0,"11":0,"12":0,"13":0,"14":0,"15":0,"16":3},"f":{"0":0,"1":0,"2":0},"b":{"0":[0],"1":[0],"2":[0,0],"3":[0,0],"4":[0,0],"5":[0,0],"6":[0,0],"7":[0,0],"8":[0],"9":[0,0],"10":[0,0],"11":[0,0],"12":[0,0],"13":[0,0],"14":[0,0]},"meta":{"lastBranch":15,"lastFunction":3,"lastStatement":17,"seen":{"s:13:0:13:Infinity":0,"s:40:2:40:Infinity":1,"s:42:19:134:Infinity":2,"f:43:2:43:Infinity":0,"b:47:19:47:66":0,"b:51:13:51:18":1,"s:59:23:59:Infinity":3,"b:59:23:59:41:59:41:59:Infinity":2,"s:60:23:60:Infinity":4,"b:60:36:60:48:60:48:60:Infinity":3,"s:62:24:62:Infinity":5,"b:62:60:62:68:62:68:62:Infinity":4,"b:62:24:62:42:62:42:62:60":5,"s:63:23:63:Infinity":6,"b:63:59:63:68:63:68:63:Infinity":6,"b:63:23:63:41:63:41:63:59":7,"s:65:25:74:Infinity":7,"f:65:25:65:Infinity":1,"s:69:19:74:Infinity":8,"b:68:30:68:34":8,"b:72:42:72:58:72:58:72:60":9,"b:72:10:72:24:72:24:72:42":10,"b:73:43:73:59:73:59:73:Infinity":11,"b:73:10:73:25:73:25:73:43":12,"s:76:26:79:Infinity":9,"s:81:25:84:Infinity":10,"s:86:24:94:Infinity":11,"f:86:24:86:Infinity":2,"b:87:6:93:Infinity:undefined:undefined:undefined:undefined":13,"s:87:6:93:Infinity":12,"b:88:8:92:Infinity:90:15:92:Infinity":14,"s:88:8:92:Infinity":13,"s:89:10:89:Infinity":14,"s:91:10:91:Infinity":15,"s:137:0:137:Infinity":16}}}
,"D:\\Brashline\\brashline-social-engine-88057\\src\\components\\ui\\input.tsx": {"path":"D:\\Brashline\\brashline-social-engine-88057\\src\\components\\ui\\input.tsx","statementMap":{"0":{"start":{"line":17,"column":14},"end":{"line":30,"column":null}},"1":{"start":{"line":32,"column":0},"end":{"line":32,"column":null}}},"fnMap":{"0":{"name":"(anonymous_0)","decl":{"start":{"line":18,"column":2},"end":{"line":18,"column":3}},"loc":{"start":{"line":18,"column":34},"end":{"line":30,"column":null}},"line":18}},"branchMap":{},"s":{"0":1,"1":1},"f":{"0":0},"b":{},"meta":{"lastBranch":0,"lastFunction":1,"lastStatement":2,"seen":{"s:17:14:30:Infinity":0,"f:18:2:18:3":0,"s:32:0:32:Infinity":1}}}
,"D:\\Brashline\\brashline-social-engine-88057\\src\\components\\ui\\label.tsx": {"path":"D:\\Brashline\\brashline-social-engine-88057\\src\\components\\ui\\label.tsx","statementMap":{"0":{"start":{"line":19,"column":6},"end":{"line":19,"column":null}},"1":{"start":{"line":27,"column":0},"end":{"line":27,"column":null}}},"fnMap":{},"branchMap":{},"s":{"0":1,"1":1},"f":{},"b":{},"meta":{"lastBranch":0,"lastFunction":0,"lastStatement":2,"seen":{"s:19:6:19:Infinity":0,"s:27:0:27:Infinity":1}}}
,"D:\\Brashline\\brashline-social-engine-88057\\src\\components\\ui\\select.tsx": {"path":"D:\\Brashline\\brashline-social-engine-88057\\src\\components\\ui\\select.tsx","statementMap":{"0":{"start":{"line":19,"column":15},"end":{"line":19,"column":35}},"1":{"start":{"line":21,"column":20},"end":{"line":21,"column":41}},"2":{"start":{"line":23,"column":20},"end":{"line":23,"column":41}},"3":{"start":{"line":43,"column":0},"end":{"line":43,"column":null}},"4":{"start":{"line":57,"column":0},"end":{"line":57,"column":null}},"5":{"start":{"line":71,"column":0},"end":{"line":71,"column":null}},"6":{"start":{"line":103,"column":0},"end":{"line":103,"column":null}},"7":{"start":{"line":111,"column":0},"end":{"line":111,"column":null}},"8":{"start":{"line":134,"column":0},"end":{"line":134,"column":null}},"9":{"start":{"line":142,"column":0},"end":{"line":142,"column":null}}},"fnMap":{},"branchMap":{"0":{"loc":{"start":{"line":76,"column":26},"end":{"line":76,"column":45}},"type":"default-arg","locations":[{"start":{"line":76,"column":37},"end":{"line":76,"column":45}}],"line":76},"1":{"loc":{"start":{"line":82,"column":8},"end":{"line":83,"column":null}},"type":"binary-expr","locations":[{"start":{"line":82,"column":8},"end":{"line":82,"column":null}},{"start":{"line":83,"column":10},"end":{"line":83,"column":null}}],"line":82},"2":{"loc":{"start":{"line":93,"column":10},"end":{"line":94,"column":null}},"type":"binary-expr","locations":[{"start":{"line":93,"column":10},"end":{"line":93,"column":null}},{"start":{"line":94,"column":12},"end":{"line":94,"column":null}}],"line":93}},"s":{"0":1,"1":1,"2":1,"3":1,"4":1,"5":1,"6":1,"7":1,"8":1,"9":1},"f":{},"b":{"0":[0],"1":[0,0],"2":[0,0]},"meta":{"lastBranch":3,"lastFunction":0,"lastStatement":10,"seen":{"s:19:15:19:35":0,"s:21:20:21:41":1,"s:23:20:23:41":2,"s:43:0:43:Infinity":3,"s:57:0:57:Infinity":4,"s:71:0:71:Infinity":5,"b:76:37:76:45":0,"b:82:8:82:Infinity:83:10:83:Infinity":1,"b:93:10:93:Infinity:94:12:94:Infinity":2,"s:103:0:103:Infinity":6,"s:111:0:111:Infinity":7,"s:134:0:134:Infinity":8,"s:142:0:142:Infinity":9}}}
,"D:\\Brashline\\brashline-social-engine-88057\\src\\components\\ui\\switch.tsx": {"path":"D:\\Brashline\\brashline-social-engine-88057\\src\\components\\ui\\switch.tsx","statementMap":{"0":{"start":{"line":37,"column":0},"end":{"line":37,"column":null}}},"fnMap":{},"branchMap":{},"s":{"0":2},"f":{},"b":{},"meta":{"lastBranch":0,"lastFunction":0,"lastStatement":1,"seen":{"s:37:0:37:Infinity":0}}}
,"D:\\Brashline\\brashline-social-engine-88057\\src\\components\\ui\\textarea.tsx": {"path":"D:\\Brashline\\brashline-social-engine-88057\\src\\components\\ui\\textarea.tsx","statementMap":{"0":{"start":{"line":19,"column":17},"end":{"line":30,"column":null}},"1":{"start":{"line":31,"column":0},"end":{"line":31,"column":null}}},"fnMap":{"0":{"name":"(anonymous_0)","decl":{"start":{"line":19,"column":70},"end":{"line":19,"column":71}},"loc":{"start":{"line":19,"column":96},"end":{"line":30,"column":null}},"line":19}},"branchMap":{},"s":{"0":1,"1":1},"f":{"0":0},"b":{},"meta":{"lastBranch":0,"lastFunction":1,"lastStatement":2,"seen":{"s:19:17:30:Infinity":0,"f:19:70:19:71":0,"s:31:0:31:Infinity":1}}}
,"D:\\Brashline\\brashline-social-engine-88057\\src\\components\\ui\\theme-switch.tsx": {"path":"D:\\Brashline\\brashline-social-engine-88057\\src\\components\\ui\\theme-switch.tsx","statementMap":{"0":{"start":{"line":13,"column":0},"end":{"line":13,"column":null}},"1":{"start":{"line":21,"column":20},"end":{"line":97,"column":null}},"2":{"start":{"line":25,"column":35},"end":{"line":25,"column":null}},"3":{"start":{"line":26,"column":29},"end":{"line":26,"column":null}},"4":{"start":{"line":27,"column":29},"end":{"line":27,"column":null}},"5":{"start":{"line":29,"column":2},"end":{"line":29,"column":null}},"6":{"start":{"line":29,"column":18},"end":{"line":29,"column":36}},"7":{"start":{"line":30,"column":2},"end":{"line":30,"column":null}},"8":{"start":{"line":30,"column":18},"end":{"line":30,"column":56}},"9":{"start":{"line":32,"column":8},"end":{"line":37,"column":null}},"10":{"start":{"line":34,"column":6},"end":{"line":34,"column":null}},"11":{"start":{"line":35,"column":6},"end":{"line":35,"column":null}},"12":{"start":{"line":40,"column":2},"end":{"line":40,"column":null}},"13":{"start":{"line":40,"column":16},"end":{"line":40,"column":null}}},"fnMap":{"0":{"name":"(anonymous_0)","decl":{"start":{"line":21,"column":20},"end":{"line":21,"column":21}},"loc":{"start":{"line":24,"column":39},"end":{"line":97,"column":null}},"line":24},"1":{"name":"(anonymous_1)","decl":{"start":{"line":29,"column":12},"end":{"line":29,"column":18}},"loc":{"start":{"line":29,"column":18},"end":{"line":29,"column":36}},"line":29},"2":{"name":"(anonymous_2)","decl":{"start":{"line":30,"column":12},"end":{"line":30,"column":18}},"loc":{"start":{"line":30,"column":18},"end":{"line":30,"column":56}},"line":30},"3":{"name":"(anonymous_3)","decl":{"start":{"line":33,"column":4},"end":{"line":33,"column":5}},"loc":{"start":{"line":33,"column":5},"end":{"line":36,"column":null}},"line":33}},"branchMap":{"0":{"loc":{"start":{"line":35,"column":15},"end":{"line":35,"column":null}},"type":"cond-expr","locations":[{"start":{"line":35,"column":27},"end":{"line":35,"column":36}},{"start":{"line":35,"column":36},"end":{"line":35,"column":null}}],"line":35},"1":{"loc":{"start":{"line":40,"column":2},"end":{"line":40,"column":null}},"type":"if","locations":[{"start":{"line":40,"column":2},"end":{"line":40,"column":null}},{"start":{},"end":{}}],"line":40},"2":{"loc":{"start":{"line":76,"column":12},"end":{"line":76,"column":null}},"type":"cond-expr","locations":[{"start":{"line":76,"column":22},"end":{"line":76,"column":53}},{"start":{"line":76,"column":53},"end":{"line":76,"column":null}}],"line":76},"3":{"loc":{"start":{"line":91,"column":12},"end":{"line":91,"column":null}},"type":"cond-expr","locations":[{"start":{"line":91,"column":22},"end":{"line":91,"column":64}},{"start":{"line":91,"column":64},"end":{"line":91,"column":null}}],"line":91}},"s":{"0":2,"1":2,"2":0,"3":0,"4":0,"5":0,"6":0,"7":0,"8":0,"9":0,"10":0,"11":0,"12":0,"13":0},"f":{"0":0,"1":0,"2":0,"3":0},"b":{"0":[0,0],"1":[0,0],"2":[0,0],"3":[0,0]},"meta":{"lastBranch":4,"lastFunction":4,"lastStatement":14,"seen":{"s:13:0:13:Infinity":0,"s:21:20:97:Infinity":1,"f:21:20:21:21":0,"s:25:35:25:Infinity":2,"s:26:29:26:Infinity":3,"s:27:29:27:Infinity":4,"s:29:2:29:Infinity":5,"f:29:12:29:18":1,"s:29:18:29:36":6,"s:30:2:30:Infinity":7,"f:30:12:30:18":2,"s:30:18:30:56":8,"s:32:8:37:Infinity":9,"f:33:4:33:5":3,"s:34:6:34:Infinity":10,"s:35:6:35:Infinity":11,"b:35:27:35:36:35:36:35:Infinity":0,"b:40:2:40:Infinity:undefined:undefined:undefined:undefined":1,"s:40:2:40:Infinity":12,"s:40:16:40:Infinity":13,"b:76:22:76:53:76:53:76:Infinity":2,"b:91:22:91:64:91:64:91:Infinity":3}}}
,"D:\\Brashline\\brashline-social-engine-88057\\src\\components\\ui\\toggle-group.tsx": {"path":"D:\\Brashline\\brashline-social-engine-88057\\src\\components\\ui\\toggle-group.tsx","statementMap":{"0":{"start":{"line":20,"column":27},"end":{"line":23,"column":null}},"1":{"start":{"line":34,"column":0},"end":{"line":34,"column":null}},"2":{"start":{"line":36,"column":24},"end":{"line":57,"column":null}},"3":{"start":{"line":40,"column":18},"end":{"line":40,"column":null}},"4":{"start":{"line":59,"column":0},"end":{"line":59,"column":null}}},"fnMap":{"0":{"name":"(anonymous_0)","decl":{"start":{"line":39,"column":2},"end":{"line":39,"column":3}},"loc":{"start":{"line":39,"column":53},"end":{"line":57,"column":null}},"line":39}},"branchMap":{"0":{"loc":{"start":{"line":47,"column":19},"end":{"line":47,"column":null}},"type":"binary-expr","locations":[{"start":{"line":47,"column":19},"end":{"line":47,"column":34}},{"start":{"line":47,"column":38},"end":{"line":47,"column":null}}],"line":47},"1":{"loc":{"start":{"line":48,"column":16},"end":{"line":48,"column":null}},"type":"binary-expr","locations":[{"start":{"line":48,"column":16},"end":{"line":48,"column":28}},{"start":{"line":48,"column":32},"end":{"line":48,"column":null}}],"line":48}},"s":{"0":1,"1":1,"2":1,"3":0,"4":1},"f":{"0":0},"b":{"0":[0,0],"1":[0,0]},"meta":{"lastBranch":2,"lastFunction":1,"lastStatement":5,"seen":{"s:20:27:23:Infinity":0,"s:34:0:34:Infinity":1,"s:36:24:57:Infinity":2,"f:39:2:39:3":0,"s:40:18:40:Infinity":3,"b:47:19:47:34:47:38:47:Infinity":0,"b:48:16:48:28:48:32:48:Infinity":1,"s:59:0:59:Infinity":4}}}
,"D:\\Brashline\\brashline-social-engine-88057\\src\\components\\ui\\toggle.tsx": {"path":"D:\\Brashline\\brashline-social-engine-88057\\src\\components\\ui\\toggle.tsx","statementMap":{"0":{"start":{"line":19,"column":6},"end":{"line":37,"column":null}},"1":{"start":{"line":47,"column":0},"end":{"line":47,"column":null}}},"fnMap":{},"branchMap":{},"s":{"0":1,"1":1},"f":{},"b":{},"meta":{"lastBranch":0,"lastFunction":0,"lastStatement":2,"seen":{"s:19:6:37:Infinity":0,"s:47:0:47:Infinity":1}}}
,"D:\\Brashline\\brashline-social-engine-88057\\src\\data\\about.data.ts": {"path":"D:\\Brashline\\brashline-social-engine-88057\\src\\data\\about.data.ts","statementMap":{"0":{"start":{"line":13,"column":40},"end":{"line":38,"column":null}},"1":{"start":{"line":40,"column":29},"end":{"line":73,"column":null}}},"fnMap":{},"branchMap":{},"s":{"0":1,"1":1},"f":{},"b":{},"meta":{"lastBranch":0,"lastFunction":0,"lastStatement":2,"seen":{"s:13:40:38:Infinity":0,"s:40:29:73:Infinity":1}}}
,"D:\\Brashline\\brashline-social-engine-88057\\src\\data\\blog.data.ts": {"path":"D:\\Brashline\\brashline-social-engine-88057\\src\\data\\blog.data.ts","statementMap":{"0":{"start":{"line":12,"column":38},"end":{"line":85,"column":null}}},"fnMap":{},"branchMap":{},"s":{"0":1},"f":{},"b":{},"meta":{"lastBranch":0,"lastFunction":0,"lastStatement":1,"seen":{"s:12:38:85:Infinity":0}}}
,"D:\\Brashline\\brashline-social-engine-88057\\src\\data\\pricing.data.ts": {"path":"D:\\Brashline\\brashline-social-engine-88057\\src\\data\\pricing.data.ts","statementMap":{"0":{"start":{"line":12,"column":48},"end":{"line":70,"column":null}},"1":{"start":{"line":72,"column":44},"end":{"line":95,"column":null}},"2":{"start":{"line":97,"column":48},"end":{"line":229,"column":null}}},"fnMap":{},"branchMap":{},"s":{"0":1,"1":1,"2":1},"f":{},"b":{},"meta":{"lastBranch":0,"lastFunction":0,"lastStatement":3,"seen":{"s:12:48:70:Infinity":0,"s:72:44:95:Infinity":1,"s:97:48:229:Infinity":2}}}
,"D:\\Brashline\\brashline-social-engine-88057\\src\\data\\services.data.ts": {"path":"D:\\Brashline\\brashline-social-engine-88057\\src\\data\\services.data.ts","statementMap":{"0":{"start":{"line":28,"column":40},"end":{"line":146,"column":null}}},"fnMap":{},"branchMap":{},"s":{"0":1},"f":{},"b":{},"meta":{"lastBranch":0,"lastFunction":0,"lastStatement":1,"seen":{"s:28:40:146:Infinity":0}}}
,"D:\\Brashline\\brashline-social-engine-88057\\src\\hooks\\use-mobile.tsx": {"path":"D:\\Brashline\\brashline-social-engine-88057\\src\\hooks\\use-mobile.tsx","statementMap":{"0":{"start":{"line":16,"column":26},"end":{"line":16,"column":null}},"1":{"start":{"line":23,"column":34},"end":{"line":23,"column":null}},"2":{"start":{"line":25,"column":2},"end":{"line":33,"column":null}},"3":{"start":{"line":26,"column":16},"end":{"line":26,"column":null}},"4":{"start":{"line":27,"column":21},"end":{"line":29,"column":null}},"5":{"start":{"line":28,"column":6},"end":{"line":28,"column":null}},"6":{"start":{"line":30,"column":4},"end":{"line":30,"column":null}},"7":{"start":{"line":31,"column":4},"end":{"line":31,"column":null}},"8":{"start":{"line":32,"column":4},"end":{"line":32,"column":null}},"9":{"start":{"line":32,"column":17},"end":{"line":32,"column":null}},"10":{"start":{"line":35,"column":2},"end":{"line":35,"column":null}}},"fnMap":{"0":{"name":"useIsMobile","decl":{"start":{"line":22,"column":16},"end":{"line":22,"column":null}},"loc":{"start":{"line":22,"column":16},"end":{"line":36,"column":null}},"line":22},"1":{"name":"(anonymous_1)","decl":{"start":{"line":25,"column":18},"end":{"line":25,"column":null}},"loc":{"start":{"line":25,"column":18},"end":{"line":33,"column":5}},"line":25},"2":{"name":"(anonymous_2)","decl":{"start":{"line":27,"column":21},"end":{"line":27,"column":null}},"loc":{"start":{"line":27,"column":21},"end":{"line":29,"column":null}},"line":27},"3":{"name":"(anonymous_3)","decl":{"start":{"line":32,"column":11},"end":{"line":32,"column":17}},"loc":{"start":{"line":32,"column":17},"end":{"line":32,"column":null}},"line":32}},"branchMap":{},"s":{"0":1,"1":0,"2":0,"3":0,"4":0,"5":0,"6":0,"7":0,"8":0,"9":0,"10":0},"f":{"0":0,"1":0,"2":0,"3":0},"b":{},"meta":{"lastBranch":0,"lastFunction":4,"lastStatement":11,"seen":{"s:16:26:16:Infinity":0,"f:22:16:22:Infinity":0,"s:23:34:23:Infinity":1,"s:25:2:33:Infinity":2,"f:25:18:25:Infinity":1,"s:26:16:26:Infinity":3,"s:27:21:29:Infinity":4,"f:27:21:27:Infinity":2,"s:28:6:28:Infinity":5,"s:30:4:30:Infinity":6,"s:31:4:31:Infinity":7,"s:32:4:32:Infinity":8,"f:32:11:32:17":3,"s:32:17:32:Infinity":9,"s:35:2:35:Infinity":10}}}
,"D:\\Brashline\\brashline-social-engine-88057\\src\\hooks\\use-toast.ts": {"path":"D:\\Brashline\\brashline-social-engine-88057\\src\\hooks\\use-toast.ts","statementMap":{"0":{"start":{"line":22,"column":20},"end":{"line":22,"column":null}},"1":{"start":{"line":23,"column":27},"end":{"line":23,"column":null}},"2":{"start":{"line":32,"column":20},"end":{"line":37,"column":null}},"3":{"start":{"line":39,"column":12},"end":{"line":39,"column":null}},"4":{"start":{"line":42,"column":2},"end":{"line":42,"column":null}},"5":{"start":{"line":43,"column":2},"end":{"line":43,"column":null}},"6":{"start":{"line":70,"column":22},"end":{"line":70,"column":null}},"7":{"start":{"line":72,"column":25},"end":{"line":86,"column":null}},"8":{"start":{"line":73,"column":2},"end":{"line":75,"column":null}},"9":{"start":{"line":74,"column":4},"end":{"line":74,"column":null}},"10":{"start":{"line":77,"column":18},"end":{"line":83,"column":null}},"11":{"start":{"line":78,"column":4},"end":{"line":78,"column":null}},"12":{"start":{"line":79,"column":4},"end":{"line":82,"column":null}},"13":{"start":{"line":85,"column":2},"end":{"line":85,"column":null}},"14":{"start":{"line":88,"column":23},"end":{"line":137,"column":null}},"15":{"start":{"line":89,"column":2},"end":{"line":136,"column":null}},"16":{"start":{"line":91,"column":6},"end":{"line":94,"column":null}},"17":{"start":{"line":97,"column":6},"end":{"line":100,"column":null}},"18":{"start":{"line":99,"column":41},"end":{"line":99,"column":null}},"19":{"start":{"line":103,"column":26},"end":{"line":103,"column":null}},"20":{"start":{"line":105,"column":6},"end":{"line":111,"column":null}},"21":{"start":{"line":106,"column":8},"end":{"line":106,"column":null}},"22":{"start":{"line":108,"column":8},"end":{"line":110,"column":null}},"23":{"start":{"line":109,"column":10},"end":{"line":109,"column":null}},"24":{"start":{"line":113,"column":6},"end":{"line":123,"column":null}},"25":{"start":{"line":116,"column":10},"end":{"line":121,"column":null}},"26":{"start":{"line":126,"column":6},"end":{"line":131,"column":null}},"27":{"start":{"line":127,"column":8},"end":{"line":130,"column":null}},"28":{"start":{"line":132,"column":6},"end":{"line":135,"column":null}},"29":{"start":{"line":134,"column":43},"end":{"line":134,"column":66}},"30":{"start":{"line":139,"column":49},"end":{"line":139,"column":51}},"31":{"start":{"line":141,"column":25},"end":{"line":141,"column":null}},"32":{"start":{"line":144,"column":2},"end":{"line":144,"column":null}},"33":{"start":{"line":145,"column":2},"end":{"line":147,"column":null}},"34":{"start":{"line":146,"column":4},"end":{"line":146,"column":null}},"35":{"start":{"line":153,"column":13},"end":{"line":153,"column":null}},"36":{"start":{"line":155,"column":17},"end":{"line":159,"column":null}},"37":{"start":{"line":156,"column":4},"end":{"line":159,"column":null}},"38":{"start":{"line":160,"column":18},"end":{"line":160,"column":null}},"39":{"start":{"line":160,"column":24},"end":{"line":160,"column":null}},"40":{"start":{"line":162,"column":2},"end":{"line":172,"column":null}},"41":{"start":{"line":169,"column":8},"end":{"line":169,"column":null}},"42":{"start":{"line":169,"column":19},"end":{"line":169,"column":null}},"43":{"start":{"line":174,"column":2},"end":{"line":178,"column":null}},"44":{"start":{"line":182,"column":28},"end":{"line":182,"column":null}},"45":{"start":{"line":184,"column":2},"end":{"line":192,"column":null}},"46":{"start":{"line":185,"column":4},"end":{"line":185,"column":null}},"47":{"start":{"line":186,"column":4},"end":{"line":191,"column":null}},"48":{"start":{"line":187,"column":20},"end":{"line":187,"column":null}},"49":{"start":{"line":188,"column":6},"end":{"line":190,"column":null}},"50":{"start":{"line":189,"column":8},"end":{"line":189,"column":null}},"51":{"start":{"line":194,"column":2},"end":{"line":198,"column":null}},"52":{"start":{"line":197,"column":35},"end":{"line":197,"column":null}}},"fnMap":{"0":{"name":"genId","decl":{"start":{"line":41,"column":9},"end":{"line":41,"column":null}},"loc":{"start":{"line":41,"column":9},"end":{"line":44,"column":null}},"line":41},"1":{"name":"(anonymous_1)","decl":{"start":{"line":72,"column":25},"end":{"line":72,"column":26}},"loc":{"start":{"line":72,"column":26},"end":{"line":86,"column":null}},"line":72},"2":{"name":"(anonymous_2)","decl":{"start":{"line":77,"column":29},"end":{"line":77,"column":null}},"loc":{"start":{"line":77,"column":29},"end":{"line":83,"column":5}},"line":77},"3":{"name":"(anonymous_3)","decl":{"start":{"line":88,"column":23},"end":{"line":88,"column":24}},"loc":{"start":{"line":88,"column":38},"end":{"line":137,"column":null}},"line":88},"4":{"name":"(anonymous_4)","decl":{"start":{"line":99,"column":33},"end":{"line":99,"column":34}},"loc":{"start":{"line":99,"column":41},"end":{"line":99,"column":null}},"line":99},"5":{"name":"(anonymous_5)","decl":{"start":{"line":108,"column":29},"end":{"line":108,"column":30}},"loc":{"start":{"line":108,"column":30},"end":{"line":110,"column":null}},"line":108},"6":{"name":"(anonymous_6)","decl":{"start":{"line":115,"column":33},"end":{"line":115,"column":34}},"loc":{"start":{"line":116,"column":10},"end":{"line":121,"column":null}},"line":116},"7":{"name":"(anonymous_7)","decl":{"start":{"line":134,"column":36},"end":{"line":134,"column":37}},"loc":{"start":{"line":134,"column":43},"end":{"line":134,"column":66}},"line":134},"8":{"name":"dispatch","decl":{"start":{"line":143,"column":9},"end":{"line":143,"column":18}},"loc":{"start":{"line":143,"column":32},"end":{"line":148,"column":null}},"line":143},"9":{"name":"(anonymous_9)","decl":{"start":{"line":145,"column":20},"end":{"line":145,"column":21}},"loc":{"start":{"line":145,"column":21},"end":{"line":147,"column":null}},"line":145},"10":{"name":"toast","decl":{"start":{"line":152,"column":9},"end":{"line":152,"column":15}},"loc":{"start":{"line":152,"column":34},"end":{"line":179,"column":null}},"line":152},"11":{"name":"(anonymous_11)","decl":{"start":{"line":155,"column":17},"end":{"line":155,"column":18}},"loc":{"start":{"line":156,"column":4},"end":{"line":159,"column":null}},"line":156},"12":{"name":"(anonymous_12)","decl":{"start":{"line":160,"column":18},"end":{"line":160,"column":24}},"loc":{"start":{"line":160,"column":24},"end":{"line":160,"column":null}},"line":160},"13":{"name":"(anonymous_13)","decl":{"start":{"line":168,"column":20},"end":{"line":168,"column":21}},"loc":{"start":{"line":168,"column":21},"end":{"line":170,"column":null}},"line":168},"14":{"name":"useToast","decl":{"start":{"line":181,"column":9},"end":{"line":181,"column":null}},"loc":{"start":{"line":181,"column":9},"end":{"line":199,"column":null}},"line":181},"15":{"name":"(anonymous_15)","decl":{"start":{"line":184,"column":18},"end":{"line":184,"column":null}},"loc":{"start":{"line":184,"column":18},"end":{"line":192,"column":5}},"line":184},"16":{"name":"(anonymous_16)","decl":{"start":{"line":186,"column":11},"end":{"line":186,"column":null}},"loc":{"start":{"line":186,"column":11},"end":{"line":191,"column":null}},"line":186},"17":{"name":"(anonymous_17)","decl":{"start":{"line":197,"column":13},"end":{"line":197,"column":14}},"loc":{"start":{"line":197,"column":35},"end":{"line":197,"column":null}},"line":197}},"branchMap":{"0":{"loc":{"start":{"line":73,"column":2},"end":{"line":75,"column":null}},"type":"if","locations":[{"start":{"line":73,"column":2},"end":{"line":75,"column":null}},{"start":{},"end":{}}],"line":73},"1":{"loc":{"start":{"line":89,"column":2},"end":{"line":136,"column":null}},"type":"switch","locations":[{"start":{"line":90,"column":4},"end":{"line":94,"column":null}},{"start":{"line":96,"column":4},"end":{"line":100,"column":null}},{"start":{"line":102,"column":4},"end":{"line":124,"column":null}},{"start":{"line":125,"column":4},"end":{"line":135,"column":null}}],"line":89},"2":{"loc":{"start":{"line":99,"column":41},"end":{"line":99,"column":null}},"type":"cond-expr","locations":[{"start":{"line":99,"column":68},"end":{"line":99,"column":96}},{"start":{"line":99,"column":96},"end":{"line":99,"column":null}}],"line":99},"3":{"loc":{"start":{"line":105,"column":6},"end":{"line":111,"column":null}},"type":"if","locations":[{"start":{"line":105,"column":6},"end":{"line":111,"column":null}},{"start":{"line":107,"column":13},"end":{"line":111,"column":null}}],"line":105},"4":{"loc":{"start":{"line":116,"column":10},"end":{"line":121,"column":null}},"type":"cond-expr","locations":[{"start":{"line":117,"column":14},"end":{"line":120,"column":null}},{"start":{"line":121,"column":14},"end":{"line":121,"column":null}}],"line":116},"5":{"loc":{"start":{"line":116,"column":10},"end":{"line":116,"column":null}},"type":"binary-expr","locations":[{"start":{"line":116,"column":10},"end":{"line":116,"column":30}},{"start":{"line":116,"column":30},"end":{"line":116,"column":null}}],"line":116},"6":{"loc":{"start":{"line":126,"column":6},"end":{"line":131,"column":null}},"type":"if","locations":[{"start":{"line":126,"column":6},"end":{"line":131,"column":null}},{"start":{},"end":{}}],"line":126},"7":{"loc":{"start":{"line":169,"column":8},"end":{"line":169,"column":null}},"type":"if","locations":[{"start":{"line":169,"column":8},"end":{"line":169,"column":null}},{"start":{},"end":{}}],"line":169},"8":{"loc":{"start":{"line":188,"column":6},"end":{"line":190,"column":null}},"type":"if","locations":[{"start":{"line":188,"column":6},"end":{"line":190,"column":null}},{"start":{},"end":{}}],"line":188}},"s":{"0":1,"1":1,"2":1,"3":1,"4":0,"5":0,"6":1,"7":1,"8":0,"9":0,"10":0,"11":0,"12":0,"13":0,"14":1,"15":0,"16":0,"17":0,"18":0,"19":0,"20":0,"21":0,"22":0,"23":0,"24":0,"25":0,"26":0,"27":0,"28":0,"29":0,"30":1,"31":1,"32":0,"33":0,"34":0,"35":0,"36":0,"37":0,"38":0,"39":0,"40":0,"41":0,"42":0,"43":0,"44":0,"45":0,"46":0,"47":0,"48":0,"49":0,"50":0,"51":0,"52":0},"f":{"0":0,"1":0,"2":0,"3":0,"4":0,"5":0,"6":0,"7":0,"8":0,"9":0,"10":0,"11":0,"12":0,"13":0,"14":0,"15":0,"16":0,"17":0},"b":{"0":[0,0],"1":[0,0,0,0],"2":[0,0],"3":[0,0],"4":[0,0],"5":[0,0],"6":[0,0],"7":[0,0],"8":[0,0]},"meta":{"lastBranch":9,"lastFunction":18,"lastStatement":53,"seen":{"s:22:20:22:Infinity":0,"s:23:27:23:Infinity":1,"s:32:20:37:Infinity":2,"s:39:12:39:Infinity":3,"f:41:9:41:Infinity":0,"s:42:2:42:Infinity":4,"s:43:2:43:Infinity":5,"s:70:22:70:Infinity":6,"s:72:25:86:Infinity":7,"f:72:25:72:26":1,"b:73:2:75:Infinity:undefined:undefined:undefined:undefined":0,"s:73:2:75:Infinity":8,"s:74:4:74:Infinity":9,"s:77:18:83:Infinity":10,"f:77:29:77:Infinity":2,"s:78:4:78:Infinity":11,"s:79:4:82:Infinity":12,"s:85:2:85:Infinity":13,"s:88:23:137:Infinity":14,"f:88:23:88:24":3,"b:90:4:94:Infinity:96:4:100:Infinity:102:4:124:Infinity:125:4:135:Infinity":1,"s:89:2:136:Infinity":15,"s:91:6:94:Infinity":16,"s:97:6:100:Infinity":17,"f:99:33:99:34":4,"s:99:41:99:Infinity":18,"b:99:68:99:96:99:96:99:Infinity":2,"s:103:26:103:Infinity":19,"b:105:6:111:Infinity:107:13:111:Infinity":3,"s:105:6:111:Infinity":20,"s:106:8:106:Infinity":21,"s:108:8:110:Infinity":22,"f:108:29:108:30":5,"s:109:10:109:Infinity":23,"s:113:6:123:Infinity":24,"f:115:33:115:34":6,"s:116:10:121:Infinity":25,"b:117:14:120:Infinity:121:14:121:Infinity":4,"b:116:10:116:30:116:30:116:Infinity":5,"b:126:6:131:Infinity:undefined:undefined:undefined:undefined":6,"s:126:6:131:Infinity":26,"s:127:8:130:Infinity":27,"s:132:6:135:Infinity":28,"f:134:36:134:37":7,"s:134:43:134:66":29,"s:139:49:139:51":30,"s:141:25:141:Infinity":31,"f:143:9:143:18":8,"s:144:2:144:Infinity":32,"s:145:2:147:Infinity":33,"f:145:20:145:21":9,"s:146:4:146:Infinity":34,"f:152:9:152:15":10,"s:153:13:153:Infinity":35,"s:155:17:159:Infinity":36,"f:155:17:155:18":11,"s:156:4:159:Infinity":37,"s:160:18:160:Infinity":38,"f:160:18:160:24":12,"s:160:24:160:Infinity":39,"s:162:2:172:Infinity":40,"f:168:20:168:21":13,"b:169:8:169:Infinity:undefined:undefined:undefined:undefined":7,"s:169:8:169:Infinity":41,"s:169:19:169:Infinity":42,"s:174:2:178:Infinity":43,
[...]
,"D:\\Brashline\\brashline-social-engine-88057\\src\\hooks\\useServices.ts": {"path":"D:\\Brashline\\brashline-social-engine-88057\\src\\hooks\\useServices.ts","statementMap":{"0":{"start":{"line":22,"column":27},"end":{"line":34,"column":null}},"1":{"start":{"line":23,"column":2},"end":{"line":32,"column":null}},"2":{"start":{"line":25,"column":6},"end":{"line":31,"column":null}},"3":{"start":{"line":25,"column":38},"end":{"line":31,"column":null}}},"fnMap":{"0":{"name":"(anonymous_0)","decl":{"start":{"line":22,"column":27},"end":{"line":22,"column":28}},"loc":{"start":{"line":22,"column":28},"end":{"line":34,"column":null}},"line":22},"1":{"name":"(anonymous_1)","decl":{"start":{"line":24,"column":4},"end":{"line":24,"column":null}},"loc":{"start":{"line":25,"column":6},"end":{"line":31,"column":null}},"line":25},"2":{"name":"(anonymous_2)","decl":{"start":{"line":25,"column":24},"end":{"line":25,"column":25}},"loc":{"start":{"line":25,"column":38},"end":{"line":31,"column":null}},"line":25}},"branchMap":{},"s":{"0":1,"1":0,"2":0,"3":0},"f":{"0":0,"1":0,"2":0},"b":{},"meta":{"lastBranch":0,"lastFunction":3,"lastStatement":4,"seen":{"s:22:27:34:Infinity":0,"f:22:27:22:28":0,"s:23:2:32:Infinity":1,"f:24:4:24:Infinity":1,"s:25:6:31:Infinity":2,"f:25:24:25:25":2,"s:25:38:31:Infinity":3}}}
,"D:\\Brashline\\brashline-social-engine-88057\\src\\lib\\sitemap-generator.ts": {"path":"D:\\Brashline\\brashline-social-engine-88057\\src\\lib\\sitemap-generator.ts","statementMap":{"0":{"start":{"line":39,"column":2},"end":{"line":44,"column":null}},"1":{"start":{"line":52,"column":24},"end":{"line":52,"column":null}},"2":{"start":{"line":53,"column":14},"end":{"line":53,"column":null}},"3":{"start":{"line":55,"column":18},"end":{"line":55,"column":null}},"4":{"start":{"line":56,"column":21},"end":{"line":56,"column":null}},"5":{"start":{"line":57,"column":19},"end":{"line":57,"column":null}},"6":{"start":{"line":59,"column":2},"end":{"line":59,"column":null}},"7":{"start":{"line":66,"column":20},"end":{"line":66,"column":null}},"8":{"start":{"line":68,"column":23},"end":{"line":68,"column":99}},"9":{"start":{"line":70,"column":21},"end":{"line":72,"column":null}},"10":{"start":{"line":71,"column":18},"end":{"line":71,"column":null}},"11":{"start":{"line":74,"column":21},"end":{"line":74,"column":null}},"12":{"start":{"line":76,"column":2},"end":{"line":76,"column":null}},"13":{"start":{"line":85,"column":20},"end":{"line":85,"column":null}},"14":{"start":{"line":86,"column":21},"end":{"line":86,"column":103}},"15":{"start":{"line":88,"column":25},"end":{"line":93,"column":null}},"16":{"start":{"line":90,"column":22},"end":{"line":90,"column":null}},"17":{"start":{"line":91,"column":6},"end":{"line":91,"column":null}},"18":{"start":{"line":95,"column":19},"end":{"line":95,"column":null}},"19":{"start":{"line":97,"column":2},"end":{"line":97,"column":null}},"20":{"start":{"line":104,"column":42},"end":{"line":160,"column":null}}},"fnMap":{"0":{"name":"escapeXml","decl":{"start":{"line":38,"column":9},"end":{"line":38,"column":19}},"loc":{"start":{"line":38,"column":30},"end":{"line":45,"column":null}},"line":38},"1":{"name":"generateUrlEntry","decl":{"start":{"line":50,"column":16},"end":{"line":50,"column":33}},"loc":{"start":{"line":50,"column":69},"end":{"line":60,"column":null}},"line":50},"2":{"name":"generateSitemapXml","decl":{"start":{"line":65,"column":16},"end":{"line":65,"column":35}},"loc":{"start":{"line":65,"column":56},"end":{"line":77,"column":null}},"line":65},"3":{"name":"(anonymous_3)","decl":{"start":{"line":71,"column":9},"end":{"line":71,"column":18}},"loc":{"start":{"line":71,"column":18},"end":{"line":71,"column":null}},"line":71},"4":{"name":"generateSitemapIndex","decl":{"start":{"line":82,"column":16},"end":{"line":82,"column":null}},"loc":{"start":{"line":83,"column":52},"end":{"line":98,"column":null}},"line":83},"5":{"name":"(anonymous_5)","decl":{"start":{"line":89,"column":9},"end":{"line":89,"column":null}},"loc":{"start":{"line":89,"column":9},"end":{"line":92,"column":null}},"line":89}},"branchMap":{"0":{"loc":{"start":{"line":55,"column":18},"end":{"line":55,"column":null}},"type":"cond-expr","locations":[{"start":{"line":55,"column":34},"end":{"line":55,"column":77}},{"start":{"line":55,"column":80},"end":{"line":55,"column":null}}],"line":55},"1":{"loc":{"start":{"line":56,"column":21},"end":{"line":56,"column":null}},"type":"cond-expr","locations":[{"start":{"line":56,"column":40},"end":{"line":56,"column":92}},{"start":{"line":56,"column":95},"end":{"line":56,"column":null}}],"line":56},"2":{"loc":{"start":{"line":57,"column":19},"end":{"line":57,"column":null}},"type":"cond-expr","locations":[{"start":{"line":57,"column":50},"end":{"line":57,"column":96}},{"start":{"line":57,"column":99},"end":{"line":57,"column":null}}],"line":57},"3":{"loc":{"start":{"line":66,"column":20},"end":{"line":66,"column":null}},"type":"binary-expr","locations":[{"start":{"line":66,"column":20},"end":{"line":66,"column":36}},{"start":{"line":66,"column":40},"end":{"line":66,"column":null}}],"line":66},"4":{"loc":{"start":{"line":90,"column":22},"end":{"line":90,"column":null}},"type":"cond-expr","locations":[{"start":{"line":90,"column":40},"end":{"line":90,"column":85}},{"start":{"line":90,"column":88},"end":{"line":90,"column":null}}],"line":90}},"s":{"0":0,"1":0,"2":0,"3":0,"4":0,"5":0,"6":0,"7":0,"8":0,"9":0,"10":0,"11":0,"12":0,"13":0,"14":0,"15":0,"16":0,"17":0,"18":0,"19":0,"20":1},"f":{"0":0,"1":0,"2":0,"3":0,"4":0,"5":0},"b":{"0":[0,0],"1":[0,0],"2":[0,0],"3":[0,0],"4":[0,0]},"meta":{"lastBranch":5,"lastFunction":6,"lastStatement":21,"seen":{"f:38:9:38:19":0,"s:39:2:44:Infinity":0,"f:50:16:50:33":1,"s:52:24:52:Infinity":1,"s:53:14:53:Infinity":2,"s:55:18:55:Infinity":3,"b:55:34:55:77:55:80:55:Infinity":0,"s:56:21:56:Infinity":4,"b:56:40:56:92:56:95:56:Infinity":1,"s:57:19:57:Infinity":5,"b:57:50:57:96:57:99:57:Infinity":2,"s:59:2:59:Infinity":6,"f:65:16:65:35":2,"s:66:20:66:Infinity":7,"b:66:20:66:36:66:40:66:Infinity":3,"s:68:23:68:99":8,"s:70:21:72:Infinity":9,"f:71:9:71:18":3,"s:71:18:71:Infinity":10,"s:74:21:74:Infinity":11,"s:76:2:76:Infinity":12,"f:82:16:82:Infinity":4,"s:85:20:85:Infinity":13,"s:86:21:86:103":14,"s:88:25:93:Infinity":15,"f:89:9:89:Infinity":5,"s:90:22:90:Infinity":16,"b:90:40:90:85:90:88:90:Infinity":4,"s:91:6:91:Infinity":17,"s:95:19:95:Infinity":18,"s:97:2:97:Infinity":19,"s:104:42:160:Infinity":20}}}
,"D:\\Brashline\\brashline-social-engine-88057\\src\\lib\\utils.ts": {"path":"D:\\Brashline\\brashline-social-engine-88057\\src\\lib\\utils.ts","statementMap":{"0":{"start":{"line":16,"column":2},"end":{"line":16,"column":null}},"1":{"start":{"line":31,"column":2},"end":{"line":33,"column":null}},"2":{"start":{"line":32,"column":19},"end":{"line":32,"column":69}},"3":{"start":{"line":42,"column":2},"end":{"line":42,"column":null}},"4":{"start":{"line":42,"column":26},"end":{"line":42,"column":null}},"5":{"start":{"line":43,"column":2},"end":{"line":43,"column":null}},"6":{"start":{"line":43,"column":26},"end":{"line":43,"column":null}},"7":{"start":{"line":45,"column":22},"end":{"line":45,"column":null}},"8":{"start":{"line":45,"column":48},"end":{"line":45,"column":null}},"9":{"start":{"line":48,"column":2},"end":{"line":50,"column":null}},"10":{"start":{"line":49,"column":4},"end":{"line":49,"column":null}},"11":{"start":{"line":52,"column":18},"end":{"line":56,"column":null}},"12":{"start":{"line":57,"column":2},"end":{"line":57,"column":null}}},"fnMap":{"0":{"name":"cn","decl":{"start":{"line":15,"column":16},"end":{"line":15,"column":19}},"loc":{"start":{"line":15,"column":42},"end":{"line":17,"column":null}},"line":15},"1":{"name":"generateSrcSet","decl":{"start":{"line":26,"column":16},"end":{"line":26,"column":null}},"loc":{"start":{"line":29,"column":33},"end":{"line":34,"column":null}},"line":29},"2":{"name":"(anonymous_2)","decl":{"start":{"line":32,"column":9},"end":{"line":32,"column":10}},"loc":{"start":{"line":32,"column":19},"end":{"line":32,"column":69}},"line":32},"3":{"name":"generateSizesAttribute","decl":{"start":{"line":41,"column":16},"end":{"line":41,"column":39}},"loc":{"start":{"line":41,"column":54},"end":{"line":58,"column":null}},"line":41},"4":{"name":"(anonymous_4)","decl":{"start":{"line":45,"column":38},"end":{"line":45,"column":39}},"loc":{"start":{"line":45,"column":48},"end":{"line":45,"column":null}},"line":45}},"branchMap":{"0":{"loc":{"start":{"line":29,"column":2},"end":{"line":29,"column":33}},"type":"default-arg","locations":[{"start":{"line":29,"column":27},"end":{"line":29,"column":33}}],"line":29},"1":{"loc":{"start":{"line":42,"column":2},"end":{"line":42,"column":null}},"type":"if","locations":[{"start":{"line":42,"column":2},"end":{"line":42,"column":null}},{"start":{},"end":{}}],"line":42},"2":{"loc":{"start":{"line":43,"column":2},"end":{"line":43,"column":null}},"type":"if","locations":[{"start":{"line":43,"column":2},"end":{"line":43,"column":null}},{"start":{},"end":{}}],"line":43},"3":{"loc":{"start":{"line":48,"column":2},"end":{"line":50,"column":null}},"type":"if","locations":[{"start":{"line":48,"column":2},"end":{"line":50,"column":null}},{"start":{},"end":{}}],"line":48}},"s":{"0":0,"1":0,"2":0,"3":0,"4":0,"5":0,"6":0,"7":0,"8":0,"9":0,"10":0,"11":0,"12":0},"f":{"0":0,"1":0,"2":0,"3":0,"4":0},"b":{"0":[0],"1":[0,0],"2":[0,0],"3":[0,0]},"meta":{"lastBranch":4,"lastFunction":5,"lastStatement":13,"seen":{"f:15:16:15:19":0,"s:16:2:16:Infinity":0,"f:26:16:26:Infinity":1,"b:29:27:29:33":0,"s:31:2:33:Infinity":1,"f:32:9:32:10":2,"s:32:19:32:69":2,"f:41:16:41:39":3,"b:42:2:42:Infinity:undefined:undefined:undefined:undefined":1,"s:42:2:42:Infinity":3,"s:42:26:42:Infinity":4,"b:43:2:43:Infinity:undefined:undefined:undefined:undefined":2,"s:43:2:43:Infinity":5,"s:43:26:43:Infinity":6,"s:45:22:45:Infinity":7,"f:45:38:45:39":4,"s:45:48:45:Infinity":8,"b:48:2:50:Infinity:undefined:undefined:undefined:undefined":3,"s:48:2:50:Infinity":9,"s:49:4:49:Infinity":10,"s:52:18:56:Infinity":11,"s:57:2:57:Infinity":12}}}
,"D:\\Brashline\\brashline-social-engine-88057\\src\\pages\\Index.tsx": {"path":"D:\\Brashline\\brashline-social-engine-88057\\src\\pages\\Index.tsx","statementMap":{"0":{"start":{"line":24,"column":6},"end":{"line":24,"column":null}},"1":{"start":{"line":24,"column":30},"end":{"line":24,"column":null}},"2":{"start":{"line":25,"column":6},"end":{"line":25,"column":null}},"3":{"start":{"line":25,"column":32},"end":{"line":25,"column":null}},"4":{"start":{"line":26,"column":6},"end":{"line":26,"column":null}},"5":{"start":{"line":26,"column":34},"end":{"line":26,"column":null}},"6":{"start":{"line":35,"column":14},"end":{"line":76,"column":null}},"7":{"start":{"line":36,"column":16},"end":{"line":36,"column":null}},"8":{"start":{"line":37,"column":8},"end":{"line":37,"column":null}}},"fnMap":{"0":{"name":"(anonymous_0)","decl":{"start":{"line":24,"column":24},"end":{"line":24,"column":30}},"loc":{"start":{"line":24,"column":30},"end":{"line":24,"column":null}},"line":24},"1":{"name":"(anonymous_1)","decl":{"start":{"line":25,"column":26},"end":{"line":25,"column":32}},"loc":{"start":{"line":25,"column":32},"end":{"line":25,"column":null}},"line":25},"2":{"name":"(anonymous_2)","decl":{"start":{"line":26,"column":28},"end":{"line":26,"column":34}},"loc":{"start":{"line":26,"column":34},"end":{"line":26,"column":null}},"line":26},"3":{"name":"(anonymous_3)","decl":{"start":{"line":35,"column":14},"end":{"line":35,"column":null}},"loc":{"start":{"line":35,"column":14},"end":{"line":76,"column":null}},"line":35}},"branchMap":{"0":{"loc":{"start":{"line":61,"column":17},"end":{"line":61,"column":null}},"type":"cond-expr","locations":[{"start":{"line":61,"column":33},"end":{"line":61,"column":59}},{"start":{"line":61,"column":59},"end":{"line":61,"column":null}}],"line":61},"1":{"loc":{"start":{"line":64,"column":17},"end":{"line":66,"column":null}},"type":"cond-expr","locations":[{"start":{"line":65,"column":20},"end":{"line":65,"column":null}},{"start":{"line":66,"column":20},"end":{"line":66,"column":null}}],"line":64}},"s":{"0":1,"1":0,"2":1,"3":0,"4":1,"5":0,"6":1,"7":0,"8":0},"f":{"0":0,"1":0,"2":0,"3":0},"b":{"0":[0,0],"1":[0,0]},"meta":{"lastBranch":2,"lastFunction":4,"lastStatement":9,"seen":{"s:24:6:24:Infinity":0,"f:24:24:24:30":0,"s:24:30:24:Infinity":1,"s:25:6:25:Infinity":2,"f:25:26:25:32":1,"s:25:32:25:Infinity":3,"s:26:6:26:Infinity":4,"f:26:28:26:34":2,"s:26:34:26:Infinity":5,"s:35:14:76:Infinity":6,"f:35:14:35:Infinity":3,"s:36:16:36:Infinity":7,"s:37:8:37:Infinity":8,"b:61:33:61:59:61:59:61:Infinity":0,"b:65:20:65:Infinity:66:20:66:Infinity":1}}}
,"D:\\Brashline\\brashline-social-engine-88057\\src\\utils\\seo.ts": {"path":"D:\\Brashline\\brashline-social-engine-88057\\src\\utils\\seo.ts","statementMap":{"0":{"start":{"line":17,"column":26},"end":{"line":50,"column":null}},"1":{"start":{"line":64,"column":26},"end":{"line":164,"column":null}},"2":{"start":{"line":65,"column":18},"end":{"line":65,"column":36}},"3":{"start":{"line":67,"column":41},"end":{"line":154,"column":null}},"4":{"start":{"line":156,"column":2},"end":{"line":162,"column":null}},"5":{"start":{"line":169,"column":27},"end":{"line":175,"column":null}},"6":{"start":{"line":170,"column":2},"end":{"line":170,"column":null}},"7":{"start":{"line":170,"column":18},"end":{"line":170,"column":null}},"8":{"start":{"line":172,"column":2},"end":{"line":174,"column":null}},"9":{"start":{"line":180,"column":43},"end":{"line":234,"column":null}},"10":{"start":{"line":181,"column":40},"end":{"line":181,"column":null}},"11":{"start":{"line":183,"column":2},"end":{"line":233,"column":null}},"12":{"start":{"line":239,"column":42},"end":{"line":258,"column":null}},"13":{"start":{"line":240,"column":40},"end":{"line":240,"column":null}},"14":{"start":{"line":242,"column":2},"end":{"line":257,"column":null}},"15":{"start":{"line":263,"column":42},"end":{"line":305,"column":null}},"16":{"start":{"line":269,"column":32},"end":{"line":269,"column":null}},"17":{"start":{"line":271,"column":2},"end":{"line":304,"column":null}},"18":{"start":{"line":276,"column":49},"end":{"line":303,"column":null}},"19":{"start":{"line":310,"column":42},"end":{"line":330,"column":null}},"20":{"start":{"line":313,"column":22},"end":{"line":313,"column":null}},"21":{"start":{"line":314,"column":2},"end":{"line":329,"column":null}},"22":{"start":{"line":317,"column":44},"end":{"line":328,"column":null}},"23":{"start":{"line":335,"column":27},"end":{"line":348,"column":null}},"24":{"start":{"line":336,"column":2},"end":{"line":347,"column":null}},"25":{"start":{"line":337,"column":4},"end":{"line":337,"column":null}},"26":{"start":{"line":338,"column":4},"end":{"line":338,"column":null}},"27":{"start":{"line":339,"column":4},"end":{"line":339,"column":null}},"28":{"start":{"line":340,"column":4},"end":{"line":340,"column":null}},"29":{"start":{"line":341,"column":4},"end":{"line":341,"column":null}},"30":{"start":{"line":342,"column":4},"end":{"line":342,"column":null}},"31":{"start":{"line":343,"column":4},"end":{"line":343,"column":null}},"32":{"start":{"line":344,"column":4},"end":{"line":344,"column":null}},"33":{"start":{"line":345,"column":4},"end":{"line":345,"column":null}},"34":{"start":{"line":346,"column":4},"end":{"line":346,"column":null}}},"fnMap":{"0":{"name":"(anonymous_0)","decl":{"start":{"line":64,"column":26},"end":{"line":64,"column":27}},"loc":{"start":{"line":64,"column":27},"end":{"line":164,"column":null}},"line":64},"1":{"name":"(anonymous_1)","decl":{"start":{"line":169,"column":27},"end":{"line":169,"column":28}},"loc":{"start":{"line":169,"column":28},"end":{"line":175,"column":null}},"line":169},"2":{"name":"(anonymous_2)","decl":{"start":{"line":180,"column":43},"end":{"line":180,"column":null}},"loc":{"start":{"line":180,"column":43},"end":{"line":234,"column":null}},"line":180},"3":{"name":"(anonymous_3)","decl":{"start":{"line":239,"column":42},"end":{"line":239,"column":null}},"loc":{"start":{"line":239,"column":42},"end":{"line":258,"column":null}},"line":239},"4":{"name":"(anonymous_4)","decl":{"start":{"line":263,"column":42},"end":{"line":263,"column":43}},"loc":{"start":{"line":263,"column":43},"end":{"line":305,"column":null}},"line":263},"5":{"name":"(anonymous_5)","decl":{"start":{"line":276,"column":34},"end":{"line":276,"column":35}},"loc":{"start":{"line":276,"column":49},"end":{"line":303,"column":null}},"line":276},"6":{"name":"(anonymous_6)","decl":{"start":{"line":310,"column":42},"end":{"line":310,"column":null}},"loc":{"start":{"line":311,"column":2},"end":{"line":330,"column":null}},"line":311},"7":{"name":"(anonymous_7)","decl":{"start":{"line":317,"column":31},"end":{"line":317,"column":32}},"loc":{"start":{"line":317,"column":44},"end":{"line":328,"column":null}},"line":317},"8":{"name":"(anonymous_8)","decl":{"start":{"line":335,"column":27},"end":{"line":335,"column":null}},"loc":{"start":{"line":335,"column":27},"end":{"line":348,"column":null}},"line":335}},"branchMap":{"0":{"loc":{"start":{"line":157,"column":4},"end":{"line":162,"column":null}},"type":"binary-expr","locations":[{"start":{"line":157,"column":4},"end":{"line":157,"column":15}},{"start":{"line":157,"column":19},"end":{"line":162,"column":null}}],"line":157},"1":{"loc":{"start":{"line":170,"column":2},"end":{"line":170,"column":null}},"type":"if","locations":[{"start":{"line":170,"column":2},"end":{"line":170,"column":null}},{"start":{},"end":{}}],"line":170},"2":{"loc":{"start":{"line":172,"column":9},"end":{"line":174,"column":45}},"type":"cond-expr","locations":[{"start":{"line":173,"column":6},"end":{"line":173,"column":null}},{"start":{"line":174,"column":6},"end":{"line":174,"column":45}}],"line":172},"3":{"loc":{"start":{"line":336,"column":2},"end":{"line":347,"column":null}},"type":"if","locations":[{"start":{"line":336,"column":2},"end":{"line":347,"column":null}},{"start":{},"end":{}}],"line":336}},"s":{"0":2,"1":2,"2":0,"3":0,"4":0,"5":2,"6":0,"7":0,"8":0,"9":2,"10":0,"11":0,"12":2,"13":0,"14":0,"15":2,"16":0,"17":0,"18":0,"19":2,"20":0,"21":0,"22":0,"23":2,"24":0,"25":0,"26":0,"27":0,"28":0,"29":0,"30":0,"31":0,"32":0,"33":0,"34":0},"f":{"0":0,"1":0,"2":0,"3":0,"4":0,"5":0,"6":0,"7":0,"8":0},"b":{"0":[0,0],"1":[0,0],"2":[0,0],"3":[0,0]},"meta":{"lastBranch":4,"lastFunction":9,"lastStatement":35,"seen":{"s:17:26:50:Infinity":0,"s:64:26:164:Infinity":1,"f:64:26:64:27":0,"s:65:18:65:36":2,"s:67:41:154:Infinity":3,"s:156:2:162:Infinity":4,"b:157:4:157:15:157:19:162:Infinity":0,"s:169:27:175:Infinity":5,"f:169:27:169:28":1,"b:170:2:170:Infinity:undefined:undefined:undefined:undefined":1,"s:170:2:170:Infinity":6,"s:170:18:170:Infinity":7,"s:172:2:174:Infinity":8,"b:173:6:173:Infinity:174:6:174:45":2,"s:180:43:234:Infinity":9,"f:180:43:180:Infinity":2,"s:181:40:181:Infinity":10,"s:183:2:233:Infinity":11,"s:239:42:258:Infinity":12,"f:239:42:239:Infinity":3,"s:240:40:240:Infinity":13,"s:242:2:257:Infinity":14,"s:263:42:305:Infinity":15,"f:263:42:263:43":4,"s:269:32:269:Infinity":16,"s:271:2:304:Infinity":17,"f:276:34:276:35":5,"s:276:49:303:Infinity":18,"s:310:42:330:Infinity":19,"f:310:42:310:Infinity":6,"s:313:22:313:Infinity":20,"s:314:2:329:Infinity":21,"f:317:31:317:32":7,"s:317:44:328:Infinity":22,"s:335:27:348:Infinity":23,"f:335:27:335:Infinity":8,"b:336:2:347:Infinity:undefined:undefined:undefined:undefined":3,"s:336:2:347:Infinity":24,"s:337:4:337:Infinity":25,"s:338:4:338:Infinity":26,"s:339:4:339:Infinity":27,"s:340:4:340:Infinity":28,"s:341:4:341:Infinity":29,"s:342:4:342:Infinity":30,"s:343:4:343:Infinity":31,"s:344:4:344:Infinity":32,"s:345:4:345:Infinity":33,"s:346:4:346:Infinity":34}}}
}
